TN:
SF:/Users/weymouth/working/MaterialsCommons/workspace/src/github.com/materials-commons/materialscommons.org/backend/servers/mcapi/db/model/users.js
FN:7,getUsers
FN:13,getUser
FN:24,updateProjectFavorites
FN:38,(anonymous_7)
FN:38,(anonymous_8)
FN:39,(anonymous_9)
FN:39,(anonymous_10)
FN:42,(anonymous_11)
FN:42,(anonymous_12)
FN:50,updateUserSettings
FN:56,createPasswordResetRequest
FN:61,setUserPasswordResetFlag
FN:65,clearUserPasswordResetFlag
FN:69,getUserForPasswordResetFromUuid
FN:79,createUnverifiedAccount
FN:95,getUserRegistrationFromUuid
FN:109,get
FNF:17
FNH:3
FNDA:0,getUsers
FNDA:244,getUser
FNDA:0,updateProjectFavorites
FNDA:0,(anonymous_7)
FNDA:0,(anonymous_8)
FNDA:0,(anonymous_9)
FNDA:0,(anonymous_10)
FNDA:0,(anonymous_11)
FNDA:0,(anonymous_12)
FNDA:0,updateUserSettings
FNDA:0,createPasswordResetRequest
FNDA:2,setUserPasswordResetFlag
FNDA:1,clearUserPasswordResetFlag
FNDA:0,getUserForPasswordResetFromUuid
FNDA:0,createUnverifiedAccount
FNDA:0,getUserRegistrationFromUuid
FNDA:0,get
DA:1,1
DA:2,1
DA:3,1
DA:4,1
DA:7,1
DA:8,0
DA:13,1
DA:14,244
DA:15,0
DA:16,0
DA:17,0
DA:19,0
DA:21,244
DA:24,1
DA:25,0
DA:27,0
DA:28,0
DA:29,0
DA:32,0
DA:33,0
DA:38,0
DA:39,0
DA:42,0
DA:44,0
DA:45,0
DA:47,0
DA:50,1
DA:51,0
DA:52,0
DA:53,0
DA:56,1
DA:57,0
DA:58,0
DA:61,1
DA:62,2
DA:65,1
DA:66,1
DA:69,1
DA:70,0
DA:72,0
DA:73,0
DA:76,0
DA:79,1
DA:80,0
DA:82,0
DA:83,0
DA:84,0
DA:85,0
DA:87,0
DA:88,0
DA:89,0
DA:92,0
DA:95,1
DA:96,0
DA:97,0
DA:98,0
DA:101,0
DA:102,0
DA:103,0
DA:106,1
DA:110,0
LF:61
LH:19
BRDA:14,4,0,244
BRDA:14,4,1,0
BRDA:16,5,0,0
BRDA:16,5,1,0
BRDA:25,7,0,0
BRDA:25,7,1,0
BRDA:28,8,0,0
BRDA:28,8,1,0
BRDA:32,9,0,0
BRDA:32,9,1,0
BRDA:72,15,0,0
BRDA:72,15,1,0
BRDA:84,17,0,0
BRDA:84,17,1,0
BRDA:88,18,0,0
BRDA:88,18,1,0
BRDA:97,20,0,0
BRDA:97,20,1,0
BRF:18
BRH:1
end_of_record
TN:
SF:/Users/weymouth/working/MaterialsCommons/workspace/src/github.com/materials-commons/materialscommons.org/backend/servers/mcapi/db/r.js
FNF:0
FNH:0
DA:1,1
DA:7,1
DA:10,1
LF:3
LH:3
BRDA:2,1,0,1
BRDA:2,1,1,1
BRDA:3,2,0,1
BRDA:3,2,1,1
BRF:4
BRH:4
end_of_record
TN:
SF:/Users/weymouth/working/MaterialsCommons/workspace/src/github.com/materials-commons/materialscommons.org/backend/servers/mcapi/db/model/get-single.js
FN:1,getSingle
FN:5,(anonymous_2)
FN:13,(anonymous_3)
FNF:3
FNH:2
FNDA:1,getSingle
FNDA:0,(anonymous_2)
FNDA:1,(anonymous_3)
DA:1,1
DA:2,1
DA:3,1
DA:4,0
DA:6,0
DA:7,0
DA:9,0
DA:13,1
DA:14,1
LF:9
LH:5
BRDA:3,1,0,0
BRDA:3,1,1,1
BRDA:6,2,0,0
BRDA:6,2,1,0
BRF:4
BRH:1
end_of_record
TN:
SF:/Users/weymouth/working/MaterialsCommons/workspace/src/github.com/materials-commons/materialscommons.org/backend/servers/mcapi/db/model/model.js
FN:3,Project
FN:19,Access
FN:30,Sample
FN:42,Process
FN:54,Process2Setup
FN:59,Process2Measurement
FN:64,Process2Sample
FN:74,Process2Setupfile
FN:79,Process2File
FN:85,Setups
FN:92,SetupProperty
FN:102,Measurement
FN:110,(anonymous_13)
FN:119,(anonymous_14)
FN:123,Property
FN:132,PropertySet
FN:137,Property2Measurement
FN:142,Property2Process
FN:147,Project2Process
FN:152,Project2Sample
FN:157,Sample2PropertySet
FN:164,PropertySet2Property
FN:169,BestMeasureHistory
FN:176,Sample2Datafile
FN:181,Note
FN:191,Note2Item
FN:197,Tag2Item
FN:203,Directory
FN:215,Project2DataDir
FN:220,Sample2Sample
FN:225,Share
FN:235,User2Share
FN:240,User
FN:263,Experiment
FN:281,ExperimentTask
FN:306,Experiment2ExperimentTask
FN:311,Project2Experiment
FN:316,ExperimentNote
FN:325,Experiment2ExperimentNote
FN:330,Experiment2Process
FN:335,Experiment2DataFile
FN:340,Experiment2Sample
FN:345,Dataset
FN:369,Experiment2Dataset
FN:374,Dataset2Sample
FN:379,Dataset2Process
FN:384,Dataset2ExperimentNote
FN:389,Dataset2Datafile
FN:394,DataFile
FN:410,Project2DataFile
FN:415,DataDir2DataFile
FNF:51
FNH:36
FNDA:48,Project
FNDA:48,Access
FNDA:123,Sample
FNDA:91,Process
FNDA:91,Process2Setup
FNDA:19,Process2Measurement
FNDA:233,Process2Sample
FNDA:0,Process2Setupfile
FNDA:342,Process2File
FNDA:91,Setups
FNDA:432,SetupProperty
FNDA:19,Measurement
FNDA:0,(anonymous_13)
FNDA:0,(anonymous_14)
FNDA:17,Property
FNDA:91,PropertySet
FNDA:19,Property2Measurement
FNDA:0,Property2Process
FNDA:91,Project2Process
FNDA:123,Project2Sample
FNDA:161,Sample2PropertySet
FNDA:17,PropertySet2Property
FNDA:17,BestMeasureHistory
FNDA:0,Sample2Datafile
FNDA:0,Note
FNDA:0,Note2Item
FNDA:0,Tag2Item
FNDA:95,Directory
FNDA:95,Project2DataDir
FNDA:0,Sample2Sample
FNDA:0,Share
FNDA:0,User2Share
FNDA:0,User
FNDA:21,Experiment
FNDA:42,ExperimentTask
FNDA:21,Experiment2ExperimentTask
FNDA:21,Project2Experiment
FNDA:0,ExperimentNote
FNDA:0,Experiment2ExperimentNote
FNDA:91,Experiment2Process
FNDA:342,Experiment2DataFile
FNDA:72,Experiment2Sample
FNDA:28,Dataset
FNDA:28,Experiment2Dataset
FNDA:6,Dataset2Sample
FNDA:31,Dataset2Process
FNDA:0,Dataset2ExperimentNote
FNDA:18,Dataset2Datafile
FNDA:319,DataFile
FNDA:319,Project2DataFile
FNDA:319,DataDir2DataFile
DA:1,1
DA:3,1
DA:4,48
DA:5,48
DA:6,48
DA:7,48
DA:8,48
DA:9,48
DA:10,48
DA:11,48
DA:12,48
DA:13,48
DA:14,48
DA:15,48
DA:16,48
DA:19,1
DA:20,48
DA:21,48
DA:22,48
DA:23,48
DA:24,48
DA:25,48
DA:26,48
DA:27,48
DA:30,1
DA:31,123
DA:32,123
DA:33,123
DA:34,123
DA:35,123
DA:36,123
DA:37,123
DA:38,123
DA:39,123
DA:42,1
DA:43,91
DA:44,91
DA:45,91
DA:46,91
DA:47,91
DA:48,91
DA:49,91
DA:50,91
DA:51,91
DA:54,1
DA:55,91
DA:56,91
DA:59,1
DA:60,19
DA:61,19
DA:64,1
DA:65,233
DA:66,233
DA:67,233
DA:68,233
DA:69,233
DA:70,0
DA:74,1
DA:75,0
DA:76,0
DA:79,1
DA:80,342
DA:81,342
DA:82,342
DA:85,1
DA:86,91
DA:87,91
DA:88,91
DA:89,91
DA:92,1
DA:93,432
DA:94,432
DA:95,432
DA:96,432
DA:97,432
DA:98,432
DA:99,432
DA:102,1
DA:103,19
DA:104,19
DA:105,19
DA:106,19
DA:107,19
DA:110,1
DA:111,0
DA:112,0
DA:113,0
DA:114,0
DA:115,0
DA:116,0
DA:119,1
DA:120,0
DA:123,1
DA:124,17
DA:125,17
DA:126,17
DA:127,17
DA:128,17
DA:129,17
DA:132,1
DA:133,91
DA:134,91
DA:137,1
DA:138,19
DA:139,19
DA:142,1
DA:143,0
DA:144,0
DA:147,1
DA:148,91
DA:149,91
DA:152,1
DA:153,123
DA:154,123
DA:157,1
DA:158,161
DA:159,161
DA:160,161
DA:161,161
DA:164,1
DA:165,17
DA:166,17
DA:169,1
DA:170,17
DA:171,17
DA:172,17
DA:173,17
DA:176,1
DA:177,0
DA:178,0
DA:181,1
DA:182,0
DA:183,0
DA:184,0
DA:185,0
DA:186,0
DA:187,0
DA:188,0
DA:191,1
DA:192,0
DA:193,0
DA:194,0
DA:197,1
DA:198,0
DA:199,0
DA:200,0
DA:203,1
DA:204,95
DA:205,95
DA:206,95
DA:207,95
DA:208,95
DA:209,95
DA:210,95
DA:211,95
DA:212,95
DA:215,1
DA:216,95
DA:217,95
DA:220,1
DA:221,0
DA:222,0
DA:225,1
DA:226,0
DA:227,0
DA:228,0
DA:229,0
DA:230,0
DA:231,0
DA:232,0
DA:235,1
DA:236,0
DA:237,0
DA:240,1
DA:241,0
DA:242,0
DA:243,0
DA:244,0
DA:245,0
DA:246,0
DA:247,0
DA:248,0
DA:249,0
DA:250,0
DA:251,0
DA:252,0
DA:253,0
DA:254,0
DA:255,0
DA:256,0
DA:260,0
DA:263,1
DA:264,21
DA:265,21
DA:266,21
DA:267,21
DA:268,21
DA:269,21
DA:270,21
DA:271,21
DA:272,21
DA:273,21
DA:274,21
DA:275,21
DA:276,21
DA:277,21
DA:278,21
DA:281,1
DA:282,42
DA:283,42
DA:284,42
DA:285,42
DA:286,42
DA:287,42
DA:288,42
DA:292,42
DA:293,42
DA:299,42
DA:300,42
DA:301,42
DA:302,42
DA:303,42
DA:306,1
DA:307,21
DA:308,21
DA:311,1
DA:312,21
DA:313,21
DA:316,1
DA:317,0
DA:318,0
DA:319,0
DA:320,0
DA:321,0
DA:322,0
DA:325,1
DA:326,0
DA:327,0
DA:330,1
DA:331,91
DA:332,91
DA:335,1
DA:336,342
DA:337,342
DA:340,1
DA:341,72
DA:342,72
DA:345,1
DA:346,28
DA:347,28
DA:348,28
DA:349,28
DA:350,28
DA:351,28
DA:352,28
DA:353,28
DA:354,28
DA:355,28
DA:356,28
DA:357,28
DA:358,28
DA:359,28
DA:360,28
DA:361,28
DA:362,28
DA:366,28
DA:369,1
DA:370,28
DA:371,28
DA:374,1
DA:375,6
DA:376,6
DA:379,1
DA:380,31
DA:381,31
DA:384,1
DA:385,0
DA:386,0
DA:389,1
DA:390,18
DA:391,18
DA:394,1
DA:395,319
DA:396,319
DA:397,319
DA:398,319
DA:399,319
DA:400,319
DA:401,319
DA:402,319
DA:403,319
DA:404,319
DA:405,319
DA:406,319
DA:407,319
DA:410,1
DA:411,319
DA:412,319
DA:415,1
DA:416,319
DA:417,319
DA:420,1
LF:302
LH:237
BRDA:46,1,0,57
BRDA:46,1,1,34
BRDA:69,2,0,0
BRDA:69,2,1,233
BRDA:115,3,0,0
BRDA:115,3,1,0
BRDA:116,4,0,0
BRDA:116,4,1,0
BRDA:133,5,0,91
BRDA:133,5,1,0
BRDA:134,6,0,38
BRDA:134,6,1,53
BRF:12
BRH:6
end_of_record
TN:
SF:/Users/weymouth/working/MaterialsCommons/workspace/src/github.com/materials-commons/materialscommons.org/backend/servers/mcapi/db/model/projects.js
FN:8,createProject
FN:34,getProject
FN:35,(anonymous_6)
FN:41,(anonymous_7)
FN:75,all
FN:82,forUser
FN:84,(anonymous_11)
FN:94,(anonymous_12)
FN:108,transformDates
FN:109,(anonymous_14)
FN:120,addComputed
FN:121,(anonymous_16)
FN:125,(anonymous_17)
FN:150,update
FN:181,(anonymous_20)
FN:181,(anonymous_21)
FN:182,(anonymous_22)
FN:182,(anonymous_23)
FN:183,(anonymous_24)
FN:183,(anonymous_25)
FN:189,(anonymous_26)
FN:189,(anonymous_27)
FN:193,(anonymous_28)
FN:193,(anonymous_29)
FN:209,renameTopDirectory
FN:215,differenceByField
FN:216,(anonymous_33)
FN:220,(anonymous_34)
FN:226,(anonymous_35)
FN:227,(anonymous_36)
FN:233,addFileToProject
FN:242,get
FNF:32
FNH:16
FNDA:62,createProject
FNDA:64,getProject
FNDA:64,(anonymous_6)
FNDA:64,(anonymous_7)
FNDA:1,all
FNDA:3,forUser
FNDA:3,(anonymous_11)
FNDA:3,(anonymous_12)
FNDA:6,transformDates
FNDA:6,(anonymous_14)
FNDA:6,addComputed
FNDA:6,(anonymous_16)
FNDA:6,(anonymous_17)
FNDA:19,update
FNDA:0,(anonymous_20)
FNDA:0,(anonymous_21)
FNDA:0,(anonymous_22)
FNDA:0,(anonymous_23)
FNDA:0,(anonymous_24)
FNDA:0,(anonymous_25)
FNDA:0,(anonymous_26)
FNDA:0,(anonymous_27)
FNDA:0,(anonymous_28)
FNDA:0,(anonymous_29)
FNDA:19,renameTopDirectory
FNDA:0,differenceByField
FNDA:0,(anonymous_33)
FNDA:0,(anonymous_34)
FNDA:0,(anonymous_35)
FNDA:0,(anonymous_36)
FNDA:319,addFileToProject
FNDA:0,get
DA:1,1
DA:2,1
DA:3,1
DA:4,1
DA:5,1
DA:6,1
DA:8,62
DA:11,62
DA:13,62
DA:14,14
DA:18,48
DA:22,48
DA:26,48
DA:29,48
DA:31,48
DA:34,64
DA:35,64
DA:36,64
DA:42,64
DA:68,64
DA:75,1
DA:76,1
DA:77,1
DA:82,3
DA:85,3
DA:89,3
DA:90,3
DA:94,3
DA:98,3
DA:99,3
DA:101,3
DA:102,3
DA:103,3
DA:108,1
DA:109,6
DA:110,6
DA:115,6
DA:120,1
DA:121,6
DA:122,6
DA:126,6
DA:146,6
DA:150,19
DA:154,19
DA:155,19
DA:156,19
DA:157,19
DA:160,19
DA:161,19
DA:164,19
DA:165,0
DA:168,19
DA:169,0
DA:172,19
DA:173,0
DA:176,19
DA:177,19
DA:180,19
DA:181,0
DA:182,0
DA:183,0
DA:184,0
DA:185,0
DA:186,0
DA:189,0
DA:193,0
DA:197,0
DA:202,19
DA:203,19
DA:206,19
DA:209,19
DA:210,19
DA:212,19
DA:215,1
DA:216,0
DA:217,0
DA:220,0
DA:221,0
DA:224,0
DA:226,0
DA:227,0
DA:228,0
DA:233,319
DA:235,319
DA:238,1
DA:243,0
LF:86
LH:65
BRDA:13,4,0,48
BRDA:13,4,1,14
BRDA:16,5,0,48
BRDA:16,5,1,0
BRDA:154,9,0,0
BRDA:154,9,1,19
BRDA:160,10,0,19
BRDA:160,10,1,0
BRDA:164,11,0,0
BRDA:164,11,1,19
BRDA:168,12,0,0
BRDA:168,12,1,19
BRDA:172,13,0,0
BRDA:172,13,1,19
BRDA:176,14,0,0
BRDA:176,14,1,19
BRDA:176,15,0,19
BRDA:176,15,1,0
BRDA:176,15,2,0
BRDA:176,15,3,0
BRDA:176,15,4,0
BRDA:180,16,0,19
BRDA:180,16,1,0
BRDA:185,17,0,0
BRDA:185,17,1,0
BRDA:202,18,0,0
BRDA:202,18,1,19
BRF:27
BRH:12
end_of_record
TN:
SF:/Users/weymouth/working/MaterialsCommons/workspace/src/github.com/materials-commons/materialscommons.org/backend/servers/mcapi/db/model/run.js
FN:1,(anonymous_1)
FNF:1
FNH:1
FNDA:2111,(anonymous_1)
DA:1,1
DA:2,2111
DA:5,2111
LF:3
LH:3
BRF:0
BRH:0
end_of_record
TN:
SF:/Users/weymouth/working/MaterialsCommons/workspace/src/github.com/materials-commons/materialscommons.org/backend/servers/mcapi/db/model/directory-rename.js
FN:3,renameDirectory
FNF:1
FNH:1
FNDA:21,renameDirectory
DA:1,1
DA:3,24
DA:4,21
DA:7,21
DA:13,45
DA:14,24
DA:15,24
DA:16,24
DA:17,17
DA:19,24
DA:22,21
DA:23,26
DA:25,26
DA:28,21
DA:31,1
LF:15
LH:15
BRDA:13,4,0,21
BRDA:13,4,1,24
BRF:2
BRH:2
end_of_record
TN:
SF:/Users/weymouth/working/MaterialsCommons/workspace/src/github.com/materials-commons/materialscommons.org/backend/servers/mcapi/db/model/experiment-datasets-doi.js
FN:15,doiServerStatusIsOK
FN:27,doiMint
FN:85,doiGetMetadata
FN:115,doiGetServerLink
FN:121,doiUrlLink
FN:125,parseNameValueList
FNF:6
FNH:0
FNDA:0,doiServerStatusIsOK
FNDA:0,doiMint
FNDA:0,doiGetMetadata
FNDA:0,doiGetServerLink
FNDA:0,doiUrlLink
FNDA:0,parseNameValueList
DA:1,1
DA:2,1
DA:4,1
DA:6,1
DA:7,1
DA:8,1
DA:10,1
DA:11,1
DA:12,1
DA:15,1
DA:22,0
DA:23,0
DA:27,1
DA:33,0
DA:34,0
DA:48,0
DA:49,0
DA:66,0
DA:68,0
DA:70,0
DA:75,0
DA:76,0
DA:77,0
DA:82,0
DA:85,1
DA:86,0
DA:99,0
DA:101,0
DA:107,0
DA:108,0
DA:111,0
DA:115,1
DA:116,0
DA:118,0
DA:121,1
DA:122,0
DA:125,1
DA:126,0
DA:127,0
DA:128,0
DA:129,0
DA:130,0
DA:131,0
DA:132,0
DA:133,0
DA:136,0
DA:139,1
LF:47
LH:16
BRDA:6,3,0,1
BRDA:6,3,1,0
BRDA:7,4,0,1
BRDA:7,4,1,0
BRDA:23,6,0,0
BRDA:23,6,1,0
BRDA:33,8,0,0
BRDA:33,8,1,0
BRDA:33,9,0,0
BRDA:33,9,1,0
BRDA:48,10,0,0
BRDA:48,10,1,0
BRDA:76,11,0,0
BRDA:76,11,1,0
BRDA:107,13,0,0
BRDA:107,13,1,0
BRDA:131,15,0,0
BRDA:131,15,1,0
BRF:18
BRH:2
end_of_record
TN:
SF:/Users/weymouth/working/MaterialsCommons/workspace/src/github.com/materials-commons/materialscommons.org/backend/servers/mcapi/db/model/experiment-datasets.js
FN:16,getDatasetsForExperiment
FN:19,(anonymous_4)
FN:30,getDataset
FN:36,createDatasetForExperiment
FN:45,deleteDataset
FN:55,addSampleToDataset
FN:62,addProcessesForSampleToDataset
FN:65,(anonymous_15)
FN:72,removeExistingProcessEntries
FN:74,(anonymous_18)
FN:77,(anonymous_19)
FN:82,updateSamplesInDataset
FN:84,(anonymous_22)
FN:88,(anonymous_23)
FN:90,(anonymous_24)
FN:96,(anonymous_25)
FN:103,getSamplesForDataset
FN:109,uniqByKey
FN:111,(anonymous_29)
FN:114,addProcessesForSamplesToDataset
FN:117,(anonymous_32)
FN:125,addFilesForProcessesAndSamples
FN:128,(anonymous_35)
FN:134,removeExistingSampleEntriesInDataset
FN:136,(anonymous_38)
FN:139,(anonymous_39)
FN:145,updateFilesInDataset
FN:147,(anonymous_42)
FN:148,(anonymous_43)
FN:157,(anonymous_44)
FN:164,updateProcessesInDataset
FN:166,(anonymous_47)
FN:167,(anonymous_48)
FN:176,(anonymous_49)
FN:183,updateDataset
FN:188,publishDataset
FN:203,publishDatasetKeywords
FN:206,(anonymous_56)
FN:210,(anonymous_57)
FN:214,(anonymous_58)
FN:217,(anonymous_59)
FN:226,publishDatasetProcesses
FN:228,(anonymous_62)
FN:230,(anonymous_63)
FN:235,(anonymous_64)
FN:236,(anonymous_65)
FN:246,publishSetupForProcesses
FN:247,(anonymous_68)
FN:249,(anonymous_69)
FN:255,(anonymous_70)
FN:260,(anonymous_71)
FN:263,(anonymous_72)
FN:272,(anonymous_73)
FN:285,publishDatasetSamples
FN:288,(anonymous_76)
FN:290,(anonymous_77)
FN:295,(anonymous_78)
FN:299,(anonymous_79)
FN:300,(anonymous_80)
FN:302,(anonymous_81)
FN:306,(anonymous_82)
FN:319,addSamplesToDataset
FN:328,(anonymous_85)
FN:332,publishDatasetFiles
FN:338,(anonymous_88)
FN:340,(anonymous_89)
FN:345,(anonymous_90)
FN:349,(anonymous_91)
FN:350,(anonymous_92)
FN:352,(anonymous_93)
FN:356,(anonymous_94)
FN:369,addFilesToDataset
FN:372,(anonymous_97)
FN:376,(anonymous_98)
FN:380,publishDatasetZipFile
FN:392,(anonymous_101)
FN:395,(anonymous_102)
FN:399,(anonymous_103)
FN:412,(anonymous_104)
FN:428,resolveZipfileFilenameDuplicates
FN:452,resolveZipfileFilenameUnique
FN:457,unpublishDataset
FN:466,unpublishDatasetProcesses
FN:468,(anonymous_111)
FN:470,(anonymous_112)
FN:478,unpublishDatasetSamples
FN:480,(anonymous_115)
FN:486,unpublishDatasetFiles
FN:488,(anonymous_118)
FN:494,unpublishDatasetTags
FN:497,(anonymous_121)
FNF:91
FNH:57
FNDA:48,getDatasetsForExperiment
FNDA:48,(anonymous_4)
FNDA:63,getDataset
FNDA:28,createDatasetForExperiment
FNDA:10,deleteDataset
FNDA:0,addSampleToDataset
FNDA:0,addProcessesForSampleToDataset
FNDA:0,(anonymous_15)
FNDA:0,removeExistingProcessEntries
FNDA:0,(anonymous_18)
FNDA:0,(anonymous_19)
FNDA:0,updateSamplesInDataset
FNDA:0,(anonymous_22)
FNDA:0,(anonymous_23)
FNDA:0,(anonymous_24)
FNDA:0,(anonymous_25)
FNDA:0,getSamplesForDataset
FNDA:0,uniqByKey
FNDA:0,(anonymous_29)
FNDA:0,addProcessesForSamplesToDataset
FNDA:0,(anonymous_32)
FNDA:3,addFilesForProcessesAndSamples
FNDA:9,(anonymous_35)
FNDA:0,removeExistingSampleEntriesInDataset
FNDA:0,(anonymous_38)
FNDA:0,(anonymous_39)
FNDA:3,updateFilesInDataset
FNDA:9,(anonymous_42)
FNDA:9,(anonymous_43)
FNDA:0,(anonymous_44)
FNDA:28,updateProcessesInDataset
FNDA:28,(anonymous_47)
FNDA:28,(anonymous_48)
FNDA:0,(anonymous_49)
FNDA:0,updateDataset
FNDA:3,publishDataset
FNDA:3,publishDatasetKeywords
FNDA:0,(anonymous_56)
FNDA:0,(anonymous_57)
FNDA:0,(anonymous_58)
FNDA:0,(anonymous_59)
FNDA:3,publishDatasetProcesses
FNDA:3,(anonymous_62)
FNDA:3,(anonymous_63)
FNDA:3,(anonymous_64)
FNDA:3,(anonymous_65)
FNDA:3,publishSetupForProcesses
FNDA:3,(anonymous_68)
FNDA:3,(anonymous_69)
FNDA:3,(anonymous_70)
FNDA:3,(anonymous_71)
FNDA:12,(anonymous_72)
FNDA:3,(anonymous_73)
FNDA:3,publishDatasetSamples
FNDA:3,(anonymous_76)
FNDA:3,(anonymous_77)
FNDA:3,(anonymous_78)
FNDA:3,(anonymous_79)
FNDA:3,(anonymous_80)
FNDA:9,(anonymous_81)
FNDA:9,(anonymous_82)
FNDA:3,addSamplesToDataset
FNDA:3,(anonymous_85)
FNDA:3,publishDatasetFiles
FNDA:9,(anonymous_88)
FNDA:9,(anonymous_89)
FNDA:9,(anonymous_90)
FNDA:9,(anonymous_91)
FNDA:9,(anonymous_92)
FNDA:12,(anonymous_93)
FNDA:12,(anonymous_94)
FNDA:3,addFilesToDataset
FNDA:3,(anonymous_97)
FNDA:3,(anonymous_98)
FNDA:0,publishDatasetZipFile
FNDA:0,(anonymous_101)
FNDA:0,(anonymous_102)
FNDA:0,(anonymous_103)
FNDA:0,(anonymous_104)
FNDA:0,resolveZipfileFilenameDuplicates
FNDA:0,resolveZipfileFilenameUnique
FNDA:1,unpublishDataset
FNDA:1,unpublishDatasetProcesses
FNDA:1,(anonymous_111)
FNDA:1,(anonymous_112)
FNDA:1,unpublishDatasetSamples
FNDA:1,(anonymous_115)
FNDA:1,unpublishDatasetFiles
FNDA:3,(anonymous_118)
FNDA:1,unpublishDatasetTags
FNDA:0,(anonymous_121)
DA:1,1
DA:2,1
DA:3,1
DA:4,1
DA:5,1
DA:7,1
DA:8,1
DA:9,1
DA:10,1
DA:11,1
DA:12,1
DA:13,1
DA:14,1
DA:16,48
DA:20,48
DA:26,48
DA:27,48
DA:30,63
DA:32,63
DA:33,63
DA:36,28
DA:38,28
DA:39,28
DA:41,28
DA:42,28
DA:45,1
DA:46,10
DA:47,10
DA:48,10
DA:49,10
DA:50,10
DA:51,10
DA:52,10
DA:55,1
DA:57,0
DA:58,0
DA:59,0
DA:62,1
DA:63,0
DA:65,0
DA:66,0
DA:67,0
DA:68,0
DA:72,1
DA:73,0
DA:74,0
DA:75,0
DA:77,0
DA:79,0
DA:82,1
DA:83,0
DA:84,0
DA:85,0
DA:86,0
DA:87,0
DA:88,0
DA:89,0
DA:90,0
DA:91,0
DA:95,0
DA:96,0
DA:97,0
DA:100,0
DA:103,1
DA:104,0
DA:106,0
DA:109,1
DA:110,0
DA:111,0
DA:114,1
DA:115,0
DA:117,0
DA:118,0
DA:119,0
DA:120,0
DA:122,0
DA:125,3
DA:126,3
DA:127,3
DA:128,9
DA:129,3
DA:130,3
DA:134,1
DA:135,0
DA:136,0
DA:137,0
DA:139,0
DA:142,0
DA:145,3
DA:146,3
DA:147,9
DA:148,9
DA:149,3
DA:150,3
DA:151,3
DA:152,3
DA:156,3
DA:157,0
DA:158,0
DA:161,3
DA:164,28
DA:165,28
DA:166,28
DA:167,28
DA:168,28
DA:169,28
DA:170,28
DA:171,28
DA:175,28
DA:176,0
DA:177,0
DA:180,28
DA:183,1
DA:184,0
DA:185,0
DA:188,1
DA:189,3
DA:190,3
DA:191,3
DA:192,3
DA:194,3
DA:195,3
DA:203,3
DA:204,3
DA:207,0
DA:209,3
DA:210,3
DA:211,0
DA:213,3
DA:215,0
DA:218,0
DA:220,3
DA:221,3
DA:222,0
DA:226,3
DA:227,3
DA:228,3
DA:229,3
DA:230,3
DA:231,3
DA:232,3
DA:234,3
DA:235,3
DA:236,3
DA:237,3
DA:238,3
DA:246,3
DA:247,3
DA:248,3
DA:249,3
DA:250,3
DA:251,3
DA:255,3
DA:256,3
DA:257,3
DA:259,3
DA:260,3
DA:263,3
DA:264,12
DA:265,12
DA:267,3
DA:272,3
DA:273,3
DA:274,3
DA:275,3
DA:276,3
DA:277,3
DA:279,0
DA:282,3
DA:285,3
DA:286,3
DA:287,3
DA:288,3
DA:289,3
DA:290,3
DA:291,3
DA:292,3
DA:294,3
DA:295,3
DA:296,3
DA:299,3
DA:300,3
DA:301,3
DA:302,9
DA:303,3
DA:306,3
DA:307,9
DA:308,9
DA:309,9
DA:310,3
DA:311,3
DA:313,6
DA:316,3
DA:319,3
DA:320,3
DA:326,3
DA:328,3
DA:329,3
DA:332,3
DA:333,3
DA:334,3
DA:335,3
DA:338,9
DA:339,3
DA:340,3
DA:341,9
DA:342,9
DA:344,3
DA:345,9
DA:346,3
DA:349,9
DA:350,9
DA:351,3
DA:352,12
DA:353,3
DA:356,3
DA:357,12
DA:358,12
DA:359,12
DA:360,9
DA:361,9
DA:363,3
DA:366,3
DA:369,3
DA:370,3
DA:372,3
DA:374,3
DA:376,3
DA:377,3
DA:380,1
DA:381,0
DA:386,0
DA:388,0
DA:389,0
DA:392,0
DA:393,0
DA:395,0
DA:396,0
DA:397,0
DA:399,0
DA:400,0
DA:401,0
DA:402,0
DA:406,0
DA:408,0
DA:410,0
DA:412,0
DA:413,0
DA:414,0
DA:415,0
DA:416,0
DA:417,0
DA:418,0
DA:419,0
DA:423,0
DA:428,1
DA:429,0
DA:431,0
DA:432,0
DA:435,0
DA:436,0
DA:437,0
DA:438,0
DA:440,0
DA:441,0
DA:443,0
DA:445,0
DA:448,0
DA:449,0
DA:452,1
DA:453,0
DA:454,0
DA:457,1
DA:458,1
DA:459,1
DA:460,1
DA:461,1
DA:462,1
DA:463,1
DA:466,1
DA:467,1
DA:468,1
DA:469,1
DA:470,1
DA:471,1
DA:472,1
DA:473,1
DA:474,1
DA:475,1
DA:478,1
DA:479,1
DA:480,1
DA:481,1
DA:482,1
DA:483,1
DA:486,1
DA:487,1
DA:488,3
DA:489,1
DA:490,1
DA:491,1
DA:494,1
DA:495,1
DA:496,1
DA:497,1
DA:500,1
DA:501,0
DA:502,0
DA:503,0
DA:508,1
LF:310
LH:214
BRDA:67,9,0,0
BRDA:67,9,1,0
BRDA:73,11,0,0
BRDA:73,11,1,0
BRDA:83,13,0,0
BRDA:83,13,1,0
BRDA:86,14,0,0
BRDA:86,14,1,0
BRDA:95,15,0,0
BRDA:95,15,1,0
BRDA:119,18,0,0
BRDA:119,18,1,0
BRDA:129,20,0,0
BRDA:129,20,1,3
BRDA:135,22,0,0
BRDA:135,22,1,0
BRDA:146,24,0,0
BRDA:146,24,1,3
BRDA:151,25,0,0
BRDA:151,25,1,3
BRDA:156,26,0,3
BRDA:156,26,1,0
BRDA:165,28,0,0
BRDA:165,28,1,28
BRDA:170,29,0,0
BRDA:170,29,1,28
BRDA:175,30,0,28
BRDA:175,30,1,0
BRDA:221,34,0,3
BRDA:221,34,1,0
BRDA:275,37,0,3
BRDA:275,37,1,0
BRDA:275,38,0,3
BRDA:275,38,1,3
BRDA:309,40,0,3
BRDA:309,40,1,6
BRDA:309,41,0,9
BRDA:309,41,1,3
BRDA:335,44,0,3
BRDA:335,44,1,0
BRDA:359,45,0,9
BRDA:359,45,1,3
BRDA:359,46,0,12
BRDA:359,46,1,9
BRDA:389,49,0,0
BRDA:389,49,1,0
BRDA:418,50,0,0
BRDA:418,50,1,0
BRDA:431,51,0,0
BRDA:431,51,1,0
BRDA:435,52,0,0
BRDA:435,52,1,0
BRDA:437,53,0,0
BRDA:437,53,1,0
BRDA:500,59,0,1
BRDA:500,59,1,0
BRDA:502,60,0,0
BRDA:502,60,1,0
BRF:58
BRH:21
end_of_record
TN:
SF:/Users/weymouth/working/MaterialsCommons/workspace/src/github.com/materials-commons/materialscommons.org/backend/servers/mcapi/db/model/db.js
FN:4,update
FN:10,updateAll
FN:16,(anonymous_6)
FN:22,insert
FN:34,(anonymous_9)
FNF:5
FNH:2
FNDA:2,update
FNDA:0,updateAll
FNDA:0,(anonymous_6)
FNDA:2012,insert
FNDA:0,(anonymous_9)
DA:1,1
DA:2,1
DA:4,2
DA:6,2
DA:7,2
DA:10,1
DA:12,0
DA:13,0
DA:15,0
DA:16,0
DA:17,0
DA:19,0
DA:22,2012
DA:24,2012
DA:25,0
DA:28,2012
DA:29,2012
DA:31,2012
DA:34,0
DA:35,0
DA:37,0
DA:41,1
LF:22
LH:12
BRDA:12,5,0,0
BRDA:12,5,1,0
BRDA:12,6,0,0
BRDA:12,6,1,0
BRDA:23,8,0,0
BRDA:23,8,1,2012
BRDA:24,9,0,2012
BRDA:24,9,1,0
BRDA:24,10,0,2012
BRDA:24,10,1,0
BRDA:25,11,0,0
BRDA:25,11,1,0
BRDA:29,12,0,0
BRDA:29,12,1,2012
BRDA:31,13,0,0
BRDA:31,13,1,2012
BRF:16
BRH:5
end_of_record
TN:
SF:/Users/weymouth/working/MaterialsCommons/workspace/src/github.com/materials-commons/materialscommons.org/backend/servers/lib/common-queries.js
FN:1,sampleDetailsRql
FN:2,(anonymous_2)
FN:15,(anonymous_3)
FN:29,fileDetailsRql
FN:30,(anonymous_5)
FN:42,datasetDetailsRql
FN:43,(anonymous_7)
FN:51,processDetailsSimpleRql
FN:52,(anonymous_9)
FN:56,(anonymous_10)
FN:66,(anonymous_11)
FN:72,(anonymous_12)
FN:86,(anonymous_13)
FN:92,(anonymous_14)
FN:109,processDetailsRql
FN:110,(anonymous_16)
FN:114,(anonymous_17)
FN:125,(anonymous_18)
FN:131,(anonymous_19)
FN:150,(anonymous_20)
FN:156,(anonymous_21)
FN:175,(anonymous_22)
FNF:22
FNH:17
FNDA:0,sampleDetailsRql
FNDA:0,(anonymous_2)
FNDA:0,(anonymous_3)
FNDA:0,fileDetailsRql
FNDA:0,(anonymous_5)
FNDA:63,datasetDetailsRql
FNDA:63,(anonymous_7)
FNDA:430,processDetailsSimpleRql
FNDA:430,(anonymous_9)
FNDA:430,(anonymous_10)
FNDA:430,(anonymous_11)
FNDA:430,(anonymous_12)
FNDA:430,(anonymous_13)
FNDA:430,(anonymous_14)
FNDA:777,processDetailsRql
FNDA:777,(anonymous_16)
FNDA:777,(anonymous_17)
FNDA:777,(anonymous_18)
FNDA:777,(anonymous_19)
FNDA:777,(anonymous_20)
FNDA:777,(anonymous_21)
FNDA:777,(anonymous_22)
DA:1,1
DA:2,0
DA:3,0
DA:16,0
DA:29,1
DA:30,0
DA:31,0
DA:42,1
DA:43,63
DA:44,63
DA:51,1
DA:52,430
DA:53,430
DA:57,430
DA:67,430
DA:73,430
DA:87,430
DA:93,430
DA:109,1
DA:110,777
DA:111,777
DA:115,777
DA:126,777
DA:132,777
DA:151,777
DA:157,777
DA:176,777
DA:194,1
LF:28
LH:23
BRF:0
BRH:0
end_of_record
TN:
SF:/Users/weymouth/working/MaterialsCommons/workspace/src/github.com/materials-commons/materialscommons.org/backend/servers/mcapi/db/model/util.js
FN:3,removeExistingItemsIn
FN:6,(anonymous_2)
FNF:2
FNH:2
FNDA:31,removeExistingItemsIn
FNDA:37,(anonymous_2)
DA:1,1
DA:3,1
DA:4,31
DA:5,31
DA:6,37
DA:8,0
LF:6
LH:5
BRDA:4,1,0,31
BRDA:4,1,1,0
BRF:2
BRH:1
end_of_record
TN:
SF:/Users/weymouth/working/MaterialsCommons/workspace/src/github.com/materials-commons/materialscommons.org/backend/servers/lib/zipFileUtils.js
FN:7,(anonymous_1)
FN:18,(anonymous_2)
FN:22,(anonymous_3)
FN:28,(anonymous_4)
FN:35,(anonymous_5)
FN:50,(anonymous_6)
FN:66,(anonymous_7)
FN:71,cleanUpZipfileName
FNF:8
FNH:0
FNDA:0,(anonymous_1)
FNDA:0,(anonymous_2)
FNDA:0,(anonymous_3)
FNDA:0,(anonymous_4)
FNDA:0,(anonymous_5)
FNDA:0,(anonymous_6)
FNDA:0,(anonymous_7)
FNDA:0,cleanUpZipfileName
DA:2,1
DA:4,1
DA:5,1
DA:7,1
DA:8,0
DA:9,0
DA:10,0
DA:12,0
DA:13,0
DA:15,0
DA:18,1
DA:19,0
DA:22,1
DA:23,0
DA:24,0
DA:25,0
DA:28,1
DA:29,0
DA:30,0
DA:31,0
DA:32,0
DA:35,1
DA:36,0
DA:37,0
DA:38,0
DA:39,0
DA:40,0
DA:42,0
DA:43,0
DA:44,0
DA:45,0
DA:46,0
DA:47,0
DA:50,1
DA:51,0
DA:53,0
DA:54,0
DA:56,0
DA:57,0
DA:60,0
DA:61,0
DA:63,0
DA:66,1
DA:67,0
DA:70,1
DA:71,1
DA:73,0
DA:75,0
DA:76,0
DA:77,0
DA:79,0
DA:83,0
DA:84,0
LF:53
LH:12
BRDA:8,1,0,0
BRDA:8,1,1,0
BRDA:12,2,0,0
BRDA:12,2,1,0
BRDA:39,3,0,0
BRDA:39,3,1,0
BRDA:51,4,0,0
BRDA:51,4,1,0
BRDA:56,5,0,0
BRDA:56,5,1,0
BRDA:60,6,0,0
BRDA:60,6,1,0
BRDA:73,7,0,0
BRDA:73,7,1,0
BRDA:76,8,0,0
BRDA:76,8,1,0
BRF:16
BRH:0
end_of_record
TN:
SF:/Users/weymouth/working/MaterialsCommons/workspace/src/github.com/materials-commons/materialscommons.org/backend/servers/lib/create-file-utils.js
FN:8,getFileStoreDir
FN:21,getTmpUploadDir
FN:29,removeFileInStore
FN:33,datafilePath
FN:44,datafilePathExists
FN:49,moveToStore
FN:56,mediaTypeDescriptionsFromMime
FNF:7
FNH:6
FNDA:8,getFileStoreDir
FNDA:0,getTmpUploadDir
FNDA:1,removeFileInStore
FNDA:8,datafilePath
FNDA:3,datafilePathExists
FNDA:2,moveToStore
FNDA:370,mediaTypeDescriptionsFromMime
DA:1,1
DA:2,1
DA:3,1
DA:4,1
DA:5,1
DA:6,1
DA:8,1
DA:9,8
DA:10,8
DA:11,8
DA:12,8
DA:14,8
DA:21,1
DA:22,0
DA:23,0
DA:24,0
DA:29,1
DA:30,1
DA:33,1
DA:34,8
DA:35,8
DA:36,8
DA:37,8
DA:38,8
DA:39,8
DA:40,8
DA:41,8
DA:44,2
DA:46,2
DA:49,2
DA:52,2
DA:53,2
DA:56,1
DA:58,370
DA:59,370
DA:60,0
DA:62,370
DA:63,370
DA:64,0
DA:66,370
DA:72,1
DA:115,1
LF:42
LH:37
BRDA:11,3,0,8
BRDA:11,3,1,0
BRDA:59,7,0,0
BRDA:59,7,1,370
BRDA:63,8,0,0
BRDA:63,8,1,370
BRF:6
BRH:3
end_of_record
TN:
SF:/Users/weymouth/working/MaterialsCommons/workspace/src/github.com/materials-commons/materialscommons.org/backend/servers/mcapi/db/model/directories.js
FN:11,get
FN:19,getAll
FN:26,topLevelDir
FN:31,(anonymous_7)
FN:40,(anonymous_8)
FN:43,directoryByID
FN:46,(anonymous_10)
FN:55,(anonymous_11)
FN:58,toDir
FN:69,(anonymous_13)
FN:81,(anonymous_14)
FN:102,create
FN:110,createFromDirID
FN:123,dirByPath
FN:132,dirById
FN:140,createFromPath
FN:155,dirSegments
FN:160,trimStartingSlashes
FN:167,createDirs
FN:198,insertDir
FN:206,update
FN:220,isTopLevelDir
FN:226,moveDirectory
FN:281,renameDirectory
FN:290,findInProject
FN:293,(anonymous_40)
FN:301,subdirExists
FN:306,peerDirectories
FN:307,(anonymous_43)
FN:315,ingestSingleLocalFile
FN:335,addFileToDirectory
FN:340,fileInDirectoryByName
FN:350,isEmpty
FN:360,remove
FNF:34
FNH:33
FNDA:94,get
FNDA:7,getAll
FNDA:91,topLevelDir
FNDA:91,(anonymous_7)
FNDA:91,(anonymous_8)
FNDA:7,directoryByID
FNDA:7,(anonymous_10)
FNDA:7,(anonymous_11)
FNDA:98,toDir
FNDA:477,(anonymous_13)
FNDA:11,(anonymous_14)
FNDA:23,create
FNDA:1,createFromDirID
FNDA:55,dirByPath
FNDA:1,dirById
FNDA:22,createFromPath
FNDA:23,dirSegments
FNDA:23,trimStartingSlashes
FNDA:23,createDirs
FNDA:47,insertDir
FNDA:6,update
FNDA:8,isTopLevelDir
FNDA:2,moveDirectory
FNDA:2,renameDirectory
FNDA:1,findInProject
FNDA:0,(anonymous_40)
FNDA:1,subdirExists
FNDA:1,peerDirectories
FNDA:1,(anonymous_43)
FNDA:372,ingestSingleLocalFile
FNDA:319,addFileToDirectory
FNDA:375,fileInDirectoryByName
FNDA:6,isEmpty
FNDA:2,remove
DA:1,1
DA:2,1
DA:3,1
DA:4,1
DA:5,1
DA:6,1
DA:7,1
DA:8,1
DA:9,1
DA:11,1
DA:12,94
DA:13,91
DA:15,3
DA:19,1
DA:20,7
DA:26,1
DA:27,91
DA:32,91
DA:40,91
DA:43,1
DA:44,7
DA:47,7
DA:55,7
DA:58,1
DA:59,98
DA:69,98
DA:70,477
DA:81,98
DA:82,11
DA:92,98
DA:94,98
DA:102,1
DA:103,23
DA:104,22
DA:106,1
DA:110,1
DA:111,1
DA:112,1
DA:113,0
DA:117,1
DA:118,1
DA:123,55
DA:125,55
DA:126,55
DA:127,33
DA:129,22
DA:132,1
DA:133,1
DA:134,1
DA:135,0
DA:137,1
DA:140,22
DA:142,22
DA:143,22
DA:144,0
DA:149,22
DA:150,22
DA:155,1
DA:156,23
DA:157,23
DA:160,1
DA:161,23
DA:162,0
DA:164,23
DA:167,58
DA:172,23
DA:173,58
DA:174,58
DA:177,25
DA:178,25
DA:184,33
DA:185,33
DA:186,22
DA:187,22
DA:188,22
DA:190,11
DA:191,11
DA:195,23
DA:198,47
DA:200,47
DA:202,47
DA:203,47
DA:206,6
DA:207,6
DA:208,6
DA:209,2
DA:213,4
DA:214,2
DA:216,2
DA:220,8
DA:221,8
DA:222,8
DA:223,8
DA:226,2
DA:230,2
DA:231,2
DA:232,0
DA:235,2
DA:236,2
DA:245,2
DA:247,2
DA:248,2
DA:252,1
DA:253,1
DA:258,3
DA:259,2
DA:260,2
DA:261,2
DA:262,2
DA:264,2
DA:267,1
DA:268,2
DA:270,2
DA:273,1
DA:277,2
DA:278,2
DA:281,2
DA:283,2
DA:286,2
DA:287,2
DA:290,1
DA:291,1
DA:292,0
DA:294,0
DA:297,1
DA:301,1
DA:302,1
DA:303,1
DA:306,1
DA:307,1
DA:308,1
DA:312,1
DA:315,372
DA:322,372
DA:324,372
DA:325,319
DA:326,319
DA:328,319
DA:329,319
DA:332,372
DA:335,319
DA:337,319
DA:340,375
DA:341,375
DA:346,375
DA:347,0
DA:350,6
DA:351,6
DA:352,6
DA:353,4
DA:356,2
DA:357,2
DA:360,2
DA:361,2
DA:362,2
DA:363,1
DA:367,1
DA:368,1
DA:369,0
DA:372,1
DA:373,1
DA:374,0
DA:377,1
DA:380,1
LF:164
LH:154
BRDA:12,4,0,3
BRDA:12,4,1,91
BRDA:103,7,0,1
BRDA:103,7,1,22
BRDA:112,9,0,1
BRDA:112,9,1,0
BRDA:126,11,0,22
BRDA:126,11,1,33
BRDA:134,13,0,1
BRDA:134,13,1,0
BRDA:141,15,0,21
BRDA:141,15,1,1
BRDA:143,16,0,22
BRDA:143,16,1,0
BRDA:174,19,0,33
BRDA:174,19,1,25
BRDA:185,20,0,11
BRDA:185,20,1,22
BRDA:208,26,0,4
BRDA:208,26,1,2
BRDA:213,27,0,2
BRDA:213,27,1,2
BRDA:231,30,0,2
BRDA:231,30,1,0
BRDA:248,31,0,1
BRDA:248,31,1,1
BRDA:248,32,0,2
BRDA:248,32,1,2
BRDA:258,33,0,1
BRDA:258,33,1,2
BRDA:291,35,0,0
BRDA:291,35,1,1
BRDA:324,37,0,53
BRDA:324,37,1,319
BRDA:324,38,0,372
BRDA:324,38,1,53
BRDA:346,41,0,0
BRDA:346,41,1,375
BRDA:352,43,0,2
BRDA:352,43,1,4
BRDA:362,45,0,1
BRDA:362,45,1,1
BRDA:368,46,0,1
BRDA:368,46,1,0
BRDA:368,47,0,1
BRDA:368,47,1,1
BRDA:373,48,0,1
BRDA:373,48,1,0
BRDA:373,49,0,1
BRDA:373,49,1,1
BRF:50
BRH:42
end_of_record
TN:
SF:/Users/weymouth/working/MaterialsCommons/workspace/src/github.com/materials-commons/materialscommons.org/backend/servers/mcapi/db/model/files.js
FN:15,countInProject
FN:21,get
FN:22,(anonymous_6)
FN:35,(anonymous_7)
FN:39,(anonymous_8)
FN:53,getAllByChecksum
FN:59,fetchOrCreateFileFromLocalPath
FN:90,determineUsesidIfNeeded
FN:102,create
FN:124,pushVersion
FN:131,getList
FN:136,(anonymous_21)
FN:152,update
FN:197,validateFileName
FN:210,updateTags
FN:213,(anonymous_28)
FN:214,(anonymous_29)
FN:228,deleteTags
FN:230,(anonymous_32)
FN:231,(anonymous_33)
FN:237,addTags
FN:238,(anonymous_36)
FN:246,updateNotes
FN:260,deleteNote
FN:266,updateNote
FN:279,addNote
FN:287,updateProcesses
FN:294,(anonymous_47)
FN:295,(anonymous_48)
FN:296,(anonymous_49)
FN:297,(anonymous_50)
FN:298,(anonymous_51)
FN:298,(anonymous_52)
FN:310,updateSamples
FN:316,deleteFile
FN:326,(anonymous_57)
FN:339,deletePhysicalFileIfAppropriate
FN:349,byPath
FN:369,moveFile
FN:385,getVersions
FNF:40
FNH:18
FNDA:0,countInProject
FNDA:369,get
FNDA:369,(anonymous_6)
FNDA:369,(anonymous_7)
FNDA:369,(anonymous_8)
FNDA:21,getAllByChecksum
FNDA:319,fetchOrCreateFileFromLocalPath
FNDA:321,determineUsesidIfNeeded
FNDA:319,create
FNDA:4,pushVersion
FNDA:1,getList
FNDA:1,(anonymous_21)
FNDA:6,update
FNDA:2,validateFileName
FNDA:0,updateTags
FNDA:0,(anonymous_28)
FNDA:0,(anonymous_29)
FNDA:0,deleteTags
FNDA:0,(anonymous_32)
FNDA:0,(anonymous_33)
FNDA:0,addTags
FNDA:0,(anonymous_36)
FNDA:0,updateNotes
FNDA:0,deleteNote
FNDA:0,updateNote
FNDA:0,addNote
FNDA:0,updateProcesses
FNDA:0,(anonymous_47)
FNDA:0,(anonymous_48)
FNDA:0,(anonymous_49)
FNDA:0,(anonymous_50)
FNDA:0,(anonymous_51)
FNDA:0,(anonymous_52)
FNDA:0,updateSamples
FNDA:19,deleteFile
FNDA:0,(anonymous_57)
FNDA:19,deletePhysicalFileIfAppropriate
FNDA:2,byPath
FNDA:3,moveFile
FNDA:2,getVersions
DA:1,1
DA:2,1
DA:3,1
DA:4,1
DA:5,1
DA:6,1
DA:7,1
DA:15,1
DA:17,0
DA:21,369
DA:23,369
DA:36,369
DA:40,369
DA:50,369
DA:53,21
DA:54,21
DA:56,21
DA:59,319
DA:67,319
DA:69,319
DA:70,319
DA:71,2
DA:82,319
DA:84,319
DA:85,0
DA:87,319
DA:90,321
DA:92,321
DA:95,321
DA:96,317
DA:98,321
DA:102,319
DA:104,319
DA:105,2
DA:109,319
DA:110,319
DA:111,319
DA:112,319
DA:113,319
DA:115,319
DA:116,319
DA:119,319
DA:121,319
DA:124,1
DA:125,4
DA:126,4
DA:127,4
DA:131,1
DA:137,1
DA:148,1
DA:152,6
DA:155,6
DA:156,2
DA:157,2
DA:158,2
DA:159,1
DA:163,5
DA:164,1
DA:167,5
DA:168,2
DA:171,5
DA:172,0
DA:175,5
DA:176,0
DA:179,5
DA:180,0
DA:183,5
DA:184,0
DA:187,5
DA:188,3
DA:191,5
DA:192,5
DA:197,2
DA:203,2
DA:204,2
DA:210,1
DA:212,0
DA:213,0
DA:214,0
DA:217,0
DA:218,0
DA:221,0
DA:222,0
DA:224,0
DA:228,1
DA:230,0
DA:231,0
DA:233,0
DA:237,1
DA:238,0
DA:240,0
DA:246,1
DA:247,0
DA:248,0
DA:249,0
DA:250,0
DA:251,0
DA:253,0
DA:256,0
DA:260,1
DA:261,0
DA:262,0
DA:266,1
DA:268,0
DA:269,0
DA:271,0
DA:272,0
DA:274,0
DA:275,0
DA:279,1
DA:281,0
DA:283,0
DA:287,1
DA:288,0
DA:294,0
DA:295,0
DA:296,0
DA:297,0
DA:298,0
DA:300,0
DA:301,0
DA:304,0
DA:305,0
DA:310,1
DA:316,19
DA:317,19
DA:319,19
DA:320,0
DA:321,19
DA:322,0
DA:325,19
DA:326,0
DA:327,0
DA:328,0
DA:331,19
DA:332,19
DA:333,19
DA:334,19
DA:335,19
DA:336,19
DA:339,19
DA:340,19
DA:341,19
DA:343,1
DA:345,1
DA:349,2
DA:358,2
DA:359,2
DA:360,1
DA:363,1
DA:364,1
DA:365,1
DA:366,1
DA:369,3
DA:373,3
DA:374,3
DA:375,0
DA:379,3
DA:382,3
DA:385,4
DA:387,2
DA:388,2
DA:389,0
DA:390,2
DA:391,0
DA:399,2
DA:404,6
DA:406,4
DA:407,1
DA:409,4
DA:410,4
DA:413,2
DA:416,1
LF:173
LH:119
BRDA:70,7,0,317
BRDA:70,7,1,2
BRDA:84,8,0,319
BRDA:84,8,1,0
BRDA:95,10,0,317
BRDA:95,10,1,4
BRDA:95,11,0,321
BRDA:95,11,1,321
BRDA:96,12,0,315
BRDA:96,12,1,2
BRDA:104,14,0,317
BRDA:104,14,1,2
BRDA:115,15,0,319
BRDA:115,15,1,0
BRDA:155,19,0,4
BRDA:155,19,1,2
BRDA:158,20,0,1
BRDA:158,20,1,1
BRDA:163,21,0,1
BRDA:163,21,1,4
BRDA:167,22,0,3
BRDA:167,22,1,2
BRDA:167,23,0,5
BRDA:167,23,1,4
BRDA:171,24,0,5
BRDA:171,24,1,0
BRDA:175,25,0,5
BRDA:175,25,1,0
BRDA:179,26,0,5
BRDA:179,26,1,0
BRDA:183,27,0,5
BRDA:183,27,1,0
BRDA:187,28,0,2
BRDA:187,28,1,3
BRDA:217,31,0,0
BRDA:217,31,1,0
BRDA:221,32,0,0
BRDA:221,32,1,0
BRDA:248,37,0,0
BRDA:248,37,1,0
BRDA:248,38,0,0
BRDA:248,38,1,0
BRDA:250,39,0,0
BRDA:250,39,1,0
BRDA:268,45,0,0
BRDA:268,45,1,0
BRDA:271,46,0,0
BRDA:271,46,1,0
BRDA:300,49,0,0
BRDA:300,49,1,0
BRDA:304,50,0,0
BRDA:304,50,1,0
BRDA:319,53,0,19
BRDA:319,53,1,0
BRDA:321,54,0,19
BRDA:321,54,1,0
BRDA:325,55,0,19
BRDA:325,55,1,0
BRDA:341,57,0,18
BRDA:341,57,1,1
BRDA:343,58,0,0
BRDA:343,58,1,1
BRDA:359,60,0,1
BRDA:359,60,1,1
BRDA:359,61,0,2
BRDA:359,61,1,1
BRDA:374,63,0,3
BRDA:374,63,1,0
BRDA:388,65,0,2
BRDA:388,65,1,0
BRDA:390,66,0,2
BRDA:390,66,1,0
BRDA:404,67,0,2
BRDA:404,67,1,4
BRDA:406,68,0,3
BRDA:406,68,1,1
BRF:76
BRH:45
end_of_record
TN:
SF:/Users/weymouth/working/MaterialsCommons/workspace/src/github.com/materials-commons/materialscommons.org/backend/servers/mcapi/db/model/experiments.js
FN:10,getAllForProject
FN:13,(anonymous_4)
FN:28,(anonymous_5)
FN:54,get
FN:56,(anonymous_8)
FN:72,(anonymous_9)
FN:76,create
FN:87,update
FN:92,createTask
FN:106,updateIndexOfAllAffected
FN:114,(anonymous_18)
FN:121,getTask
FN:123,(anonymous_21)
FN:139,updateTask
FN:175,deleteTask
FN:187,deleteProcess
FN:189,(anonymous_28)
FN:197,updateTasksAboveDeleted
FN:205,(anonymous_31)
FN:212,getExperimentNote
FN:218,createExperimentNote
FN:226,updateExperimentNote
FN:231,deleteExperimentNote
FN:238,addTemplateToTask
FN:252,addProcessFromTemplate
FN:260,cloneProcess
FN:267,(anonymous_46)
FN:271,(anonymous_47)
FN:297,updateProcess
FN:307,updateTaskTemplate
FN:322,updateTemplateCommon
FN:342,(anonymous_54)
FN:342,(anonymous_55)
FN:357,(anonymous_56)
FN:357,(anonymous_57)
FN:369,removeExistingExperimentFileEntries
FN:371,(anonymous_60)
FN:374,(anonymous_61)
FN:380,removeExistingExperimentSampleEntries
FN:382,(anonymous_64)
FN:385,(anonymous_65)
FN:391,getTemplate
FN:396,addSamples
FN:397,(anonymous_70)
FN:404,deleteSamplesFromExperiment
FN:411,(anonymous_73)
FN:414,(anonymous_74)
FN:422,getProcessesForExperiment
FN:432,getFilesForExperiment
FNF:49
FNH:28
FNDA:34,getAllForProject
FNDA:34,(anonymous_4)
FNDA:34,(anonymous_5)
FNDA:21,get
FNDA:21,(anonymous_8)
FNDA:21,(anonymous_9)
FNDA:21,create
FNDA:0,update
FNDA:21,createTask
FNDA:21,updateIndexOfAllAffected
FNDA:0,(anonymous_18)
FNDA:21,getTask
FNDA:21,(anonymous_21)
FNDA:0,updateTask
FNDA:0,deleteTask
FNDA:0,deleteProcess
FNDA:0,(anonymous_28)
FNDA:0,updateTasksAboveDeleted
FNDA:0,(anonymous_31)
FNDA:0,getExperimentNote
FNDA:0,createExperimentNote
FNDA:0,updateExperimentNote
FNDA:0,deleteExperimentNote
FNDA:0,addTemplateToTask
FNDA:91,addProcessFromTemplate
FNDA:0,cloneProcess
FNDA:0,(anonymous_46)
FNDA:0,(anonymous_47)
FNDA:225,updateProcess
FNDA:0,updateTaskTemplate
FNDA:225,updateTemplateCommon
FNDA:342,(anonymous_54)
FNDA:342,(anonymous_55)
FNDA:72,(anonymous_56)
FNDA:72,(anonymous_57)
FNDA:225,removeExistingExperimentFileEntries
FNDA:342,(anonymous_60)
FNDA:342,(anonymous_61)
FNDA:225,removeExistingExperimentSampleEntries
FNDA:72,(anonymous_64)
FNDA:72,(anonymous_65)
FNDA:221,getTemplate
FNDA:51,addSamples
FNDA:119,(anonymous_70)
FNDA:0,deleteSamplesFromExperiment
FNDA:0,(anonymous_73)
FNDA:0,(anonymous_74)
FNDA:430,getProcessesForExperiment
FNDA:0,getFilesForExperiment
DA:1,1
DA:2,1
DA:3,1
DA:4,1
DA:5,1
DA:6,1
DA:7,1
DA:8,1
DA:10,34
DA:14,34
DA:29,34
DA:49,34
DA:50,34
DA:54,21
DA:57,21
DA:71,21
DA:72,21
DA:73,21
DA:76,21
DA:78,21
DA:79,21
DA:81,21
DA:83,21
DA:84,21
DA:87,1
DA:88,0
DA:89,0
DA:92,21
DA:94,21
DA:95,21
DA:97,21
DA:98,21
DA:99,21
DA:100,21
DA:102,21
DA:103,21
DA:106,21
DA:113,21
DA:115,0
DA:118,21
DA:121,21
DA:124,21
DA:130,21
DA:133,21
DA:134,21
DA:136,21
DA:139,1
DA:140,0
DA:141,0
DA:142,0
DA:143,0
DA:144,0
DA:157,0
DA:159,0
DA:160,0
DA:162,0
DA:163,0
DA:165,0
DA:166,0
DA:168,0
DA:169,0
DA:172,0
DA:175,1
DA:176,0
DA:177,0
DA:180,0
DA:181,0
DA:182,0
DA:184,0
DA:187,1
DA:188,0
DA:189,0
DA:190,0
DA:191,0
DA:192,0
DA:193,0
DA:194,0
DA:197,1
DA:204,0
DA:206,0
DA:209,0
DA:212,1
DA:214,0
DA:215,0
DA:218,1
DA:220,0
DA:222,0
DA:223,0
DA:226,1
DA:227,0
DA:228,0
DA:231,1
DA:232,0
DA:234,0
DA:235,0
DA:238,1
DA:239,0
DA:240,0
DA:242,0
DA:248,0
DA:249,0
DA:252,91
DA:253,91
DA:254,91
DA:256,91
DA:257,91
DA:260,1
DA:261,0
DA:262,0
DA:263,0
DA:264,0
DA:267,0
DA:268,0
DA:271,0
DA:272,0
DA:275,0
DA:278,0
DA:281,0
DA:282,0
DA:283,0
DA:285,0
DA:288,0
DA:289,0
DA:294,0
DA:297,225
DA:298,225
DA:300,225
DA:301,0
DA:304,225
DA:307,1
DA:308,0
DA:310,0
DA:311,0
DA:314,0
DA:315,0
DA:316,0
DA:319,0
DA:322,225
DA:323,225
DA:324,225
DA:325,225
DA:326,0
DA:332,225
DA:333,225
DA:336,225
DA:337,225
DA:338,225
DA:339,0
DA:342,342
DA:343,225
DA:344,225
DA:345,68
DA:351,225
DA:352,225
DA:353,225
DA:354,0
DA:357,72
DA:358,225
DA:359,225
DA:360,4
DA:366,225
DA:369,95
DA:370,225
DA:371,342
DA:372,95
DA:374,342
DA:377,130
DA:380,72
DA:381,225
DA:382,72
DA:383,72
DA:385,72
DA:388,153
DA:391,221
DA:393,221
DA:396,51
DA:398,119
DA:400,51
DA:401,51
DA:404,1
DA:405,0
DA:407,0
DA:408,0
DA:411,0
DA:412,0
DA:414,0
DA:415,0
DA:417,0
DA:419,0
DA:422,430
DA:427,430
DA:429,430
DA:432,1
DA:435,0
DA:436,0
DA:439,1
LF:196
LH:108
BRDA:94,8,0,21
BRDA:94,8,1,0
BRDA:141,12,0,0
BRDA:141,12,1,0
BRDA:143,13,0,0
BRDA:143,13,1,0
BRDA:160,14,0,0
BRDA:160,14,1,0
BRDA:162,15,0,0
BRDA:162,15,1,0
BRDA:165,16,0,0
BRDA:165,16,1,0
BRDA:168,17,0,0
BRDA:168,17,1,0
BRDA:168,18,0,0
BRDA:168,18,1,0
BRDA:181,20,0,0
BRDA:181,20,1,0
BRDA:275,30,0,0
BRDA:275,30,1,0
BRDA:288,31,0,0
BRDA:288,31,1,0
BRDA:288,32,0,0
BRDA:288,32,1,0
BRDA:300,34,0,225
BRDA:300,34,1,0
BRDA:310,36,0,0
BRDA:310,36,1,0
BRDA:314,37,0,0
BRDA:314,37,1,0
BRDA:323,39,0,0
BRDA:323,39,1,225
BRDA:325,40,0,225
BRDA:325,40,1,0
BRDA:332,41,0,0
BRDA:332,41,1,225
BRDA:336,42,0,0
BRDA:336,42,1,225
BRDA:338,43,0,225
BRDA:338,43,1,0
BRDA:344,44,0,157
BRDA:344,44,1,68
BRDA:351,45,0,0
BRDA:351,45,1,225
BRDA:353,46,0,225
BRDA:353,46,1,0
BRDA:359,47,0,221
BRDA:359,47,1,4
BRDA:370,49,0,130
BRDA:370,49,1,95
BRDA:381,51,0,153
BRDA:381,51,1,72
BRDA:407,55,0,0
BRDA:407,55,1,0
BRDA:426,57,0,430
BRDA:426,57,1,0
BRF:56
BRH:18
end_of_record
TN:
SF:/Users/weymouth/working/MaterialsCommons/workspace/src/github.com/materials-commons/materialscommons.org/backend/servers/mcapi/db/model/process-common.js
FN:9,getProcess
FN:21,mergeTemplateIntoProcess
FN:22,(anonymous_5)
FN:23,(anonymous_6)
FN:43,(anonymous_7)
FN:58,convertDatePropertyAttributes
FN:81,processIsUnused
FN:96,updateProcessFiles
FN:97,(anonymous_13)
FN:97,(anonymous_14)
FN:103,(anonymous_15)
FN:103,(anonymous_16)
FN:111,removeExistingProcessFileEntries
FN:113,(anonymous_19)
FN:116,(anonymous_20)
FN:122,updateProperties
FN:155,updateProcessSamples
FN:157,(anonymous_25)
FN:158,(anonymous_26)
FN:179,(anonymous_27)
FN:180,(anonymous_28)
FN:181,(anonymous_29)
FN:181,(anonymous_30)
FN:198,removeExistingProcessSampleEntries
FN:200,(anonymous_33)
FN:204,(anonymous_34)
FN:210,createProcessFromTemplate
FN:222,addProcess
FN:229,createSetup
FNF:29
FNH:23
FNDA:706,getProcess
FNDA:706,mergeTemplateIntoProcess
FNDA:3504,(anonymous_5)
FNDA:0,(anonymous_6)
FNDA:0,(anonymous_7)
FNDA:706,convertDatePropertyAttributes
FNDA:0,processIsUnused
FNDA:225,updateProcessFiles
FNDA:342,(anonymous_13)
FNDA:342,(anonymous_14)
FNDA:342,(anonymous_15)
FNDA:0,(anonymous_16)
FNDA:225,removeExistingProcessFileEntries
FNDA:342,(anonymous_19)
FNDA:342,(anonymous_20)
FNDA:225,updateProperties
FNDA:225,updateProcessSamples
FNDA:72,(anonymous_25)
FNDA:72,(anonymous_26)
FNDA:72,(anonymous_27)
FNDA:0,(anonymous_28)
FNDA:72,(anonymous_29)
FNDA:0,(anonymous_30)
FNDA:225,removeExistingProcessSampleEntries
FNDA:72,(anonymous_33)
FNDA:72,(anonymous_34)
FNDA:91,createProcessFromTemplate
FNDA:91,addProcess
FNDA:91,createSetup
DA:1,1
DA:2,1
DA:3,1
DA:4,1
DA:5,1
DA:6,1
DA:7,1
DA:9,706
DA:11,706
DA:12,706
DA:13,0
DA:15,706
DA:16,706
DA:17,706
DA:18,706
DA:21,1
DA:22,706
DA:23,3504
DA:24,0
DA:26,3504
DA:27,0
DA:28,0
DA:29,0
DA:30,0
DA:31,0
DA:32,0
DA:33,0
DA:34,0
DA:40,0
DA:41,0
DA:42,0
DA:43,0
DA:44,0
DA:45,0
DA:51,706
DA:52,706
DA:53,94
DA:55,706
DA:58,1
DA:59,706
DA:60,706
DA:61,706
DA:62,706
DA:63,706
DA:64,706
DA:65,706
DA:66,3504
DA:67,3504
DA:68,138
DA:69,138
DA:70,0
DA:71,0
DA:78,706
DA:81,1
DA:82,0
DA:83,0
DA:84,0
DA:87,0
DA:88,0
DA:89,0
DA:92,0
DA:93,0
DA:96,225
DA:97,342
DA:98,225
DA:99,225
DA:100,85
DA:103,342
DA:104,225
DA:105,0
DA:108,225
DA:111,95
DA:112,225
DA:113,342
DA:114,95
DA:116,342
DA:119,130
DA:122,288
DA:125,513
DA:128,288
DA:130,288
DA:132,0
DA:136,288
DA:137,0
DA:138,288
DA:139,0
DA:141,288
DA:142,288
DA:143,288
DA:144,288
DA:148,225
DA:149,0
DA:152,225
DA:155,225
DA:157,72
DA:158,72
DA:159,225
DA:160,225
DA:161,72
DA:164,225
DA:165,153
DA:168,38
DA:169,38
DA:173,38
DA:175,38
DA:179,72
DA:180,0
DA:181,72
DA:182,225
DA:183,225
DA:185,0
DA:187,225
DA:188,0
DA:192,225
DA:194,225
DA:198,72
DA:199,225
DA:200,72
DA:201,72
DA:204,72
DA:207,153
DA:210,91
DA:213,91
DA:214,91
DA:215,91
DA:216,91
DA:217,91
DA:218,91
DA:222,91
DA:223,91
DA:225,91
DA:226,91
DA:229,432
DA:230,182
DA:235,91
DA:239,91
DA:245,523
DA:250,432
DA:255,1
LF:139
LH:105
BRDA:12,4,0,706
BRDA:12,4,1,0
BRDA:26,5,0,0
BRDA:26,5,1,3504
BRDA:40,6,0,0
BRDA:40,6,1,0
BRDA:41,7,0,0
BRDA:41,7,1,0
BRDA:44,8,0,0
BRDA:44,8,1,0
BRDA:52,9,0,94
BRDA:52,9,1,612
BRDA:52,10,0,706
BRDA:52,10,1,662
BRDA:59,11,0,706
BRDA:59,11,1,0
BRDA:63,12,0,706
BRDA:63,12,1,0
BRDA:67,13,0,138
BRDA:67,13,1,3366
BRDA:67,14,0,3504
BRDA:67,14,1,3504
BRDA:69,15,0,0
BRDA:69,15,1,138
BRDA:69,16,0,138
BRDA:69,16,1,0
BRDA:83,18,0,0
BRDA:83,18,1,0
BRDA:88,19,0,0
BRDA:88,19,1,0
BRDA:99,21,0,140
BRDA:99,21,1,85
BRDA:104,22,0,225
BRDA:104,22,1,0
BRDA:112,24,0,130
BRDA:112,24,1,95
BRDA:125,26,0,225
BRDA:125,26,1,288
BRDA:130,27,0,288
BRDA:130,27,1,0
BRDA:136,28,0,288
BRDA:136,28,1,0
BRDA:138,29,0,288
BRDA:138,29,1,0
BRDA:148,30,0,225
BRDA:148,30,1,0
BRDA:160,32,0,153
BRDA:160,32,1,72
BRDA:164,33,0,110
BRDA:164,33,1,115
BRDA:165,34,0,115
BRDA:165,34,1,38
BRDA:183,35,0,225
BRDA:183,35,1,0
BRDA:187,36,0,225
BRDA:187,36,1,0
BRDA:199,38,0,153
BRDA:199,38,1,72
BRDA:230,42,0,91
BRDA:230,42,1,91
BRDA:245,43,0,91
BRDA:245,43,1,432
BRF:62
BRH:39
end_of_record
TN:
SF:/Users/weymouth/working/MaterialsCommons/workspace/src/github.com/materials-commons/materialscommons.org/backend/servers/mcapi/db/model/sample-common.js
FN:3,removeUnusedSamples
FN:14,removeSample
FN:26,canDeleteSamples
FN:40,samplesOnlyInputInProcess
FN:41,(anonymous_10)
FN:44,(anonymous_11)
FN:53,samplesUsedInOtherProcesses
FN:57,(anonymous_14)
FN:61,(anonymous_15)
FNF:9
FNH:3
FNDA:225,removeUnusedSamples
FNDA:0,removeSample
FNDA:225,canDeleteSamples
FNDA:225,samplesOnlyInputInProcess
FNDA:0,(anonymous_10)
FNDA:0,(anonymous_11)
FNDA:0,samplesUsedInOtherProcesses
FNDA:0,(anonymous_14)
FNDA:0,(anonymous_15)
DA:1,1
DA:3,225
DA:4,225
DA:6,0
DA:7,0
DA:9,0
DA:14,1
DA:15,0
DA:16,0
DA:20,0
DA:23,0
DA:26,1
DA:28,225
DA:30,225
DA:31,0
DA:33,0
DA:37,0
DA:40,225
DA:41,0
DA:42,225
DA:44,225
DA:45,0
DA:46,0
DA:50,225
DA:53,1
DA:55,0
DA:57,0
DA:59,0
DA:61,0
DA:62,0
DA:64,0
DA:68,0
DA:71,1
LF:33
LH:13
BRDA:4,4,0,225
BRDA:4,4,1,0
BRDA:7,5,0,0
BRDA:7,5,1,0
BRDA:45,11,0,0
BRDA:45,11,1,0
BRDA:62,13,0,0
BRDA:62,13,1,0
BRF:8
BRH:1
end_of_record
TN:
SF:/Users/weymouth/working/MaterialsCommons/workspace/src/github.com/materials-commons/materialscommons.org/backend/servers/mcapi/db/model/processes.js
FN:6,getProcess
FN:10,getProjectProcesses
FN:17,getProcessTemplates
FN:22,getTemplate
FN:27,createProcessFromTemplate
FN:33,updateProcess
FN:67,datasetsForProcess
FN:72,(anonymous_16)
FN:76,deleteProcess
FN:95,(anonymous_19)
FN:110,(anonymous_20)
FN:125,(anonymous_21)
FN:139,(anonymous_22)
FN:154,createProcessTemplate
FN:166,updateExistingTemplate
FNF:15
FNH:8
FNDA:390,getProcess
FNDA:8,getProjectProcesses
FNDA:21,getProcessTemplates
FNDA:0,getTemplate
FNDA:0,createProcessFromTemplate
FNDA:91,updateProcess
FNDA:0,datasetsForProcess
FNDA:0,(anonymous_16)
FNDA:20,deleteProcess
FNDA:0,(anonymous_19)
FNDA:4,(anonymous_20)
FNDA:52,(anonymous_21)
FNDA:20,(anonymous_22)
FNDA:0,createProcessTemplate
FNDA:0,updateExistingTemplate
DA:1,1
DA:2,1
DA:3,1
DA:4,1
DA:6,1
DA:7,390
DA:10,8
DA:13,8
DA:14,8
DA:17,21
DA:18,21
DA:19,21
DA:22,1
DA:24,0
DA:27,1
DA:28,0
DA:29,0
DA:30,0
DA:33,1
DA:34,91
DA:35,0
DA:36,0
DA:37,0
DA:41,91
DA:42,0
DA:43,0
DA:44,0
DA:48,91
DA:49,0
DA:50,0
DA:51,0
DA:52,0
DA:56,91
DA:57,91
DA:60,91
DA:61,0
DA:64,91
DA:67,1
DA:68,0
DA:69,0
DA:70,0
DA:72,0
DA:73,0
DA:76,52
DA:81,20
DA:84,20
DA:85,20
DA:87,20
DA:90,20
DA:94,20
DA:95,0
DA:96,20
DA:97,20
DA:98,20
DA:100,0
DA:101,0
DA:102,0
DA:109,20
DA:110,4
DA:111,20
DA:112,20
DA:113,24
DA:115,4
DA:116,4
DA:117,4
DA:124,20
DA:125,52
DA:126,20
DA:127,20
DA:128,72
DA:130,52
DA:131,52
DA:132,34
DA:138,20
DA:139,20
DA:140,20
DA:141,40
DA:143,20
DA:148,0
DA:151,20
DA:154,1
DA:157,0
DA:158,0
DA:159,0
DA:161,0
DA:163,0
DA:166,1
DA:168,0
DA:169,0
DA:170,0
DA:173,1
LF:91
LH:58
BRDA:34,9,0,91
BRDA:34,9,1,0
BRDA:36,10,0,0
BRDA:36,10,1,0
BRDA:41,11,0,91
BRDA:41,11,1,0
BRDA:43,12,0,0
BRDA:43,12,1,0
BRDA:48,13,0,91
BRDA:48,13,1,0
BRDA:51,14,0,0
BRDA:51,14,1,0
BRDA:56,15,0,0
BRDA:56,15,1,91
BRDA:60,16,0,91
BRDA:60,16,1,0
BRDA:69,18,0,0
BRDA:69,18,1,0
BRDA:85,20,0,0
BRDA:85,20,1,20
BRDA:97,21,0,0
BRDA:97,21,1,20
BRDA:98,22,0,20
BRDA:98,22,1,0
BRDA:101,23,0,0
BRDA:101,23,1,0
BRDA:101,24,0,0
BRDA:101,24,1,0
BRDA:101,24,2,0
BRDA:112,25,0,0
BRDA:112,25,1,20
BRDA:113,26,0,20
BRDA:113,26,1,4
BRDA:116,27,0,0
BRDA:116,27,1,4
BRDA:116,28,0,4
BRDA:116,28,1,4
BRDA:116,28,2,4
BRDA:127,29,0,0
BRDA:127,29,1,20
BRDA:128,30,0,20
BRDA:128,30,1,52
BRDA:131,31,0,18
BRDA:131,31,1,34
BRDA:131,32,0,52
BRDA:131,32,1,52
BRDA:131,32,2,52
BRDA:140,33,0,0
BRDA:140,33,1,20
BRDA:141,34,0,20
BRDA:141,34,1,20
BRDA:158,36,0,0
BRDA:158,36,1,0
BRF:53
BRH:26
end_of_record
TN:
SF:/Users/weymouth/working/MaterialsCommons/workspace/src/github.com/materials-commons/materialscommons.org/backend/servers/mcapi/db/model/samples.js
FN:8,getSample
FN:10,(anonymous_4)
FN:14,(anonymous_5)
FN:35,getAllSamplesForProject
FN:42,(anonymous_8)
FN:59,getAllSamplesForExperiment
FN:62,(anonymous_11)
FN:97,createSamples
FN:117,isValidCreateSamplesProcess
FN:123,(anonymous_16)
FN:127,updateSamples
FN:132,addSamplesMeasurements
FN:144,addSharedPropertyMeasurementsForSamples
FN:154,addPropertyToPropertySet
FN:159,addPropertyMeasurements
FN:175,addMeasurementToProperty
FN:180,addMeasurementToProcess
FN:185,addSeparatePropertyMeasurementsForSamples
FN:192,addAsBestMeasure
FN:203,addNewPropertyMeasurements
FN:219,updateSamplesMeasurements
FN:222,(anonymous_39)
FN:223,(anonymous_40)
FN:244,updatedExistingPropertyMeasurementsForSamples
FN:245,(anonymous_43)
FN:251,deleteSamplesMeasurements
FN:255,updateSampleFiles
FN:256,(anonymous_48)
FN:257,(anonymous_49)
FN:263,(anonymous_50)
FN:263,(anonymous_51)
FN:271,removeExistingSampleFileEntries
FN:273,(anonymous_54)
FN:276,(anonymous_55)
FNF:34
FNH:15
FNDA:20,getSample
FNDA:20,(anonymous_4)
FNDA:20,(anonymous_5)
FNDA:1,getAllSamplesForProject
FNDA:1,(anonymous_8)
FNDA:1,getAllSamplesForExperiment
FNDA:1,(anonymous_11)
FNDA:53,createSamples
FNDA:0,isValidCreateSamplesProcess
FNDA:0,(anonymous_16)
FNDA:0,updateSamples
FNDA:19,addSamplesMeasurements
FNDA:0,addSharedPropertyMeasurementsForSamples
FNDA:0,addPropertyToPropertySet
FNDA:19,addPropertyMeasurements
FNDA:19,addMeasurementToProperty
FNDA:19,addMeasurementToProcess
FNDA:19,addSeparatePropertyMeasurementsForSamples
FNDA:19,addAsBestMeasure
FNDA:19,addNewPropertyMeasurements
FNDA:0,updateSamplesMeasurements
FNDA:0,(anonymous_39)
FNDA:0,(anonymous_40)
FNDA:0,updatedExistingPropertyMeasurementsForSamples
FNDA:0,(anonymous_43)
FNDA:0,deleteSamplesMeasurements
FNDA:0,updateSampleFiles
FNDA:0,(anonymous_48)
FNDA:0,(anonymous_49)
FNDA:0,(anonymous_50)
FNDA:0,(anonymous_51)
FNDA:0,removeExistingSampleFileEntries
FNDA:0,(anonymous_54)
FNDA:0,(anonymous_55)
DA:1,1
DA:2,1
DA:3,1
DA:4,1
DA:5,1
DA:6,1
DA:8,20
DA:11,20
DA:15,20
DA:31,20
DA:32,20
DA:35,1
DA:43,1
DA:55,1
DA:56,1
DA:59,1
DA:63,1
DA:75,1
DA:76,1
DA:97,123
DA:99,53
DA:101,176
DA:104,123
DA:106,123
DA:109,123
DA:110,123
DA:111,123
DA:114,53
DA:117,1
DA:118,0
DA:119,0
DA:120,0
DA:122,0
DA:123,0
DA:124,0
DA:127,1
DA:128,0
DA:129,0
DA:132,19
DA:133,38
DA:135,19
DA:136,0
DA:138,19
DA:141,19
DA:144,1
DA:146,0
DA:147,0
DA:148,0
DA:150,0
DA:154,1
DA:156,0
DA:159,19
DA:160,38
DA:163,19
DA:164,19
DA:165,19
DA:166,19
DA:167,19
DA:168,19
DA:170,19
DA:171,19
DA:175,19
DA:177,19
DA:180,19
DA:182,19
DA:185,19
DA:186,38
DA:188,19
DA:192,19
DA:193,19
DA:194,19
DA:196,17
DA:197,17
DA:199,2
DA:203,19
DA:205,19
DA:207,19
DA:208,2
DA:211,17
DA:212,17
DA:214,17
DA:216,19
DA:219,1
DA:220,0
DA:222,0
DA:223,0
DA:226,0
DA:227,0
DA:228,0
DA:229,0
DA:230,0
DA:232,0
DA:236,0
DA:237,0
DA:241,0
DA:244,1
DA:246,0
DA:248,0
DA:251,1
DA:252,0
DA:255,1
DA:256,0
DA:257,0
DA:258,0
DA:259,0
DA:260,0
DA:263,0
DA:264,0
DA:265,0
DA:268,0
DA:271,1
DA:272,0
DA:273,0
DA:274,0
DA:276,0
DA:278,0
DA:281,1
LF:117
LH:74
BRDA:101,7,0,53
BRDA:101,7,1,123
BRDA:119,9,0,0
BRDA:119,9,1,0
BRDA:124,10,0,0
BRDA:124,10,1,0
BRDA:133,13,0,19
BRDA:133,13,1,19
BRDA:135,14,0,19
BRDA:135,14,1,0
BRDA:148,16,0,0
BRDA:148,16,1,0
BRDA:160,19,0,19
BRDA:160,19,1,19
BRDA:167,20,0,0
BRDA:167,20,1,19
BRDA:186,24,0,19
BRDA:186,24,1,19
BRDA:194,26,0,2
BRDA:194,26,1,17
BRDA:207,28,0,17
BRDA:207,28,1,2
BRDA:220,30,0,0
BRDA:220,30,1,0
BRDA:228,31,0,0
BRDA:228,31,1,0
BRDA:229,32,0,0
BRDA:229,32,1,0
BRDA:236,33,0,0
BRDA:236,33,1,0
BRDA:259,37,0,0
BRDA:259,37,1,0
BRDA:264,38,0,0
BRDA:264,38,1,0
BRDA:272,40,0,0
BRDA:272,40,1,0
BRF:36
BRH:14
end_of_record
TN:
SF:/Users/weymouth/working/MaterialsCommons/workspace/src/github.com/materials-commons/materialscommons.org/backend/servers/mcapi/build-demo/build-demo-project-helper.js
FN:19,createOrFindDemoProjectForUser
FN:30,createOrFindDemoProjectExperiment
FN:37,(anonymous_6)
FN:57,createOrFindDemoProcess
FN:63,(anonymous_9)
FN:83,createOrFindAllDemoProcesses
FN:107,createOrFindProcessOutputSamples
FN:124,(anonymous_14)
FN:132,(anonymous_15)
FN:141,(anonymous_16)
FN:142,(anonymous_17)
FN:153,createOrFindOutputSamplesForAllProcesses
FN:172,(anonymous_20)
FN:183,createOrFindInputSamplesForProcess
FN:193,(anonymous_23)
FN:196,(anonymous_24)
FN:242,createOrFindInputSamplesForAllProcesses
FN:247,_loop
FN:253,(anonymous_29)
FN:271,createOrFindDemoProcessSetupProperties
FN:300,createOrFindSetupPropertiesForAllDemoProcesses
FN:305,_loop2
FN:313,(anonymous_36)
FN:319,(anonymous_37)
FN:328,(anonymous_38)
FN:355,updateMeasurementForProcessSamples
FN:358,(anonymous_41)
FN:393,filesDescriptions
FN:397,filesMissingInFolder
FN:418,filesMissingInDatabase
FN:421,(anonymous_47)
FN:426,(anonymous_48)
FN:437,addAllFilesToProject
FN:464,filesForProject
FN:476,restoreProjectSourceOrderToFiles
FN:479,(anonymous_54)
FN:482,(anonymous_55)
FN:489,addAllFilesToExperimentProcesses
FN:537,makeTemplateTable
FN:542,(anonymous_60)
FNF:40
FNH:39
FNDA:31,createOrFindDemoProjectForUser
FNDA:29,createOrFindDemoProjectExperiment
FNDA:12,(anonymous_6)
FNDA:424,createOrFindDemoProcess
FNDA:1861,(anonymous_9)
FNDA:84,createOrFindAllDemoProcesses
FNDA:65,createOrFindProcessOutputSamples
FNDA:119,(anonymous_14)
FNDA:119,(anonymous_15)
FNDA:153,(anonymous_16)
FNDA:593,(anonymous_17)
FNDA:21,createOrFindOutputSamplesForAllProcesses
FNDA:147,(anonymous_20)
FNDA:77,createOrFindInputSamplesForProcess
FNDA:68,(anonymous_23)
FNDA:0,(anonymous_24)
FNDA:19,createOrFindInputSamplesForAllProcesses
FNDA:76,_loop
FNDA:76,(anonymous_29)
FNDA:58,createOrFindDemoProcessSetupProperties
FNDA:19,createOrFindSetupPropertiesForAllDemoProcesses
FNDA:95,_loop2
FNDA:456,(anonymous_36)
FNDA:456,(anonymous_37)
FNDA:285,(anonymous_38)
FNDA:19,updateMeasurementForProcessSamples
FNDA:19,(anonymous_41)
FNDA:880,filesDescriptions
FNDA:1,filesMissingInFolder
FNDA:3,filesMissingInDatabase
FNDA:48,(anonymous_47)
FNDA:48,(anonymous_48)
FNDA:21,addAllFilesToProject
FNDA:24,filesForProject
FNDA:24,restoreProjectSourceOrderToFiles
FNDA:384,(anonymous_54)
FNDA:384,(anonymous_55)
FNDA:19,addAllFilesToExperimentProcesses
FNDA:21,makeTemplateTable
FNDA:861,(anonymous_60)
DA:1,1
DA:2,1
DA:3,1
DA:4,1
DA:5,1
DA:6,1
DA:8,1
DA:10,1
DA:11,1
DA:12,1
DA:13,1
DA:14,1
DA:15,1
DA:17,1
DA:19,31
DA:27,31
DA:30,29
DA:33,29
DA:34,29
DA:37,29
DA:38,12
DA:39,12
DA:42,29
DA:43,12
DA:50,17
DA:54,29
DA:57,424
DA:59,424
DA:60,424
DA:63,424
DA:64,1861
DA:65,339
DA:68,424
DA:69,85
DA:70,85
DA:73,85
DA:76,339
DA:80,424
DA:83,420
DA:87,504
DA:92,420
DA:93,420
DA:97,420
DA:100,84
DA:101,84
DA:105,84
DA:107,65
DA:110,65
DA:111,65
DA:114,65
DA:117,39
DA:118,34
DA:119,34
DA:122,65
DA:124,51
DA:125,119
DA:127,51
DA:128,51
DA:130,51
DA:132,51
DA:133,119
DA:135,51
DA:139,65
DA:141,65
DA:142,153
DA:143,593
DA:144,153
DA:148,65
DA:150,65
DA:153,63
DA:158,84
DA:165,63
DA:166,147
DA:169,63
DA:170,63
DA:172,63
DA:173,147
DA:177,21
DA:178,21
DA:180,21
DA:183,77
DA:185,77
DA:186,77
DA:187,77
DA:188,77
DA:189,9
DA:191,77
DA:193,68
DA:194,68
DA:195,68
DA:196,0
DA:197,0
DA:198,0
DA:202,68
DA:203,68
DA:210,68
DA:221,68
DA:223,68
DA:224,0
DA:229,68
DA:231,68
DA:236,77
DA:237,77
DA:239,77
DA:242,76
DA:247,95
DA:253,76
DA:254,76
DA:257,76
DA:258,76
DA:261,76
DA:264,19
DA:265,19
DA:268,19
DA:271,58
DA:283,58
DA:285,58
DA:286,0
DA:291,58
DA:293,58
DA:294,58
DA:297,58
DA:300,95
DA:303,19
DA:305,114
DA:313,95
DA:314,456
DA:319,95
DA:320,456
DA:325,95
DA:328,57
DA:329,285
DA:331,285
DA:332,285
DA:333,285
DA:334,285
DA:335,57
DA:337,285
DA:341,57
DA:342,57
DA:348,19
DA:349,19
DA:352,19
DA:355,19
DA:358,19
DA:359,19
DA:373,19
DA:375,19
DA:377,38
DA:378,19
DA:379,19
DA:380,19
DA:382,19
DA:386,19
DA:387,19
DA:390,19
DA:393,1
DA:394,880
DA:397,16
DA:399,17
DA:405,16
DA:406,16
DA:407,16
DA:408,16
DA:411,16
DA:412,0
DA:415,1
DA:418,3
DA:419,3
DA:421,3
DA:422,48
DA:426,3
DA:427,48
DA:428,48
DA:429,48
DA:430,48
DA:431,0
DA:434,3
DA:437,336
DA:438,21
DA:440,357
DA:446,336
DA:447,336
DA:450,336
DA:451,336
DA:459,336
DA:464,24
DA:465,24
DA:468,384
DA:470,384
DA:472,24
DA:473,24
DA:476,1
DA:477,24
DA:478,24
DA:479,24
DA:480,384
DA:482,24
DA:483,384
DA:484,384
DA:486,24
DA:489,95
DA:492,114
DA:496,342
DA:498,342
DA:511,95
DA:513,95
DA:514,0
DA:519,95
DA:522,95
DA:523,95
DA:524,95
DA:526,95
DA:529,95
DA:531,19
DA:532,19
DA:534,19
DA:537,21
DA:538,21
DA:540,21
DA:542,21
DA:543,861
DA:546,21
DA:549,1
LF:224
LH:216
BRDA:34,5,0,0
BRDA:34,5,1,29
BRDA:38,6,0,12
BRDA:38,6,1,0
BRDA:42,7,0,17
BRDA:42,7,1,12
BRDA:60,9,0,0
BRDA:60,9,1,424
BRDA:64,10,0,339
BRDA:64,10,1,1522
BRDA:68,11,0,339
BRDA:68,11,1,85
BRDA:70,12,0,0
BRDA:70,12,1,85
BRDA:87,14,0,84
BRDA:87,14,1,420
BRDA:93,15,0,420
BRDA:93,15,1,0
BRDA:100,16,0,84
BRDA:100,16,1,0
BRDA:111,18,0,0
BRDA:111,18,1,65
BRDA:117,19,0,34
BRDA:117,19,1,5
BRDA:122,20,0,14
BRDA:122,20,1,51
BRDA:128,21,0,0
BRDA:128,21,1,51
BRDA:139,22,0,65
BRDA:139,22,1,0
BRDA:143,23,0,153
BRDA:143,23,1,440
BRDA:158,25,0,21
BRDA:158,25,1,63
BRDA:170,26,0,63
BRDA:170,26,1,0
BRDA:177,27,0,21
BRDA:177,27,1,0
BRDA:186,29,0,0
BRDA:186,29,1,77
BRDA:188,30,0,9
BRDA:188,30,1,68
BRDA:191,31,0,9
BRDA:191,31,1,68
BRDA:195,32,0,0
BRDA:195,32,1,68
BRDA:197,33,0,0
BRDA:197,33,1,0
BRDA:202,34,0,68
BRDA:202,34,1,0
BRDA:210,35,0,0
BRDA:210,35,1,68
BRDA:223,36,0,68
BRDA:223,36,1,0
BRDA:236,37,0,77
BRDA:236,37,1,0
BRDA:258,40,0,76
BRDA:258,40,1,0
BRDA:247,41,0,19
BRDA:247,41,1,76
BRDA:264,43,0,19
BRDA:264,43,1,0
BRDA:285,45,0,58
BRDA:285,45,1,0
BRDA:293,46,0,0
BRDA:293,46,1,58
BRDA:325,49,0,38
BRDA:325,49,1,57
BRDA:325,50,0,95
BRDA:325,50,1,95
BRDA:331,51,0,285
BRDA:331,51,1,0
BRDA:334,52,0,57
BRDA:334,52,1,228
BRDA:342,53,0,57
BRDA:342,53,1,0
BRDA:305,54,0,19
BRDA:305,54,1,95
BRDA:348,56,0,0
BRDA:348,56,1,19
BRDA:375,58,0,0
BRDA:375,58,1,19
BRDA:377,59,0,19
BRDA:377,59,1,19
BRDA:378,60,0,0
BRDA:378,60,1,19
BRDA:380,61,0,19
BRDA:380,61,1,0
BRDA:386,62,0,19
BRDA:386,62,1,0
BRDA:399,64,0,1
BRDA:399,64,1,16
BRDA:405,65,0,0
BRDA:405,65,1,16
BRDA:407,66,0,16
BRDA:407,66,1,0
BRDA:411,67,0,0
BRDA:411,67,1,16
BRDA:430,69,0,0
BRDA:430,69,1,48
BRDA:440,71,0,21
BRDA:440,71,1,336
BRDA:447,72,0,0
BRDA:447,72,1,336
BRDA:470,74,0,384
BRDA:470,74,1,0
BRDA:492,76,0,19
BRDA:492,76,1,95
BRDA:513,77,0,95
BRDA:513,77,1,0
BRDA:522,78,0,0
BRDA:522,78,1,95
BRDA:524,79,0,95
BRDA:524,79,1,0
BRDA:529,80,0,95
BRDA:529,80,1,0
BRDA:531,81,0,19
BRDA:531,81,1,0
BRDA:540,83,0,21
BRDA:540,83,1,0
BRF:120
BRH:78
end_of_record
TN:
SF:/Users/weymouth/working/MaterialsCommons/workspace/src/github.com/materials-commons/materialscommons.org/backend/servers/mcapi/resources/projects/experiments/processes.js
FN:12,getProcessesForExperiment
FN:24,createProcessInExperimentFromTemplate
FN:36,updateExperimentProcess
FN:58,validateUpdateExperimentProcessTemplateArgs
FN:121,getProcess
FN:132,convertPropertyDateValues
FN:148,cloneProcess
FN:169,setDefaultCloneArgValues
FN:181,validateCloneArgs
FN:183,(anonymous_18)
FN:191,(anonymous_19)
FN:202,createResource
FNF:12
FNH:1
FNDA:0,getProcessesForExperiment
FNDA:0,createProcessInExperimentFromTemplate
FNDA:0,updateExperimentProcess
FNDA:221,validateUpdateExperimentProcessTemplateArgs
FNDA:0,getProcess
FNDA:0,convertPropertyDateValues
FNDA:0,cloneProcess
FNDA:0,setDefaultCloneArgValues
FNDA:0,validateCloneArgs
FNDA:0,(anonymous_18)
FNDA:0,(anonymous_19)
FNDA:0,createResource
DA:1,1
DA:2,1
DA:3,1
DA:4,1
DA:5,1
DA:6,1
DA:7,1
DA:8,1
DA:9,1
DA:10,1
DA:12,1
DA:14,0
DA:15,0
DA:16,0
DA:17,0
DA:19,0
DA:21,0
DA:24,1
DA:25,0
DA:27,0
DA:28,0
DA:29,0
DA:31,0
DA:33,0
DA:36,1
DA:37,0
DA:38,0
DA:39,0
DA:40,0
DA:41,0
DA:42,0
DA:43,0
DA:45,0
DA:47,0
DA:48,0
DA:49,0
DA:51,0
DA:55,0
DA:58,342
DA:59,221
DA:60,0
DA:63,221
DA:64,221
DA:65,221
DA:66,0
DA:70,221
DA:72,221
DA:73,346
DA:75,288
DA:76,288
DA:77,0
DA:82,221
DA:83,0
DA:86,221
DA:87,0
DA:90,221
DA:91,437
DA:93,342
DA:94,342
DA:95,0
DA:100,221
DA:101,0
DA:104,221
DA:105,0
DA:108,221
DA:109,136
DA:111,68
DA:112,68
DA:113,0
DA:118,221
DA:121,1
DA:122,0
DA:123,0
DA:124,0
DA:125,0
DA:127,0
DA:129,0
DA:132,1
DA:133,0
DA:134,0
DA:135,0
DA:136,0
DA:137,0
DA:138,0
DA:139,0
DA:145,0
DA:148,1
DA:149,0
DA:150,0
DA:151,0
DA:152,0
DA:153,0
DA:154,0
DA:156,0
DA:158,0
DA:159,0
DA:160,0
DA:162,0
DA:166,0
DA:169,1
DA:170,0
DA:171,0
DA:174,0
DA:175,0
DA:178,0
DA:181,1
DA:182,0
DA:183,0
DA:184,0
DA:185,0
DA:186,0
DA:190,0
DA:191,0
DA:192,0
DA:193,0
DA:194,0
DA:198,0
DA:202,1
DA:203,0
DA:205,0
DA:206,0
DA:208,0
DA:210,0
DA:211,0
DA:212,0
DA:214,0
DA:217,1
LF:127
LH:43
BRDA:15,4,0,0
BRDA:15,4,1,0
BRDA:27,6,0,0
BRDA:27,6,1,0
BRDA:41,8,0,0
BRDA:41,8,1,0
BRDA:47,9,0,0
BRDA:47,9,1,0
BRDA:59,11,0,221
BRDA:59,11,1,0
BRDA:59,12,0,221
BRDA:59,12,1,58
BRDA:63,13,0,0
BRDA:63,13,1,221
BRDA:65,14,0,221
BRDA:65,14,1,0
BRDA:72,15,0,163
BRDA:72,15,1,58
BRDA:73,16,0,58
BRDA:73,16,1,288
BRDA:76,17,0,288
BRDA:76,17,1,0
BRDA:82,18,0,221
BRDA:82,18,1,0
BRDA:82,19,0,221
BRDA:82,19,1,95
BRDA:86,20,0,221
BRDA:86,20,1,0
BRDA:86,21,0,221
BRDA:86,21,1,95
BRDA:90,22,0,126
BRDA:90,22,1,95
BRDA:91,23,0,95
BRDA:91,23,1,342
BRDA:94,24,0,342
BRDA:94,24,1,0
BRDA:100,25,0,221
BRDA:100,25,1,0
BRDA:100,26,0,221
BRDA:100,26,1,68
BRDA:104,27,0,221
BRDA:104,27,1,0
BRDA:104,28,0,221
BRDA:104,28,1,68
BRDA:108,29,0,153
BRDA:108,29,1,68
BRDA:109,30,0,68
BRDA:109,30,1,68
BRDA:112,31,0,68
BRDA:112,31,1,0
BRDA:123,33,0,0
BRDA:123,33,1,0
BRDA:133,34,0,0
BRDA:133,34,1,0
BRDA:137,35,0,0
BRDA:137,35,1,0
BRDA:152,37,0,0
BRDA:152,37,1,0
BRDA:158,38,0,0
BRDA:158,38,1,0
BRDA:170,39,0,0
BRDA:170,39,1,0
BRDA:174,40,0,0
BRDA:174,40,1,0
BRDA:182,42,0,0
BRDA:182,42,1,0
BRDA:185,43,0,0
BRDA:185,43,1,0
BRDA:190,44,0,0
BRDA:190,44,1,0
BRDA:193,45,0,0
BRDA:193,45,1,0
BRF:72
BRH:32
end_of_record
TN:
SF:/Users/weymouth/working/MaterialsCommons/workspace/src/github.com/materials-commons/materialscommons.org/backend/servers/mcapi/db/model/check.js
FN:4,allSamplesInDataset
FN:5,(anonymous_4)
FN:10,allFilesInDataset
FN:11,(anonymous_7)
FN:16,allProcessesInDataset
FN:17,(anonymous_10)
FN:22,allFilesInProject
FN:23,(anonymous_13)
FN:28,experimentExistsInProject
FN:33,taskInExperiment
FN:39,noteInExperiment
FN:45,taskIsUsingProcess
FN:50,templateExists
FN:55,isTemplateForTask
FN:60,isTemplateForProcess
FN:65,allSamplesInExperiment
FN:66,(anonymous_30)
FN:71,allFilesInExperiment
FN:72,(anonymous_33)
FN:77,allProcessesInExperiment
FN:78,(anonymous_36)
FN:83,allSamplesInProcess
FN:84,(anonymous_39)
FN:89,allFilesInProcess
FN:90,(anonymous_42)
FN:95,sampleInExperiment
FN:100,processInExperiment
FN:105,fileInProject
FN:110,experimentHasDataset
FN:115,taskProcessIsUnused
FN:124,sampleInProject
FN:129,sampleHasPropertySet
FN:134,allSamplesInProject
FN:135,(anonymous_59)
FN:140,userHasProjectAccess
FN:145,isUserProjectOwner
FN:150,isUserExperimentOwner
FN:155,directoryInProject
FN:160,processInProject
FNF:39
FNH:4
FNDA:0,allSamplesInDataset
FNDA:0,(anonymous_4)
FNDA:0,allFilesInDataset
FNDA:0,(anonymous_7)
FNDA:0,allProcessesInDataset
FNDA:0,(anonymous_10)
FNDA:0,allFilesInProject
FNDA:0,(anonymous_13)
FNDA:0,experimentExistsInProject
FNDA:0,taskInExperiment
FNDA:0,noteInExperiment
FNDA:0,taskIsUsingProcess
FNDA:0,templateExists
FNDA:0,isTemplateForTask
FNDA:221,isTemplateForProcess
FNDA:0,allSamplesInExperiment
FNDA:0,(anonymous_30)
FNDA:0,allFilesInExperiment
FNDA:0,(anonymous_33)
FNDA:0,allProcessesInExperiment
FNDA:0,(anonymous_36)
FNDA:0,allSamplesInProcess
FNDA:0,(anonymous_39)
FNDA:0,allFilesInProcess
FNDA:0,(anonymous_42)
FNDA:0,sampleInExperiment
FNDA:0,processInExperiment
FNDA:342,fileInProject
FNDA:0,experimentHasDataset
FNDA:0,taskProcessIsUnused
FNDA:68,sampleInProject
FNDA:68,sampleHasPropertySet
FNDA:0,allSamplesInProject
FNDA:0,(anonymous_59)
FNDA:0,userHasProjectAccess
FNDA:0,isUserProjectOwner
FNDA:0,isUserExperimentOwner
FNDA:0,directoryInProject
FNDA:0,processInProject
DA:1,1
DA:2,1
DA:4,1
DA:5,0
DA:6,0
DA:7,0
DA:10,1
DA:11,0
DA:12,0
DA:13,0
DA:16,1
DA:17,0
DA:18,0
DA:19,0
DA:22,1
DA:23,0
DA:24,0
DA:25,0
DA:28,1
DA:29,0
DA:30,0
DA:33,1
DA:34,0
DA:36,0
DA:39,1
DA:40,0
DA:42,0
DA:45,1
DA:46,0
DA:47,0
DA:50,1
DA:51,0
DA:52,0
DA:55,1
DA:56,0
DA:57,0
DA:60,221
DA:61,221
DA:62,221
DA:65,1
DA:66,0
DA:67,0
DA:68,0
DA:71,1
DA:72,0
DA:73,0
DA:74,0
DA:77,1
DA:78,0
DA:79,0
DA:80,0
DA:83,1
DA:84,0
DA:85,0
DA:86,0
DA:89,1
DA:90,0
DA:91,0
DA:92,0
DA:95,1
DA:96,0
DA:97,0
DA:100,1
DA:101,0
DA:102,0
DA:105,342
DA:106,342
DA:107,342
DA:110,1
DA:111,0
DA:112,0
DA:115,1
DA:116,0
DA:117,0
DA:118,0
DA:121,0
DA:124,68
DA:125,68
DA:126,68
DA:129,68
DA:130,68
DA:131,68
DA:134,1
DA:135,0
DA:136,0
DA:137,0
DA:140,1
DA:141,0
DA:142,0
DA:145,1
DA:146,0
DA:147,0
DA:150,1
DA:151,0
DA:152,0
DA:155,1
DA:156,0
DA:157,0
DA:160,1
DA:161,0
DA:162,0
DA:165,1
LF:102
LH:40
BRDA:117,24,0,0
BRDA:117,24,1,0
BRF:2
BRH:0
end_of_record
TN:
SF:/Users/weymouth/working/MaterialsCommons/workspace/src/github.com/materials-commons/materialscommons.org/backend/servers/mcapi/schema/index.js
FN:15,validate
FN:16,(anonymous_2)
FN:16,(anonymous_3)
FN:19,prepare
FN:26,defineRules
FNF:5
FNH:3
FNDA:698,validate
FNDA:698,(anonymous_2)
FNDA:0,(anonymous_3)
FNDA:0,prepare
FNDA:1,defineRules
DA:1,1
DA:2,1
DA:4,1
DA:6,1
DA:8,1
DA:9,1
DA:10,1
DA:11,1
DA:12,1
DA:13,1
DA:15,1
DA:16,698
DA:19,1
DA:20,0
DA:21,0
DA:26,1
DA:27,1
DA:28,1
DA:29,1
DA:30,1
DA:31,1
DA:32,1
DA:33,1
DA:34,1
DA:35,1
DA:36,1
DA:37,1
DA:38,1
DA:39,1
DA:40,1
DA:43,1
DA:44,1
DA:45,1
DA:46,1
DA:47,1
DA:48,1
DA:49,1
DA:50,1
DA:51,1
DA:52,1
DA:53,1
DA:54,1
DA:55,1
DA:56,1
DA:57,1
DA:58,1
DA:59,1
DA:60,1
DA:61,1
DA:62,1
DA:63,1
DA:64,1
DA:65,1
DA:67,1
LF:54
LH:52
BRF:0
BRH:0
end_of_record
TN:
SF:/Users/weymouth/working/MaterialsCommons/workspace/src/github.com/materials-commons/materialscommons.org/backend/servers/mcapi/schema/schema-rules.js
FN:36,mustExist
FN:37,(anonymous_2)
FN:52,mustNotExist
FN:56,(anonymous_4)
FN:72,mustNotExistInProject
FN:78,(anonymous_6)
FN:89,mustExistInProject
FN:93,(anonymous_8)
FN:101,(anonymous_9)
FN:112,isValidPropertyType
FN:122,isValidUnit
FN:133,isValidExperimentStatus
FN:140,(anonymous_13)
FN:143,oneOf
FN:158,mustNotStartWith
FN:177,mustBeForSample
FN:207,checkMatch
FN:230,mustBeValidMeasurements
FN:241,checkMeasures
FN:252,(anonymous_20)
FN:266,mustBeForAttributeSet
FN:278,(anonymous_22)
FN:283,mustNotExistInDirectory
FN:285,(anonymous_24)
FN:292,(anonymous_25)
FN:302,mustNotExistInParentDirectory
FN:307,(anonymous_27)
FN:321,(anonymous_28)
FNF:28
FNH:0
FNDA:0,mustExist
FNDA:0,(anonymous_2)
FNDA:0,mustNotExist
FNDA:0,(anonymous_4)
FNDA:0,mustNotExistInProject
FNDA:0,(anonymous_6)
FNDA:0,mustExistInProject
FNDA:0,(anonymous_8)
FNDA:0,(anonymous_9)
FNDA:0,isValidPropertyType
FNDA:0,isValidUnit
FNDA:0,isValidExperimentStatus
FNDA:0,(anonymous_13)
FNDA:0,oneOf
FNDA:0,mustNotStartWith
FNDA:0,mustBeForSample
FNDA:0,checkMatch
FNDA:0,mustBeValidMeasurements
FNDA:0,checkMeasures
FNDA:0,(anonymous_20)
FNDA:0,mustBeForAttributeSet
FNDA:0,(anonymous_22)
FNDA:0,mustNotExistInDirectory
FNDA:0,(anonymous_24)
FNDA:0,(anonymous_25)
FNDA:0,mustNotExistInParentDirectory
FNDA:0,(anonymous_27)
FNDA:0,(anonymous_28)
DA:1,1
DA:2,1
DA:3,1
DA:4,1
DA:5,1
DA:10,1
DA:17,1
DA:24,1
DA:36,1
DA:37,0
DA:38,0
DA:39,0
DA:40,0
DA:46,0
DA:52,1
DA:53,0
DA:56,0
DA:57,0
DA:58,0
DA:60,0
DA:66,0
DA:72,1
DA:73,0
DA:76,0
DA:77,0
DA:79,0
DA:84,0
DA:89,1
DA:90,0
DA:91,0
DA:94,0
DA:99,0
DA:102,0
DA:107,0
DA:112,1
DA:113,0
DA:118,0
DA:122,1
DA:123,0
DA:128,0
DA:133,1
DA:134,0
DA:140,0
DA:143,1
DA:144,0
DA:145,0
DA:146,0
DA:147,0
DA:151,0
DA:158,1
DA:159,0
DA:160,0
DA:167,0
DA:177,1
DA:178,0
DA:183,0
DA:188,0
DA:189,0
DA:190,0
DA:191,0
DA:192,0
DA:194,0
DA:207,1
DA:208,0
DA:209,0
DA:211,0
DA:216,0
DA:230,1
DA:231,0
DA:232,0
DA:233,0
DA:234,0
DA:236,0
DA:241,1
DA:242,0
DA:247,0
DA:250,0
DA:252,0
DA:253,0
DA:255,0
DA:257,0
DA:262,0
DA:266,1
DA:267,0
DA:268,0
DA:271,0
DA:272,0
DA:277,0
DA:279,0
DA:283,1
DA:284,0
DA:285,0
DA:286,0
DA:291,0
DA:293,0
DA:298,0
DA:302,1
DA:303,0
DA:304,0
DA:306,0
DA:308,0
DA:309,0
DA:310,0
DA:311,0
DA:312,0
DA:318,0
DA:322,0
DA:327,0
DA:331,1
LF:109
LH:25
BRDA:39,1,0,0
BRDA:39,1,1,0
BRDA:58,2,0,0
BRDA:58,2,1,0
BRDA:79,3,0,0
BRDA:79,3,1,0
BRDA:94,4,0,0
BRDA:94,4,1,0
BRDA:118,5,0,0
BRDA:118,5,1,0
BRDA:128,6,0,0
BRDA:128,6,1,0
BRDA:140,7,0,0
BRDA:140,7,1,0
BRDA:146,8,0,0
BRDA:146,8,1,0
BRDA:159,9,0,0
BRDA:159,9,1,0
BRDA:178,10,0,0
BRDA:178,10,1,0
BRDA:189,11,0,0
BRDA:189,11,1,0
BRDA:191,12,0,0
BRDA:191,12,1,0
BRDA:208,13,0,0
BRDA:208,13,1,0
BRDA:233,14,0,0
BRDA:233,14,1,0
BRDA:247,15,0,0
BRDA:247,15,1,0
BRDA:255,16,0,0
BRDA:255,16,1,0
BRDA:262,17,0,0
BRDA:262,17,1,0
BRDA:267,18,0,0
BRDA:267,18,1,0
BRDA:279,19,0,0
BRDA:279,19,1,0
BRDA:286,20,0,0
BRDA:286,20,1,0
BRDA:308,21,0,0
BRDA:308,21,1,0
BRDA:311,22,0,0
BRDA:311,22,1,0
BRF:44
BRH:0
end_of_record
TN:
SF:/Users/weymouth/working/MaterialsCommons/workspace/src/github.com/materials-commons/materialscommons.org/backend/servers/mcapi/schema/directory-schema.js
FN:1,(anonymous_1)
FN:10,defineCreateDirectorySchema
FN:32,defineMoveDirectorySchema
FN:55,defineRenameDirectorySchema
FNF:4
FNH:4
FNDA:1,(anonymous_1)
FNDA:1,defineCreateDirectorySchema
FNDA:1,defineMoveDirectorySchema
FNDA:1,defineRenameDirectorySchema
DA:1,1
DA:2,1
DA:4,1
DA:10,1
DA:11,1
DA:28,1
DA:29,1
DA:32,1
DA:33,1
DA:51,1
DA:52,1
DA:55,1
DA:56,1
DA:75,1
DA:76,1
LF:15
LH:15
BRF:0
BRH:0
end_of_record
TN:
SF:/Users/weymouth/working/MaterialsCommons/workspace/src/github.com/materials-commons/materialscommons.org/backend/servers/mcapi/schema/experiment-schema.js
FN:1,(anonymous_1)
FN:16,defineCreateExperimentSchema
FN:59,defineUpdateExperimentSchema
FN:116,defineCreateExperimentTaskSchema
FN:142,defineUpdateExperimentTaskSchema
FN:186,defineCreateExperimentNoteSchema
FN:203,defineUpdateExperimentNoteSchema
FN:218,defineUpdateExperimentTaskTemplatePropsSchema
FN:235,defineTemplatePropertySchema
FN:287,defineTemplateCommandSchema
FNF:10
FNH:10
FNDA:1,(anonymous_1)
FNDA:1,defineCreateExperimentSchema
FNDA:1,defineUpdateExperimentSchema
FNDA:1,defineCreateExperimentTaskSchema
FNDA:1,defineUpdateExperimentTaskSchema
FNDA:1,defineCreateExperimentNoteSchema
FNDA:1,defineUpdateExperimentNoteSchema
FNDA:1,defineUpdateExperimentTaskTemplatePropsSchema
FNDA:1,defineTemplatePropertySchema
FNDA:1,defineTemplateCommandSchema
DA:1,1
DA:2,1
DA:4,1
DA:16,1
DA:17,1
DA:49,1
DA:55,1
DA:56,1
DA:59,1
DA:60,1
DA:111,1
DA:112,1
DA:113,1
DA:116,1
DA:117,1
DA:137,1
DA:138,1
DA:139,1
DA:142,1
DA:143,1
DA:181,1
DA:182,1
DA:183,1
DA:186,1
DA:187,1
DA:198,1
DA:199,1
DA:200,1
DA:203,1
DA:204,1
DA:213,1
DA:214,1
DA:215,1
DA:218,1
DA:219,1
DA:230,1
DA:231,1
DA:232,1
DA:235,1
DA:236,1
DA:282,1
DA:283,1
DA:284,1
DA:287,1
DA:288,1
DA:305,1
DA:308,1
DA:309,1
LF:48
LH:48
BRF:0
BRH:0
end_of_record
TN:
SF:/Users/weymouth/working/MaterialsCommons/workspace/src/github.com/materials-commons/materialscommons.org/backend/servers/mcapi/schema/samples-schema.js
FN:1,(anonymous_1)
FN:12,defineCreateSamplesSchema
FN:28,defineAddSamplesMeasurementsSchema
FN:45,defineUpdateSamplesMeasurementsSchema
FN:62,defineSamplesMeasurementSchema
FN:98,defineMeasurementSchema
FN:141,defineSamplesSchema
FNF:7
FNH:5
FNDA:1,(anonymous_1)
FNDA:1,defineCreateSamplesSchema
FNDA:1,defineAddSamplesMeasurementsSchema
FNDA:0,defineUpdateSamplesMeasurementsSchema
FNDA:1,defineSamplesMeasurementSchema
FNDA:1,defineMeasurementSchema
FNDA:0,defineSamplesSchema
DA:1,1
DA:2,1
DA:4,1
DA:12,1
DA:13,1
DA:23,1
DA:24,1
DA:25,1
DA:28,1
DA:29,1
DA:40,1
DA:41,1
DA:42,1
DA:45,1
DA:46,0
DA:57,0
DA:58,0
DA:59,0
DA:62,1
DA:63,1
DA:91,1
DA:94,1
DA:95,1
DA:98,1
DA:99,1
DA:134,1
DA:137,1
DA:138,1
DA:141,1
DA:142,0
DA:170,0
DA:174,0
DA:175,0
LF:33
LH:25
BRF:0
BRH:0
end_of_record
TN:
SF:/Users/weymouth/working/MaterialsCommons/workspace/src/github.com/materials-commons/materialscommons.org/backend/servers/mcapi/schema/process-schema.js
FN:1,(anonymous_1)
FN:10,defineCreateProcessSchema
FN:83,defineCreateProcessSetupSchema
FN:109,defineUpdateProcessSchema
FNF:4
FNH:3
FNDA:1,(anonymous_1)
FNDA:1,defineCreateProcessSchema
FNDA:0,defineCreateProcessSetupSchema
FNDA:1,defineUpdateProcessSchema
DA:1,1
DA:2,1
DA:4,1
DA:10,1
DA:11,1
DA:71,1
DA:79,1
DA:80,1
DA:83,1
DA:84,0
DA:103,0
DA:104,0
DA:105,0
DA:109,1
DA:110,1
DA:118,1
DA:123,1
DA:124,1
LF:18
LH:14
BRF:0
BRH:0
end_of_record
TN:
SF:/Users/weymouth/working/MaterialsCommons/workspace/src/github.com/materials-commons/materialscommons.org/backend/servers/mcapi/schema/user-schema.js
FN:1,(anonymous_1)
FN:8,defineUserAccountSchema
FNF:2
FNH:2
FNDA:1,(anonymous_1)
FNDA:1,defineUserAccountSchema
DA:1,1
DA:2,1
DA:4,1
DA:8,1
DA:9,1
DA:25,1
DA:26,1
DA:27,1
LF:8
LH:8
BRF:0
BRH:0
end_of_record
TN:
SF:/Users/weymouth/working/MaterialsCommons/workspace/src/github.com/materials-commons/materialscommons.org/backend/servers/mcapi/schema/dataset-schema.js
FN:1,(anonymous_1)
FN:11,defineCreateDatasetSchema
FN:29,defineDatasetAuthorSchema
FN:50,defineDatasetPaperSchema
FN:81,defineUpdateDatasetSchema
FNF:5
FNH:5
FNDA:1,(anonymous_1)
FNDA:1,defineCreateDatasetSchema
FNDA:1,defineDatasetAuthorSchema
FNDA:1,defineDatasetPaperSchema
FNDA:1,defineUpdateDatasetSchema
DA:1,1
DA:2,1
DA:4,1
DA:11,1
DA:12,1
DA:22,1
DA:25,1
DA:26,1
DA:29,1
DA:30,1
DA:45,1
DA:46,1
DA:47,1
DA:50,1
DA:51,1
DA:76,1
DA:77,1
DA:78,1
DA:81,1
DA:82,1
DA:136,1
DA:137,1
DA:138,1
LF:23
LH:23
BRF:0
BRH:0
end_of_record
TN:
SF:/Users/weymouth/working/MaterialsCommons/workspace/src/github.com/materials-commons/materialscommons.org/backend/servers/mcapi/resources/projects/experiments/validators.js
FN:5,validateSample
FN:32,validateProperty
FN:46,validateFile
FNF:3
FNH:3
FNDA:68,validateSample
FNDA:288,validateProperty
FNDA:342,validateFile
DA:1,1
DA:2,1
DA:3,1
DA:5,68
DA:6,68
DA:7,68
DA:8,0
DA:11,68
DA:12,0
DA:15,68
DA:16,0
DA:19,68
DA:20,68
DA:21,0
DA:24,68
DA:25,68
DA:26,0
DA:29,68
DA:32,288
DA:33,288
DA:34,288
DA:35,0
DA:39,288
DA:40,0
DA:43,288
DA:46,342
DA:47,342
DA:48,342
DA:49,0
DA:52,342
DA:53,0
DA:56,342
DA:57,342
DA:58,0
DA:61,342
DA:64,1
LF:36
LH:26
BRDA:7,4,0,68
BRDA:7,4,1,0
BRDA:11,5,0,68
BRDA:11,5,1,0
BRDA:11,6,0,68
BRDA:11,6,1,0
BRDA:15,7,0,68
BRDA:15,7,1,0
BRDA:20,8,0,68
BRDA:20,8,1,0
BRDA:25,9,0,68
BRDA:25,9,1,0
BRDA:34,11,0,288
BRDA:34,11,1,0
BRDA:39,12,0,288
BRDA:39,12,1,0
BRDA:48,14,0,342
BRDA:48,14,1,0
BRDA:52,15,0,342
BRDA:52,15,1,0
BRDA:52,16,0,342
BRDA:52,16,1,0
BRDA:57,17,0,342
BRDA:57,17,1,0
BRF:24
BRH:12
end_of_record
TN:
SF:/Users/weymouth/working/MaterialsCommons/workspace/src/github.com/materials-commons/materialscommons.org/backend/servers/mcapi/schema/property-validator.js
FN:3,isValidSetupProperty
FN:9,(anonymous_2)
FN:26,isValidUnit
FN:34,(anonymous_4)
FN:38,isValidValue
FN:57,isValidSelectionValue
FN:59,(anonymous_7)
FN:76,isValidNumber
FN:80,isValidString
FN:87,isValidDate
FNF:10
FNH:9
FNDA:288,isValidSetupProperty
FNDA:1261,(anonymous_2)
FNDA:288,isValidUnit
FNDA:95,(anonymous_4)
FNDA:288,isValidValue
FNDA:39,isValidSelectionValue
FNDA:58,(anonymous_7)
FNDA:171,isValidNumber
FNDA:78,isValidString
FNDA:0,isValidDate
DA:1,1
DA:3,1
DA:4,288
DA:5,288
DA:6,0
DA:9,1261
DA:10,288
DA:11,0
DA:15,288
DA:16,0
DA:19,288
DA:20,0
DA:23,288
DA:26,1
DA:27,288
DA:28,95
DA:29,193
DA:30,0
DA:31,193
DA:32,136
DA:34,95
DA:38,1
DA:39,288
DA:41,39
DA:43,171
DA:45,0
DA:47,0
DA:49,78
DA:51,0
DA:53,0
DA:57,1
DA:58,39
DA:59,39
DA:60,58
DA:61,0
DA:63,58
DA:69,39
DA:70,0
DA:72,39
DA:76,1
DA:77,171
DA:80,1
DA:81,78
DA:87,1
DA:88,0
DA:108,1
LF:46
LH:34
BRDA:5,1,0,0
BRDA:5,1,1,288
BRDA:10,2,0,0
BRDA:10,2,1,288
BRDA:15,3,0,0
BRDA:15,3,1,288
BRDA:19,4,0,0
BRDA:19,4,1,288
BRDA:27,5,0,95
BRDA:27,5,1,193
BRDA:27,6,0,288
BRDA:27,6,1,95
BRDA:29,7,0,0
BRDA:29,7,1,193
BRDA:29,8,0,193
BRDA:29,8,1,136
BRDA:31,9,0,136
BRDA:31,9,1,57
BRDA:31,10,0,193
BRDA:31,10,1,136
BRDA:40,11,0,39
BRDA:40,11,1,171
BRDA:40,11,2,0
BRDA:40,11,3,0
BRDA:40,11,4,78
BRDA:40,11,5,0
BRDA:40,11,6,0
BRDA:60,12,0,0
BRDA:60,12,1,58
BRDA:63,13,0,58
BRDA:63,13,1,39
BRDA:69,14,0,0
BRDA:69,14,1,39
BRDA:69,15,0,39
BRDA:69,15,1,0
BRF:35
BRH:24
end_of_record
TN:
SF:/Users/weymouth/working/MaterialsCommons/workspace/src/github.com/materials-commons/materialscommons.org/backend/servers/mcapi/resources/resource-access.js
FN:6,validateProjectAccess
FN:28,validateProjectOwner
FN:41,validateExperimentOwner
FN:54,validateExperimentInProject
FN:66,validateDatasetInExperiment
FN:78,validateSampleInExperiment
FN:88,validateProcessInExperiment
FN:100,validateSampleInProject
FN:112,validateDirectoryInProject
FN:124,validateProcessInProject
FN:136,validateFileInProject
FN:148,validateTaskInExperiment
FN:158,validateTemplateExists
FN:168,validateNoteInExperiment
FNF:14
FNH:0
FNDA:0,validateProjectAccess
FNDA:0,validateProjectOwner
FNDA:0,validateExperimentOwner
FNDA:0,validateExperimentInProject
FNDA:0,validateDatasetInExperiment
FNDA:0,validateSampleInExperiment
FNDA:0,validateProcessInExperiment
FNDA:0,validateSampleInProject
FNDA:0,validateDirectoryInProject
FNDA:0,validateProcessInProject
FNDA:0,validateFileInProject
FNDA:0,validateTaskInExperiment
FNDA:0,validateTemplateExists
FNDA:0,validateNoteInExperiment
DA:1,1
DA:2,1
DA:3,1
DA:4,1
DA:6,1
DA:8,0
DA:9,0
DA:11,0
DA:12,0
DA:15,0
DA:16,0
DA:19,0
DA:25,0
DA:28,1
DA:30,0
DA:31,0
DA:32,0
DA:33,0
DA:34,0
DA:35,0
DA:38,0
DA:41,1
DA:43,0
DA:44,0
DA:45,0
DA:46,0
DA:47,0
DA:48,0
DA:51,0
DA:54,1
DA:57,0
DA:58,0
DA:59,0
DA:60,0
DA:61,0
DA:63,0
DA:66,1
DA:69,0
DA:70,0
DA:71,0
DA:72,0
DA:73,0
DA:75,0
DA:78,1
DA:79,0
DA:80,0
DA:81,0
DA:82,0
DA:83,0
DA:85,0
DA:88,1
DA:89,0
DA:90,0
DA:91,0
DA:92,0
DA:93,0
DA:94,0
DA:97,0
DA:100,1
DA:101,0
DA:102,0
DA:103,0
DA:104,0
DA:105,0
DA:106,0
DA:109,0
DA:112,1
DA:113,0
DA:114,0
DA:115,0
DA:116,0
DA:117,0
DA:118,0
DA:121,0
DA:124,1
DA:125,0
DA:126,0
DA:127,0
DA:128,0
DA:129,0
DA:130,0
DA:133,0
DA:136,1
DA:137,0
DA:138,0
DA:139,0
DA:140,0
DA:141,0
DA:142,0
DA:145,0
DA:148,1
DA:149,0
DA:150,0
DA:151,0
DA:152,0
DA:153,0
DA:155,0
DA:158,1
DA:159,0
DA:160,0
DA:161,0
DA:162,0
DA:163,0
DA:165,0
DA:168,1
DA:169,0
DA:170,0
DA:171,0
DA:172,0
DA:173,0
DA:175,0
DA:178,1
LF:112
LH:19
BRDA:8,4,0,0
BRDA:8,4,1,0
BRDA:11,5,0,0
BRDA:11,5,1,0
BRDA:15,6,0,0
BRDA:15,6,1,0
BRDA:30,8,0,0
BRDA:30,8,1,0
BRDA:32,9,0,0
BRDA:32,9,1,0
BRDA:43,11,0,0
BRDA:43,11,1,0
BRDA:45,12,0,0
BRDA:45,12,1,0
BRDA:58,14,0,0
BRDA:58,14,1,0
BRDA:70,16,0,0
BRDA:70,16,1,0
BRDA:80,18,0,0
BRDA:80,18,1,0
BRDA:89,20,0,0
BRDA:89,20,1,0
BRDA:91,21,0,0
BRDA:91,21,1,0
BRDA:101,23,0,0
BRDA:101,23,1,0
BRDA:103,24,0,0
BRDA:103,24,1,0
BRDA:113,26,0,0
BRDA:113,26,1,0
BRDA:113,27,0,0
BRDA:113,27,1,0
BRDA:115,28,0,0
BRDA:115,28,1,0
BRDA:125,30,0,0
BRDA:125,30,1,0
BRDA:127,31,0,0
BRDA:127,31,1,0
BRDA:137,33,0,0
BRDA:137,33,1,0
BRDA:139,34,0,0
BRDA:139,34,1,0
BRDA:150,36,0,0
BRDA:150,36,1,0
BRDA:160,38,0,0
BRDA:160,38,1,0
BRDA:170,40,0,0
BRDA:170,40,1,0
BRF:48
BRH:0
end_of_record
TN:
SF:/Users/weymouth/working/MaterialsCommons/workspace/src/github.com/materials-commons/materialscommons.org/backend/servers/mcapi/db/model/access.js
FN:3,allByProject
FN:4,(anonymous_2)
FN:6,(anonymous_3)
FN:16,adminUsers
FNF:4
FNH:0
FNDA:0,allByProject
FNDA:0,(anonymous_2)
FNDA:0,(anonymous_3)
FNDA:0,adminUsers
DA:1,1
DA:3,1
DA:4,0
DA:5,0
DA:6,0
DA:7,0
DA:8,0
DA:10,0
DA:12,0
DA:16,1
DA:17,0
DA:20,1
LF:12
LH:4
BRDA:7,1,0,0
BRDA:7,1,1,0
BRF:2
BRH:0
end_of_record
TN:
SF:/Users/weymouth/working/MaterialsCommons/workspace/src/github.com/materials-commons/materialscommons.org/backend/servers/mcapi/resources/project-access-cache.js
FN:4,ProjectAccessCache
FN:10,find
FN:14,(anonymous_6)
FN:27,clear
FN:32,validateAccess
FN:45,(anonymous_9)
FN:55,(anonymous_10)
FNF:7
FNH:2
FNDA:1,ProjectAccessCache
FNDA:0,find
FNDA:0,(anonymous_6)
FNDA:0,clear
FNDA:0,validateAccess
FNDA:0,(anonymous_9)
FNDA:1,(anonymous_10)
DA:1,1
DA:3,1
DA:4,1
DA:5,1
DA:6,1
DA:7,1
DA:11,0
DA:12,0
DA:14,0
DA:15,0
DA:19,0
DA:20,0
DA:23,0
DA:24,0
DA:28,0
DA:29,0
DA:33,0
DA:34,0
DA:37,0
DA:38,0
DA:41,0
DA:42,0
DA:45,0
DA:46,0
DA:50,0
DA:54,1
DA:55,1
DA:56,1
DA:57,1
DA:60,1
LF:30
LH:11
BRDA:11,4,0,0
BRDA:11,4,1,0
BRDA:19,5,0,0
BRDA:19,5,1,0
BRDA:33,6,0,0
BRDA:33,6,1,0
BRDA:37,7,0,0
BRDA:37,7,1,0
BRDA:41,8,0,0
BRDA:41,8,1,0
BRDA:56,9,0,1
BRDA:56,9,1,0
BRF:12
BRH:1
end_of_record
TN:
SF:/Users/weymouth/working/MaterialsCommons/workspace/src/github.com/materials-commons/materialscommons.org/backend/servers/mcapi/build-demo/build-demo-project-conf.js
FNF:0
FNH:0
DA:2,1
DA:3,1
DA:4,1
DA:5,1
DA:8,1
DA:9,1
DA:10,1
DA:11,1
DA:13,1
DA:78,1
DA:83,1
DA:89,1
DA:96,1
DA:97,1
DA:98,1
DA:99,1
DA:100,1
DA:101,1
DA:103,1
DA:122,1
DA:123,1
DA:124,1
DA:126,1
DA:130,1
LF:24
LH:24
BRF:0
BRH:0
end_of_record
TN:
SF:/Users/weymouth/working/MaterialsCommons/workspace/src/github.com/materials-commons/materialscommons.org/backend/servers/mcapi/build-demo/build-demo-project.js
[...]
FN:294,updateProcessesInDataset
FN:301,(anonymous_30)
FN:302,(anonymous_31)
FN:314,validateUpdateProcessesInDataset
FN:354,getSamplesForDataset
FN:365,publishDataset
FN:376,unpublishDataset
FN:387,createAndAddNewDoi
FN:412,validateDoiMintingArgs
FN:425,getDoiServerLink
FN:436,doiServerStatus
FN:447,getDoiMetadata
FN:458,validateDoiServerSetup
FN:478,validateHasDoi
FN:488,createResource
FNF:30
FNH:0
FNDA:0,getDatasetsForExperiment
FNDA:0,getDatasetForExperiment
FNDA:0,createDatasetForExperiment
FNDA:0,deleteDatasetFromExperiment
FNDA:0,updateDatasetForExperiment
FNDA:0,validateUpdateDataset
FNDA:0,addSampleToDataset
FNDA:0,updateSamplesInDataset
FNDA:0,(anonymous_18)
FNDA:0,(anonymous_19)
FNDA:0,validateUpdateSamplesInDataset
FNDA:0,updateFilesInDataset
FNDA:0,(anonymous_24)
FNDA:0,(anonymous_25)
FNDA:0,validateUpdateFilesInDataset
FNDA:0,updateProcessesInDataset
FNDA:0,(anonymous_30)
FNDA:0,(anonymous_31)
FNDA:0,validateUpdateProcessesInDataset
FNDA:0,getSamplesForDataset
FNDA:0,publishDataset
FNDA:0,unpublishDataset
FNDA:0,createAndAddNewDoi
FNDA:0,validateDoiMintingArgs
FNDA:0,getDoiServerLink
FNDA:0,doiServerStatus
FNDA:0,getDoiMetadata
FNDA:0,validateDoiServerSetup
FNDA:0,validateHasDoi
FNDA:0,createResource
DA:1,1
DA:2,1
DA:3,1
DA:4,1
DA:5,1
DA:6,1
DA:7,1
DA:8,1
DA:9,1
DA:11,1
DA:12,0
DA:13,0
DA:14,0
DA:15,0
DA:17,0
DA:19,0
DA:22,1
DA:23,0
DA:24,0
DA:25,0
DA:26,0
DA:28,0
DA:30,0
DA:33,1
DA:34,0
DA:35,0
DA:36,0
DA:37,0
DA:38,0
DA:39,0
DA:41,0
DA:42,0
DA:43,0
DA:44,0
DA:46,0
DA:49,0
DA:52,1
DA:53,0
DA:54,0
DA:55,0
DA:56,0
DA:58,0
DA:59,0
DA:60,0
DA:61,0
DA:63,0
DA:66,0
DA:69,1
DA:70,0
DA:71,0
DA:72,0
DA:73,0
DA:74,0
DA:75,0
DA:77,0
DA:78,0
DA:79,0
DA:80,0
DA:82,0
DA:85,0
DA:88,1
DA:89,0
DA:90,0
DA:91,0
DA:94,0
DA:95,0
DA:96,0
DA:97,0
DA:98,0
DA:99,0
DA:100,0
DA:101,0
DA:106,0
DA:107,0
DA:108,0
DA:109,0
DA:110,0
DA:111,0
DA:112,0
DA:113,0
DA:118,0
DA:120,0
DA:122,0
DA:128,0
DA:134,0
DA:140,0
DA:141,0
DA:146,0
DA:149,0
DA:152,0
DA:153,0
DA:154,0
DA:155,0
DA:160,0
DA:163,1
DA:164,0
DA:165,0
DA:166,0
DA:167,0
DA:169,0
DA:171,0
DA:174,1
DA:175,0
DA:176,0
DA:177,0
DA:178,0
DA:179,0
DA:181,0
DA:182,0
DA:183,0
DA:184,0
DA:185,0
DA:186,0
DA:188,0
DA:191,0
DA:194,1
DA:195,0
DA:196,0
DA:200,0
DA:202,0
DA:203,0
DA:204,0
DA:205,0
DA:206,0
DA:207,0
DA:208,0
DA:209,0
DA:213,0
DA:214,0
DA:215,0
DA:216,0
DA:220,0
DA:221,0
DA:222,0
DA:223,0
DA:227,0
DA:228,0
DA:231,0
DA:234,1
DA:235,0
DA:236,0
DA:237,0
DA:238,0
DA:239,0
DA:241,0
DA:242,0
DA:243,0
DA:244,0
DA:245,0
DA:246,0
DA:248,0
DA:251,0
DA:254,1
DA:255,0
DA:256,0
DA:260,0
DA:262,0
DA:263,0
DA:264,0
DA:265,0
DA:266,0
DA:267,0
DA:268,0
DA:269,0
DA:273,0
DA:274,0
DA:275,0
DA:276,0
DA:280,0
DA:281,0
DA:282,0
DA:283,0
DA:287,0
DA:288,0
DA:291,0
DA:294,1
DA:295,0
DA:296,0
DA:297,0
DA:298,0
DA:299,0
DA:301,0
DA:302,0
DA:303,0
DA:304,0
DA:305,0
DA:306,0
DA:308,0
DA:311,0
DA:314,1
DA:315,0
DA:316,0
DA:320,0
DA:322,0
DA:323,0
DA:324,0
DA:325,0
DA:326,0
DA:327,0
DA:328,0
DA:329,0
DA:333,0
DA:334,0
DA:335,0
DA:336,0
DA:340,0
DA:341,0
DA:342,0
DA:343,0
DA:347,0
DA:348,0
DA:351,0
DA:354,1
DA:355,0
DA:356,0
DA:357,0
DA:358,0
DA:360,0
DA:362,0
DA:365,1
DA:366,0
DA:367,0
DA:368,0
DA:369,0
DA:371,0
DA:373,0
DA:376,1
DA:377,0
DA:378,0
DA:379,0
DA:380,0
DA:382,0
DA:384,0
DA:387,1
DA:388,0
DA:389,0
DA:390,0
DA:391,0
DA:392,0
DA:395,0
DA:396,0
DA:397,0
DA:401,0
DA:402,0
DA:404,0
DA:409,0
DA:412,1
DA:413,0
DA:414,0
DA:416,0
DA:417,0
DA:419,0
DA:420,0
DA:422,0
DA:425,1
DA:426,0
DA:427,0
DA:428,0
DA:429,0
DA:431,0
DA:433,0
DA:436,1
DA:437,0
DA:438,0
DA:439,0
DA:440,0
DA:442,0
DA:444,0
DA:447,1
DA:448,0
DA:449,0
DA:450,0
DA:451,0
DA:453,0
DA:455,0
DA:458,1
DA:464,0
DA:466,0
DA:467,0
DA:468,0
DA:469,0
DA:471,0
DA:472,0
DA:473,0
DA:475,0
DA:478,1
DA:479,0
DA:480,0
DA:481,0
DA:482,0
DA:483,0
DA:485,0
DA:488,1
DA:489,0
DA:490,0
DA:491,0
DA:493,0
DA:495,0
DA:496,0
DA:497,0
DA:498,0
DA:499,0
DA:500,0
DA:501,0
DA:502,0
DA:503,0
DA:505,0
DA:507,0
DA:508,0
DA:510,0
DA:512,0
DA:514,0
DA:516,0
DA:519,1
LF:314
LH:34
BRDA:13,4,0,0
BRDA:13,4,1,0
BRDA:24,6,0,0
BRDA:24,6,1,0
BRDA:37,8,0,0
BRDA:37,8,1,0
BRDA:42,9,0,0
BRDA:42,9,1,0
BRDA:54,11,0,0
BRDA:54,11,1,0
BRDA:59,12,0,0
BRDA:59,12,1,0
BRDA:73,14,0,0
BRDA:73,14,1,0
BRDA:78,15,0,0
BRDA:78,15,1,0
BRDA:90,17,0,0
BRDA:90,17,1,0
BRDA:94,18,0,0
BRDA:94,18,1,0
BRDA:94,19,0,0
BRDA:94,19,1,0
BRDA:96,20,0,0
BRDA:96,20,1,0
BRDA:100,22,0,0
BRDA:100,22,1,0
BRDA:106,26,0,0
BRDA:106,26,1,0
BRDA:106,27,0,0
BRDA:106,27,1,0
BRDA:108,28,0,0
BRDA:108,28,1,0
BRDA:112,30,0,0
BRDA:112,30,1,0
BRDA:118,34,0,0
BRDA:118,34,1,0
BRDA:118,35,0,0
BRDA:118,35,1,0
BRDA:140,39,0,0
BRDA:140,39,1,0
BRDA:152,40,0,0
BRDA:152,40,1,0
BRDA:153,41,0,0
BRDA:153,41,1,0
BRDA:154,42,0,0
BRDA:154,42,1,0
BRDA:165,44,0,0
BRDA:165,44,1,0
BRDA:177,46,0,0
BRDA:177,46,1,0
BRDA:184,47,0,0
BRDA:184,47,1,0
BRDA:195,49,0,0
BRDA:195,49,1,0
BRDA:195,50,0,0
BRDA:195,50,1,0
BRDA:200,51,0,0
BRDA:200,51,1,0
BRDA:202,52,0,0
BRDA:202,52,1,0
BRDA:204,53,0,0
BRDA:204,53,1,0
BRDA:204,54,0,0
BRDA:204,54,1,0
BRDA:206,55,0,0
BRDA:206,55,1,0
BRDA:208,56,0,0
BRDA:208,56,1,0
BRDA:213,57,0,0
BRDA:213,57,1,0
BRDA:215,58,0,0
BRDA:215,58,1,0
BRDA:220,59,0,0
BRDA:220,59,1,0
BRDA:222,60,0,0
BRDA:222,60,1,0
BRDA:227,61,0,0
BRDA:227,61,1,0
BRDA:227,62,0,0
BRDA:227,62,1,0
BRDA:237,64,0,0
BRDA:237,64,1,0
BRDA:244,65,0,0
BRDA:244,65,1,0
BRDA:255,67,0,0
BRDA:255,67,1,0
BRDA:255,68,0,0
BRDA:255,68,1,0
BRDA:260,69,0,0
BRDA:260,69,1,0
BRDA:262,70,0,0
BRDA:262,70,1,0
BRDA:264,71,0,0
BRDA:264,71,1,0
BRDA:264,72,0,0
BRDA:264,72,1,0
BRDA:266,73,0,0
BRDA:266,73,1,0
BRDA:268,74,0,0
BRDA:268,74,1,0
BRDA:273,75,0,0
BRDA:273,75,1,0
BRDA:275,76,0,0
BRDA:275,76,1,0
BRDA:280,77,0,0
BRDA:280,77,1,0
BRDA:282,78,0,0
BRDA:282,78,1,0
BRDA:287,79,0,0
BRDA:287,79,1,0
BRDA:287,80,0,0
BRDA:287,80,1,0
BRDA:297,82,0,0
BRDA:297,82,1,0
BRDA:304,83,0,0
BRDA:304,83,1,0
BRDA:315,85,0,0
BRDA:315,85,1,0
BRDA:315,86,0,0
BRDA:315,86,1,0
BRDA:320,87,0,0
BRDA:320,87,1,0
BRDA:322,88,0,0
BRDA:322,88,1,0
BRDA:324,89,0,0
BRDA:324,89,1,0
BRDA:324,90,0,0
BRDA:324,90,1,0
BRDA:326,91,0,0
BRDA:326,91,1,0
BRDA:328,92,0,0
BRDA:328,92,1,0
BRDA:333,93,0,0
BRDA:333,93,1,0
BRDA:335,94,0,0
BRDA:335,94,1,0
BRDA:340,95,0,0
BRDA:340,95,1,0
BRDA:342,96,0,0
BRDA:342,96,1,0
BRDA:347,97,0,0
BRDA:347,97,1,0
BRDA:347,98,0,0
BRDA:347,98,1,0
BRDA:356,100,0,0
BRDA:356,100,1,0
BRDA:367,102,0,0
BRDA:367,102,1,0
BRDA:378,104,0,0
BRDA:378,104,1,0
BRDA:390,106,0,0
BRDA:390,106,1,0
BRDA:395,107,0,0
BRDA:395,107,1,0
BRDA:401,108,0,0
BRDA:401,108,1,0
BRDA:413,109,0,0
BRDA:413,109,1,0
BRDA:416,110,0,0
BRDA:416,110,1,0
BRDA:419,111,0,0
BRDA:419,111,1,0
BRDA:427,113,0,0
BRDA:427,113,1,0
BRDA:438,115,0,0
BRDA:438,115,1,0
BRDA:449,117,0,0
BRDA:449,117,1,0
BRDA:463,119,0,0
BRDA:463,119,1,0
BRDA:463,119,2,0
BRDA:463,119,3,0
BRDA:464,120,0,0
BRDA:464,120,1,0
BRDA:466,121,0,0
BRDA:466,121,1,0
BRDA:467,122,0,0
BRDA:467,122,1,0
BRDA:468,123,0,0
BRDA:468,123,1,0
BRDA:469,124,0,0
BRDA:469,124,1,0
BRDA:480,126,0,0
BRDA:480,126,1,0
BRDA:480,127,0,0
BRDA:480,127,1,0
BRF:186
BRH:0
end_of_record
TN:
SF:/Users/weymouth/working/MaterialsCommons/workspace/src/github.com/materials-commons/materialscommons.org/backend/servers/mcapi/resources/projects/experiments/notes.js
FN:9,updateExperimentNote
FN:28,validateUpdateNoteArgs
FN:42,createExperimentNote
FN:61,validateCreateNoteArgs
FN:74,deleteExperimentNote
FN:85,createResource
FNF:6
FNH:0
FNDA:0,updateExperimentNote
FNDA:0,validateUpdateNoteArgs
FNDA:0,createExperimentNote
FNDA:0,validateCreateNoteArgs
FNDA:0,deleteExperimentNote
FNDA:0,createResource
DA:1,1
DA:2,1
DA:3,1
DA:4,1
DA:5,1
DA:6,1
DA:7,1
DA:9,1
DA:10,0
DA:11,0
DA:12,0
DA:13,0
DA:14,0
DA:15,0
DA:17,0
DA:18,0
DA:19,0
DA:20,0
DA:22,0
DA:25,0
DA:28,1
DA:29,0
DA:30,0
DA:31,0
DA:32,0
DA:35,0
DA:36,0
DA:39,0
DA:42,1
DA:43,0
DA:44,0
DA:45,0
DA:46,0
DA:47,0
DA:48,0
DA:50,0
DA:51,0
DA:52,0
DA:53,0
DA:55,0
DA:58,0
DA:61,1
DA:62,0
DA:63,0
DA:64,0
DA:67,0
DA:68,0
DA:71,0
DA:74,1
DA:75,0
DA:76,0
DA:77,0
DA:78,0
DA:80,0
DA:82,0
DA:85,1
DA:86,0
DA:88,0
DA:90,0
DA:92,0
DA:93,0
DA:95,0
DA:98,1
LF:63
LH:14
BRDA:13,4,0,0
BRDA:13,4,1,0
BRDA:18,5,0,0
BRDA:18,5,1,0
BRDA:31,7,0,0
BRDA:31,7,1,0
BRDA:35,8,0,0
BRDA:35,8,1,0
BRDA:35,9,0,0
BRDA:35,9,1,0
BRDA:46,11,0,0
BRDA:46,11,1,0
BRDA:51,12,0,0
BRDA:51,12,1,0
BRDA:63,14,0,0
BRDA:63,14,1,0
BRDA:67,15,0,0
BRDA:67,15,1,0
BRDA:76,17,0,0
BRDA:76,17,1,0
BRF:20
BRH:0
end_of_record
TN:
SF:/Users/weymouth/working/MaterialsCommons/workspace/src/github.com/materials-commons/materialscommons.org/backend/servers/mcapi/resources/projects/experiments/samples.js
FN:10,addSamplesToExperiment
FN:28,validateAddSamples
FN:41,validAddSampleArgs
FN:55,updateExperimentSamples
FN:73,validateUpdateSamples
FN:90,(anonymous_11)
FN:95,deleteSamplesFromExperiment
FN:114,validateDeleteSamples
FN:132,validateSamples
FN:146,addSamplesMeasurements
FN:165,validateAddSamplesMeasurements
FN:217,updateSamplesMeasurements
FN:235,validateUpdateSamplesMeasurements
FN:239,getSamplesForExperiment
FN:250,createResource
FNF:15
FNH:0
FNDA:0,addSamplesToExperiment
FNDA:0,validateAddSamples
FNDA:0,validAddSampleArgs
FNDA:0,updateExperimentSamples
FNDA:0,validateUpdateSamples
FNDA:0,(anonymous_11)
FNDA:0,deleteSamplesFromExperiment
FNDA:0,validateDeleteSamples
FNDA:0,validateSamples
FNDA:0,addSamplesMeasurements
FNDA:0,validateAddSamplesMeasurements
FNDA:0,updateSamplesMeasurements
FNDA:0,validateUpdateSamplesMeasurements
FNDA:0,getSamplesForExperiment
FNDA:0,createResource
DA:1,1
DA:2,1
DA:3,1
DA:4,1
DA:5,1
DA:6,1
DA:7,1
DA:8,1
DA:10,1
DA:11,0
DA:12,0
DA:13,0
DA:14,0
DA:15,0
DA:17,0
DA:18,0
DA:19,0
DA:20,0
DA:22,0
DA:25,0
DA:28,1
DA:29,0
DA:30,0
DA:33,0
DA:34,0
DA:35,0
DA:38,0
DA:41,1
DA:42,0
DA:43,0
DA:46,0
DA:47,0
DA:48,0
DA:52,0
DA:55,1
DA:56,0
DA:57,0
DA:58,0
DA:59,0
DA:60,0
DA:62,0
DA:63,0
DA:64,0
DA:65,0
DA:67,0
DA:70,0
DA:73,1
DA:74,0
DA:75,0
DA:78,0
DA:79,0
DA:83,0
DA:85,0
DA:86,0
DA:90,0
DA:92,0
DA:95,1
DA:96,0
DA:97,0
DA:98,0
DA:99,0
DA:100,0
DA:102,0
DA:104,0
DA:105,0
DA:106,0
DA:108,0
DA:111,0
DA:114,1
DA:115,0
DA:116,0
DA:119,0
DA:120,0
DA:123,0
DA:124,0
DA:125,0
DA:129,0
DA:132,1
DA:133,0
DA:134,0
DA:135,0
DA:138,0
DA:139,0
DA:140,0
DA:143,0
DA:146,1
DA:147,0
DA:148,0
DA:149,0
DA:150,0
DA:151,0
DA:152,0
DA:154,0
DA:155,0
DA:156,0
DA:157,0
DA:159,0
DA:162,0
DA:165,1
DA:166,0
DA:167,0
DA:168,0
DA:171,0
DA:173,0
DA:174,0
DA:179,0
DA:181,0
DA:182,0
DA:183,0
DA:184,0
DA:187,0
DA:188,0
DA:191,0
DA:197,0
DA:198,0
DA:199,0
DA:200,0
DA:201,0
DA:208,0
DA:209,0
DA:210,0
DA:214,0
DA:217,1
DA:218,0
DA:219,0
DA:220,0
DA:221,0
DA:222,0
DA:224,0
DA:225,0
DA:226,0
DA:227,0
DA:229,0
DA:232,0
DA:235,1
DA:236,0
DA:239,1
DA:240,0
DA:241,0
DA:242,0
DA:243,0
DA:245,0
DA:247,0
DA:250,1
DA:251,0
DA:253,0
DA:254,0
DA:255,0
DA:256,0
DA:257,0
DA:258,0
DA:260,0
DA:263,1
LF:153
LH:23
BRDA:13,4,0,0
BRDA:13,4,1,0
BRDA:18,5,0,0
BRDA:18,5,1,0
BRDA:29,7,0,0
BRDA:29,7,1,0
BRDA:34,8,0,0
BRDA:34,8,1,0
BRDA:42,9,0,0
BRDA:42,9,1,0
BRDA:42,10,0,0
BRDA:42,10,1,0
BRDA:47,11,0,0
BRDA:47,11,1,0
BRDA:58,13,0,0
BRDA:58,13,1,0
BRDA:63,14,0,0
BRDA:63,14,1,0
BRDA:74,16,0,0
BRDA:74,16,1,0
BRDA:74,17,0,0
BRDA:74,17,1,0
BRDA:74,17,2,0
BRDA:78,18,0,0
BRDA:78,18,1,0
BRDA:78,19,0,0
BRDA:78,19,1,0
BRDA:83,20,0,0
BRDA:83,20,1,0
BRDA:85,21,0,0
BRDA:85,21,1,0
BRDA:85,22,0,0
BRDA:85,22,1,0
BRDA:98,24,0,0
BRDA:98,24,1,0
BRDA:104,25,0,0
BRDA:104,25,1,0
BRDA:115,27,0,0
BRDA:115,27,1,0
BRDA:115,28,0,0
BRDA:115,28,1,0
BRDA:115,28,2,0
BRDA:119,29,0,0
BRDA:119,29,1,0
BRDA:119,30,0,0
BRDA:119,30,1,0
BRDA:124,32,0,0
BRDA:124,32,1,0
BRDA:134,34,0,0
BRDA:134,34,1,0
BRDA:139,35,0,0
BRDA:139,35,1,0
BRDA:150,37,0,0
BRDA:150,37,1,0
BRDA:155,38,0,0
BRDA:155,38,1,0
BRDA:167,40,0,0
BRDA:167,40,1,0
BRDA:173,41,0,0
BRDA:173,41,1,0
BRDA:179,42,0,0
BRDA:179,42,1,0
BRDA:183,43,0,0
BRDA:183,43,1,0
BRDA:191,44,0,0
BRDA:191,44,1,0
BRDA:200,45,0,0
BRDA:200,45,1,0
BRDA:209,46,0,0
BRDA:209,46,1,0
BRDA:220,48,0,0
BRDA:220,48,1,0
BRDA:225,49,0,0
BRDA:225,49,1,0
BRDA:241,52,0,0
BRDA:241,52,1,0
BRF:76
BRH:0
end_of_record
TN:
SF:/Users/weymouth/working/MaterialsCommons/workspace/src/github.com/materials-commons/materialscommons.org/backend/servers/mcapi/resources/projects/experiments/tasks.js
FN:11,getExperimentTask
FN:22,createExperimentTask
FN:41,validateCreateTaskArgs
FN:54,updateExperimentTask
FN:72,validateUpdateTaskArgs
FN:104,deleteExperimentTask
FN:122,validateDeleteTask
FN:131,addExperimentTaskTemplate
FN:144,updateExperimentTaskTemplate
FN:164,validateUpdateExperimentTaskTemplateArgs
FN:225,createResource
FNF:11
FNH:0
FNDA:0,getExperimentTask
FNDA:0,createExperimentTask
FNDA:0,validateCreateTaskArgs
FNDA:0,updateExperimentTask
FNDA:0,validateUpdateTaskArgs
FNDA:0,deleteExperimentTask
FNDA:0,validateDeleteTask
FNDA:0,addExperimentTaskTemplate
FNDA:0,updateExperimentTaskTemplate
FNDA:0,validateUpdateExperimentTaskTemplateArgs
FNDA:0,createResource
DA:1,1
DA:2,1
DA:3,1
DA:4,1
DA:5,1
DA:6,1
DA:7,1
DA:8,1
DA:9,1
DA:11,1
DA:12,0
DA:13,0
DA:14,0
DA:15,0
DA:17,0
DA:19,0
DA:22,1
DA:23,0
DA:24,0
DA:25,0
DA:26,0
DA:27,0
DA:28,0
DA:30,0
DA:31,0
DA:32,0
DA:33,0
DA:35,0
DA:38,0
DA:41,1
DA:42,0
DA:43,0
DA:44,0
DA:47,0
DA:48,0
DA:51,0
DA:54,1
DA:55,0
DA:56,0
DA:57,0
DA:58,0
DA:59,0
DA:61,0
DA:62,0
DA:63,0
DA:64,0
DA:66,0
DA:69,0
DA:72,1
DA:73,0
DA:74,0
DA:75,0
DA:76,0
DA:79,0
DA:80,0
DA:81,0
DA:82,0
DA:86,0
DA:87,0
DA:88,0
DA:91,0
DA:92,0
DA:95,0
DA:96,0
DA:97,0
DA:101,0
DA:104,1
DA:105,0
DA:106,0
DA:107,0
DA:108,0
DA:110,0
DA:111,0
DA:112,0
DA:113,0
DA:115,0
DA:119,0
DA:122,1
DA:123,0
DA:124,0
DA:125,0
DA:128,0
DA:131,1
DA:132,0
DA:134,0
DA:135,0
DA:136,0
DA:138,0
DA:141,0
DA:144,1
DA:145,0
DA:146,0
DA:147,0
DA:148,0
DA:149,0
DA:151,0
DA:153,0
DA:154,0
DA:155,0
DA:157,0
DA:161,0
DA:164,1
DA:165,0
DA:166,0
DA:169,0
DA:170,0
DA:171,0
DA:174,0
DA:176,0
DA:177,0
DA:179,0
DA:180,0
DA:181,0
DA:186,0
DA:187,0
DA:190,0
DA:191,0
DA:194,0
DA:195,0
DA:197,0
DA:198,0
DA:199,0
DA:204,0
DA:205,0
DA:208,0
DA:209,0
DA:212,0
DA:213,0
DA:215,0
DA:216,0
DA:217,0
DA:222,0
DA:225,1
DA:226,0
DA:228,0
DA:230,0
DA:232,0
DA:234,0
DA:235,0
DA:236,0
DA:237,0
DA:239,0
DA:242,1
LF:143
LH:21
BRDA:13,4,0,0
BRDA:13,4,1,0
BRDA:26,6,0,0
BRDA:26,6,1,0
BRDA:31,7,0,0
BRDA:31,7,1,0
BRDA:43,9,0,0
BRDA:43,9,1,0
BRDA:47,10,0,0
BRDA:47,10,1,0
BRDA:57,12,0,0
BRDA:57,12,1,0
BRDA:62,13,0,0
BRDA:62,13,1,0
BRDA:75,15,0,0
BRDA:75,15,1,0
BRDA:79,16,0,0
BRDA:79,16,1,0
BRDA:81,17,0,0
BRDA:81,17,1,0
BRDA:86,18,0,0
BRDA:86,18,1,0
BRDA:87,19,0,0
BRDA:87,19,1,0
BRDA:91,20,0,0
BRDA:91,20,1,0
BRDA:96,21,0,0
BRDA:96,21,1,0
BRDA:106,23,0,0
BRDA:106,23,1,0
BRDA:111,24,0,0
BRDA:111,24,1,0
BRDA:124,26,0,0
BRDA:124,26,1,0
BRDA:134,28,0,0
BRDA:134,28,1,0
BRDA:147,30,0,0
BRDA:147,30,1,0
BRDA:153,31,0,0
BRDA:153,31,1,0
BRDA:165,33,0,0
BRDA:165,33,1,0
BRDA:165,34,0,0
BRDA:165,34,1,0
BRDA:170,35,0,0
BRDA:170,35,1,0
BRDA:176,36,0,0
BRDA:176,36,1,0
BRDA:177,37,0,0
BRDA:177,37,1,0
BRDA:180,38,0,0
BRDA:180,38,1,0
BRDA:186,39,0,0
BRDA:186,39,1,0
BRDA:186,40,0,0
BRDA:186,40,1,0
BRDA:190,41,0,0
BRDA:190,41,1,0
BRDA:190,42,0,0
BRDA:190,42,1,0
BRDA:194,43,0,0
BRDA:194,43,1,0
BRDA:195,44,0,0
BRDA:195,44,1,0
BRDA:198,45,0,0
BRDA:198,45,1,0
BRDA:204,46,0,0
BRDA:204,46,1,0
BRDA:204,47,0,0
BRDA:204,47,1,0
BRDA:208,48,0,0
BRDA:208,48,1,0
BRDA:208,49,0,0
BRDA:208,49,1,0
BRDA:212,50,0,0
BRDA:212,50,1,0
BRDA:213,51,0,0
BRDA:213,51,1,0
BRDA:216,52,0,0
BRDA:216,52,1,0
BRF:80
BRH:0
end_of_record
TN:
SF:/Users/weymouth/working/MaterialsCommons/workspace/src/github.com/materials-commons/materialscommons.org/backend/servers/mcapi/resources/users.js
FN:15,updateProjectFavorites
FN:22,updateUserSettings
FN:61,validateUserSettingsArgs
FN:103,getUser
FN:121,becomeUser
FN:140,createAccount
FN:165,resetPasswordGenerateLink
FN:194,getUserRegistrationFromUuid
FN:206,getUserForPasswordResetFromUuid
FN:218,setUserResetPasswordFlag
FN:230,clearUserResetPasswordFlag
FN:242,validateCreateAccount
FN:246,createDemoProject
FN:273,createDemoProjectRequest
FN:298,emailResetLinkToUser
FN:340,(anonymous_31)
FN:350,emailValidationLinkToUser
FN:392,(anonymous_33)
FN:402,mailTransportConfig
FN:410,createResource
FNF:20
FNH:1
FNDA:0,updateProjectFavorites
FNDA:0,updateUserSettings
FNDA:0,validateUserSettingsArgs
FNDA:0,getUser
FNDA:0,becomeUser
FNDA:0,createAccount
FNDA:0,resetPasswordGenerateLink
FNDA:0,getUserRegistrationFromUuid
FNDA:0,getUserForPasswordResetFromUuid
FNDA:0,setUserResetPasswordFlag
FNDA:0,clearUserResetPasswordFlag
FNDA:0,validateCreateAccount
FNDA:0,createDemoProject
FNDA:0,createDemoProjectRequest
FNDA:0,emailResetLinkToUser
FNDA:0,(anonymous_31)
FNDA:0,emailValidationLinkToUser
FNDA:0,(anonymous_33)
FNDA:1,mailTransportConfig
FNDA:0,createResource
DA:1,1
DA:2,1
DA:3,1
DA:4,1
DA:5,1
DA:6,1
DA:7,1
DA:8,1
DA:9,1
DA:10,1
DA:11,1
DA:12,1
DA:13,1
DA:15,1
DA:16,0
DA:17,0
DA:18,0
DA:19,0
DA:22,1
DA:23,0
DA:24,0
DA:25,0
DA:26,0
DA:27,0
DA:30,0
DA:31,0
DA:34,0
DA:35,0
DA:38,0
DA:39,0
DA:42,0
DA:43,0
DA:46,0
DA:47,0
DA:50,0
DA:51,0
DA:52,0
DA:53,0
DA:55,0
DA:58,0
DA:61,1
DA:62,0
DA:63,0
DA:64,0
DA:67,0
DA:68,0
DA:69,0
DA:73,0
DA:74,0
DA:75,0
DA:78,0
DA:79,0
DA:82,0
DA:83,0
DA:84,0
DA:88,0
DA:89,0
DA:90,0
DA:94,0
DA:95,0
DA:96,0
DA:100,0
DA:103,1
DA:105,0
DA:106,0
DA:107,0
DA:108,0
DA:109,0
DA:110,0
DA:112,0
DA:113,0
DA:114,0
DA:115,0
DA:118,0
DA:121,1
DA:122,0
DA:123,0
DA:124,0
DA:126,0
DA:127,0
DA:128,0
DA:129,0
DA:130,0
DA:132,0
DA:133,0
DA:137,0
DA:140,1
DA:141,0
DA:142,0
DA:143,0
DA:144,0
DA:145,0
DA:146,0
DA:148,0
DA:149,0
DA:150,0
DA:151,0
DA:152,0
DA:154,0
DA:155,0
DA:156,0
DA:158,0
DA:162,0
DA:165,1
DA:166,0
DA:167,0
DA:168,0
DA:169,0
DA:171,0
DA:175,0
DA:176,0
DA:177,0
DA:178,0
DA:180,0
DA:181,0
DA:183,0
DA:184,0
DA:185,0
DA:187,0
DA:191,0
DA:194,1
DA:195,0
DA:196,0
DA:197,0
DA:198,0
DA:200,0
DA:201,0
DA:203,0
DA:206,1
DA:207,0
DA:208,0
DA:209,0
DA:210,0
DA:212,0
DA:213,0
DA:215,0
DA:218,1
DA:219,0
DA:220,0
DA:221,0
DA:222,0
DA:224,0
DA:225,0
DA:227,0
DA:230,1
DA:231,0
DA:232,0
DA:233,0
DA:234,0
DA:236,0
DA:237,0
DA:239,0
DA:242,1
DA:243,0
DA:246,1
DA:247,0
DA:250,0
DA:251,0
DA:252,0
DA:253,0
DA:255,0
DA:256,0
DA:257,0
DA:259,0
DA:260,0
DA:261,0
DA:262,0
DA:264,0
DA:265,0
DA:266,0
DA:270,0
DA:273,1
DA:278,0
DA:280,0
DA:281,0
DA:282,0
DA:286,0
DA:287,0
DA:290,0
DA:292,0
DA:293,0
DA:295,0
DA:298,1
DA:299,0
DA:311,0
DA:312,0
DA:315,0
DA:331,0
DA:340,0
DA:341,0
DA:342,0
DA:344,0
DA:347,0
DA:350,1
DA:351,0
DA:352,0
DA:353,0
DA:354,0
DA:362,0
DA:363,0
DA:364,0
DA:367,0
DA:383,0
DA:392,0
DA:393,0
DA:394,0
DA:396,0
DA:399,0
DA:402,1
DA:403,1
DA:404,0
DA:406,1
DA:410,1
DA:411,0
DA:412,0
DA:413,0
DA:414,0
DA:415,0
DA:416,0
DA:417,0
DA:418,0
DA:419,0
DA:420,0
DA:423,1
LF:224
LH:34
BRDA:25,5,0,0
BRDA:25,5,1,0
BRDA:30,6,0,0
BRDA:30,6,1,0
BRDA:34,7,0,0
BRDA:34,7,1,0
BRDA:38,8,0,0
BRDA:38,8,1,0
BRDA:42,9,0,0
BRDA:42,9,1,0
BRDA:46,10,0,0
BRDA:46,10,1,0
BRDA:51,11,0,0
BRDA:51,11,1,0
BRDA:62,13,0,0
BRDA:62,13,1,0
BRDA:63,14,0,0
BRDA:63,14,1,0
BRDA:68,15,0,0
BRDA:68,15,1,0
BRDA:73,16,0,0
BRDA:73,16,1,0
BRDA:74,17,0,0
BRDA:74,17,1,0
BRDA:78,18,0,0
BRDA:78,18,1,0
BRDA:83,19,0,0
BRDA:83,19,1,0
BRDA:88,20,0,0
BRDA:88,20,1,0
BRDA:89,21,0,0
BRDA:89,21,1,0
BRDA:94,22,0,0
BRDA:94,22,1,0
BRDA:95,23,0,0
BRDA:95,23,1,0
BRDA:105,25,0,0
BRDA:105,25,1,0
BRDA:108,26,0,0
BRDA:108,26,1,0
BRDA:122,28,0,0
BRDA:122,28,1,0
BRDA:128,29,0,0
BRDA:128,29,1,0
BRDA:144,31,0,0
BRDA:144,31,1,0
BRDA:149,32,0,0
BRDA:149,32,1,0
BRDA:154,33,0,0
BRDA:154,33,1,0
BRDA:168,35,0,0
BRDA:168,35,1,0
BRDA:176,36,0,0
BRDA:176,36,1,0
BRDA:183,37,0,0
BRDA:183,37,1,0
BRDA:196,39,0,0
BRDA:196,39,1,0
BRDA:208,41,0,0
BRDA:208,41,1,0
BRDA:220,43,0,0
BRDA:220,43,1,0
BRDA:232,45,0,0
BRDA:232,45,1,0
BRDA:251,48,0,0
BRDA:251,48,1,0
BRDA:251,49,0,0
BRDA:251,49,1,0
BRDA:255,50,0,0
BRDA:255,50,1,0
BRDA:260,51,0,0
BRDA:260,51,1,0
BRDA:278,53,0,0
BRDA:278,53,1,0
BRDA:278,54,0,0
BRDA:278,54,1,0
BRDA:286,55,0,0
BRDA:286,55,1,0
BRDA:292,56,0,0
BRDA:292,56,1,0
BRDA:301,57,0,0
BRDA:301,57,1,0
BRDA:311,58,0,0
BRDA:311,58,1,0
BRDA:341,59,0,0
BRDA:341,59,1,0
BRDA:353,60,0,0
BRDA:353,60,1,0
BRDA:363,61,0,0
BRDA:363,61,1,0
BRDA:393,62,0,0
BRDA:393,62,1,0
BRDA:403,63,0,0
BRDA:403,63,1,1
BRF:94
BRH:1
end_of_record
