TN:
SF:/Users/weymouth/working/MaterialsCommons/workspace/src/github.com/materials-commons/materialscommons.org/backend/servers/mcapi/db/model/users.js
FN:7,getUsers
FN:12,getAllUsersExternal
FN:18,getUser
FN:29,updateProjectFavorites
FN:43,(anonymous_10)
FN:43,(anonymous_11)
FN:44,(anonymous_12)
FN:44,(anonymous_13)
FN:47,(anonymous_14)
FN:47,(anonymous_15)
FN:55,updateUserSettings
FN:61,createPasswordResetRequest
FN:66,setUserPasswordResetFlag
FN:70,clearUserPasswordResetFlag
FN:74,getUserForPasswordResetFromUuid
FN:84,createUnverifiedAccount
FN:100,getUserRegistrationFromUuid
FN:115,get
FNF:18
FNH:5
FNDA:1,getUsers
FNDA:1,getAllUsersExternal
FNDA:261,getUser
FNDA:0,updateProjectFavorites
FNDA:0,(anonymous_10)
FNDA:0,(anonymous_11)
FNDA:0,(anonymous_12)
FNDA:0,(anonymous_13)
FNDA:0,(anonymous_14)
FNDA:0,(anonymous_15)
FNDA:0,updateUserSettings
FNDA:0,createPasswordResetRequest
FNDA:2,setUserPasswordResetFlag
FNDA:1,clearUserPasswordResetFlag
FNDA:0,getUserForPasswordResetFromUuid
FNDA:0,createUnverifiedAccount
FNDA:0,getUserRegistrationFromUuid
FNDA:0,get
DA:1,1
DA:2,1
DA:3,1
DA:4,1
DA:7,1
DA:8,1
DA:12,1
DA:13,1
DA:18,1
DA:19,261
DA:20,0
DA:21,0
DA:22,0
DA:24,0
DA:26,261
DA:29,1
DA:30,0
DA:32,0
DA:33,0
DA:34,0
DA:37,0
DA:38,0
DA:43,0
DA:44,0
DA:47,0
DA:49,0
DA:50,0
DA:52,0
DA:55,1
DA:56,0
DA:57,0
DA:58,0
DA:61,1
DA:62,0
DA:63,0
DA:66,1
DA:67,2
DA:70,1
DA:71,1
DA:74,1
DA:75,0
DA:77,0
DA:78,0
DA:81,0
DA:84,1
DA:85,0
DA:87,0
DA:88,0
DA:89,0
DA:90,0
DA:92,0
DA:93,0
DA:94,0
DA:97,0
DA:100,1
DA:101,0
DA:102,0
DA:103,0
DA:106,0
DA:107,0
DA:108,0
DA:111,1
DA:116,0
LF:63
LH:22
BRDA:19,6,0,261
BRDA:19,6,1,0
BRDA:21,7,0,0
BRDA:21,7,1,0
BRDA:30,9,0,0
BRDA:30,9,1,0
BRDA:33,10,0,0
BRDA:33,10,1,0
BRDA:37,11,0,0
BRDA:37,11,1,0
BRDA:77,17,0,0
BRDA:77,17,1,0
BRDA:89,19,0,0
BRDA:89,19,1,0
BRDA:93,20,0,0
BRDA:93,20,1,0
BRDA:102,22,0,0
BRDA:102,22,1,0
BRF:18
BRH:1
end_of_record
TN:
SF:/Users/weymouth/working/MaterialsCommons/workspace/src/github.com/materials-commons/materialscommons.org/backend/servers/mcapi/db/r.js
FNF:0
FNH:0
DA:1,1
DA:7,1
DA:10,1
LF:3
LH:3
BRDA:2,1,0,1
BRDA:2,1,1,1
BRDA:3,2,0,1
BRDA:3,2,1,1
BRF:4
BRH:4
end_of_record
TN:
SF:/Users/weymouth/working/MaterialsCommons/workspace/src/github.com/materials-commons/materialscommons.org/backend/servers/mcapi/db/model/get-single.js
FN:1,getSingle
FN:5,(anonymous_2)
FN:13,(anonymous_3)
FNF:3
FNH:2
FNDA:1,getSingle
FNDA:0,(anonymous_2)
FNDA:1,(anonymous_3)
DA:1,1
DA:2,1
DA:3,1
DA:4,0
DA:6,0
DA:7,0
DA:9,0
DA:13,1
DA:14,1
LF:9
LH:5
BRDA:3,1,0,0
BRDA:3,1,1,1
BRDA:6,2,0,0
BRDA:6,2,1,0
BRF:4
BRH:1
end_of_record
TN:
SF:/Users/weymouth/working/MaterialsCommons/workspace/src/github.com/materials-commons/materialscommons.org/backend/servers/mcapi/db/model/model.js
FN:3,Project
FN:19,Access
FN:30,Sample
FN:42,Process
FN:54,Process2Setup
FN:59,Process2Measurement
FN:64,Process2Sample
FN:74,Process2Setupfile
FN:79,Process2File
FN:85,Setups
FN:92,SetupProperty
FN:102,Measurement
FN:110,(anonymous_13)
FN:119,(anonymous_14)
FN:123,Property
FN:132,PropertySet
FN:137,Property2Measurement
FN:142,Property2Process
FN:147,Project2Process
FN:152,Project2Sample
FN:157,Sample2PropertySet
FN:164,PropertySet2Property
FN:169,BestMeasureHistory
FN:176,Sample2Datafile
FN:181,Note
FN:191,Note2Item
FN:197,Tag2Item
FN:203,Directory
FN:215,Project2DataDir
FN:220,Sample2Sample
FN:225,Share
FN:235,User2Share
FN:240,User
FN:263,Experiment
FN:281,ExperimentTask
FN:306,Experiment2ExperimentTask
FN:311,Project2Experiment
FN:316,ExperimentNote
FN:325,Experiment2ExperimentNote
FN:330,Experiment2Process
FN:335,Experiment2DataFile
FN:340,Experiment2Sample
FN:345,Dataset
FN:369,Experiment2Dataset
FN:374,Dataset2Sample
FN:379,Dataset2Process
FN:384,Dataset2ExperimentNote
FN:389,Dataset2Datafile
FN:394,DataFile
FN:410,Project2DataFile
FN:415,DataDir2DataFile
FNF:51
FNH:36
FNDA:52,Project
FNDA:52,Access
FNDA:161,Sample
FNDA:123,Process
FNDA:123,Process2Setup
FNDA:24,Process2Measurement
FNDA:304,Process2Sample
FNDA:0,Process2Setupfile
FNDA:432,Process2File
FNDA:123,Setups
FNDA:592,SetupProperty
FNDA:24,Measurement
FNDA:0,(anonymous_13)
FNDA:0,(anonymous_14)
FNDA:22,Property
FNDA:119,PropertySet
FNDA:24,Property2Measurement
FNDA:0,Property2Process
FNDA:123,Project2Process
FNDA:161,Project2Sample
FNDA:209,Sample2PropertySet
FNDA:22,PropertySet2Property
FNDA:22,BestMeasureHistory
FNDA:0,Sample2Datafile
FNDA:0,Note
FNDA:0,Note2Item
FNDA:0,Tag2Item
FNDA:99,Directory
FNDA:99,Project2DataDir
FNDA:0,Sample2Sample
FNDA:0,Share
FNDA:0,User2Share
FNDA:0,User
FNDA:30,Experiment
FNDA:60,ExperimentTask
FNDA:30,Experiment2ExperimentTask
FNDA:30,Project2Experiment
FNDA:0,ExperimentNote
FNDA:0,Experiment2ExperimentNote
FNDA:123,Experiment2Process
FNDA:432,Experiment2DataFile
FNDA:95,Experiment2Sample
FNDA:38,Dataset
FNDA:38,Experiment2Dataset
FNDA:8,Dataset2Sample
FNDA:42,Dataset2Process
FNDA:0,Dataset2ExperimentNote
FNDA:24,Dataset2Datafile
FNDA:395,DataFile
FNDA:395,Project2DataFile
FNDA:395,DataDir2DataFile
DA:1,1
DA:3,1
DA:4,52
DA:5,52
DA:6,52
DA:7,52
DA:8,52
DA:9,52
DA:10,52
DA:11,52
DA:12,52
DA:13,52
DA:14,52
DA:15,52
DA:16,52
DA:19,1
DA:20,52
DA:21,52
DA:22,52
DA:23,52
DA:24,52
DA:25,52
DA:26,52
DA:27,52
DA:30,1
DA:31,161
DA:32,161
DA:33,161
DA:34,161
DA:35,161
DA:36,161
DA:37,161
DA:38,161
DA:39,161
DA:42,1
DA:43,123
DA:44,123
DA:45,123
DA:46,123
DA:47,123
DA:48,123
DA:49,123
DA:50,123
DA:51,123
DA:54,1
DA:55,123
DA:56,123
DA:59,1
DA:60,24
DA:61,24
DA:64,1
DA:65,304
DA:66,304
DA:67,304
DA:68,304
DA:69,304
DA:70,0
DA:74,1
DA:75,0
DA:76,0
DA:79,1
DA:80,432
DA:81,432
DA:82,432
DA:85,1
DA:86,123
DA:87,123
DA:88,123
DA:89,123
DA:92,1
DA:93,592
DA:94,592
DA:95,592
DA:96,592
DA:97,592
DA:98,592
DA:99,592
DA:102,1
DA:103,24
DA:104,24
DA:105,24
DA:106,24
DA:107,24
DA:110,1
DA:111,0
DA:112,0
DA:113,0
DA:114,0
DA:115,0
DA:116,0
DA:119,1
DA:120,0
DA:123,1
DA:124,22
DA:125,22
DA:126,22
DA:127,22
DA:128,22
DA:129,22
DA:132,1
DA:133,119
DA:134,119
DA:137,1
DA:138,24
DA:139,24
DA:142,1
DA:143,0
DA:144,0
DA:147,1
DA:148,123
DA:149,123
DA:152,1
DA:153,161
DA:154,161
DA:157,1
DA:158,209
DA:159,209
DA:160,209
DA:161,209
DA:164,1
DA:165,22
DA:166,22
DA:169,1
DA:170,22
DA:171,22
DA:172,22
DA:173,22
DA:176,1
DA:177,0
DA:178,0
DA:181,1
DA:182,0
DA:183,0
DA:184,0
DA:185,0
DA:186,0
DA:187,0
DA:188,0
DA:191,1
DA:192,0
DA:193,0
DA:194,0
DA:197,1
DA:198,0
DA:199,0
DA:200,0
DA:203,1
DA:204,99
DA:205,99
DA:206,99
DA:207,99
DA:208,99
DA:209,99
DA:210,99
DA:211,99
DA:212,99
DA:215,1
DA:216,99
DA:217,99
DA:220,1
DA:221,0
DA:222,0
DA:225,1
DA:226,0
DA:227,0
DA:228,0
DA:229,0
DA:230,0
DA:231,0
DA:232,0
DA:235,1
DA:236,0
DA:237,0
DA:240,1
DA:241,0
DA:242,0
DA:243,0
DA:244,0
DA:245,0
DA:246,0
DA:247,0
DA:248,0
DA:249,0
DA:250,0
DA:251,0
DA:252,0
DA:253,0
DA:254,0
DA:255,0
DA:256,0
DA:260,0
DA:263,1
DA:264,30
DA:265,30
DA:266,30
DA:267,30
DA:268,30
DA:269,30
DA:270,30
DA:271,30
DA:272,30
DA:273,30
DA:274,30
DA:275,30
DA:276,30
DA:277,30
DA:278,30
DA:281,1
DA:282,60
DA:283,60
DA:284,60
DA:285,60
DA:286,60
DA:287,60
DA:288,60
DA:292,60
DA:293,60
DA:299,60
DA:300,60
DA:301,60
DA:302,60
DA:303,60
DA:306,1
DA:307,30
DA:308,30
DA:311,1
DA:312,30
DA:313,30
DA:316,1
DA:317,0
DA:318,0
DA:319,0
DA:320,0
DA:321,0
DA:322,0
DA:325,1
DA:326,0
DA:327,0
DA:330,1
DA:331,123
DA:332,123
DA:335,1
DA:336,432
DA:337,432
DA:340,1
DA:341,95
DA:342,95
DA:345,1
DA:346,38
DA:347,38
DA:348,38
DA:349,38
DA:350,38
DA:351,38
DA:352,38
DA:353,38
DA:354,38
DA:355,38
DA:356,38
DA:357,38
DA:358,38
DA:359,38
DA:360,38
DA:361,38
DA:362,38
DA:366,38
DA:369,1
DA:370,38
DA:371,38
DA:374,1
DA:375,8
DA:376,8
DA:379,1
DA:380,42
DA:381,42
DA:384,1
DA:385,0
DA:386,0
DA:389,1
DA:390,24
DA:391,24
DA:394,1
DA:395,395
DA:396,395
DA:397,395
DA:398,395
DA:399,395
DA:400,395
DA:401,395
DA:402,395
DA:403,395
DA:404,395
DA:405,395
DA:406,395
DA:407,395
DA:410,1
DA:411,395
DA:412,395
DA:415,1
DA:416,395
DA:417,395
DA:420,1
LF:302
LH:237
BRDA:46,1,0,76
BRDA:46,1,1,47
BRDA:69,2,0,0
BRDA:69,2,1,304
BRDA:115,3,0,0
BRDA:115,3,1,0
BRDA:116,4,0,0
BRDA:116,4,1,0
BRDA:133,5,0,119
BRDA:133,5,1,0
BRDA:134,6,0,48
BRDA:134,6,1,71
BRF:12
BRH:6
end_of_record
TN:
SF:/Users/weymouth/working/MaterialsCommons/workspace/src/github.com/materials-commons/materialscommons.org/backend/servers/mcapi/db/model/projects.js
FN:8,createProject
FN:34,getProject
FN:35,(anonymous_6)
FN:41,(anonymous_7)
FN:75,all
FN:82,forUser
FN:84,(anonymous_11)
FN:94,(anonymous_12)
FN:108,transformDates
FN:109,(anonymous_14)
FN:120,addComputed
FN:121,(anonymous_16)
FN:125,(anonymous_17)
FN:150,update
FN:181,(anonymous_20)
FN:181,(anonymous_21)
FN:182,(anonymous_22)
FN:182,(anonymous_23)
FN:183,(anonymous_24)
FN:183,(anonymous_25)
FN:189,(anonymous_26)
FN:189,(anonymous_27)
FN:193,(anonymous_28)
FN:193,(anonymous_29)
FN:209,renameTopDirectory
FN:215,differenceByField
FN:216,(anonymous_33)
FN:220,(anonymous_34)
FN:226,(anonymous_35)
FN:227,(anonymous_36)
FN:233,addFileToProject
FN:238,getUserAccessForProject
FN:243,updateUserAccessForProject
FN:278,get
FNF:34
FNH:16
FNDA:66,createProject
FNDA:68,getProject
FNDA:68,(anonymous_6)
FNDA:68,(anonymous_7)
FNDA:1,all
FNDA:3,forUser
FNDA:3,(anonymous_11)
FNDA:3,(anonymous_12)
FNDA:6,transformDates
FNDA:6,(anonymous_14)
FNDA:6,addComputed
FNDA:6,(anonymous_16)
FNDA:6,(anonymous_17)
FNDA:24,update
FNDA:0,(anonymous_20)
FNDA:0,(anonymous_21)
FNDA:0,(anonymous_22)
FNDA:0,(anonymous_23)
FNDA:0,(anonymous_24)
FNDA:0,(anonymous_25)
FNDA:0,(anonymous_26)
FNDA:0,(anonymous_27)
FNDA:0,(anonymous_28)
FNDA:0,(anonymous_29)
FNDA:24,renameTopDirectory
FNDA:0,differenceByField
FNDA:0,(anonymous_33)
FNDA:0,(anonymous_34)
FNDA:0,(anonymous_35)
FNDA:0,(anonymous_36)
FNDA:395,addFileToProject
FNDA:0,getUserAccessForProject
FNDA:0,updateUserAccessForProject
FNDA:0,get
DA:1,1
DA:2,1
DA:3,1
DA:4,1
DA:5,1
DA:6,1
DA:8,66
DA:11,66
DA:13,66
DA:14,14
DA:18,52
DA:22,52
DA:26,52
DA:29,52
DA:31,52
DA:34,68
DA:35,68
DA:36,68
DA:42,68
DA:68,68
DA:75,1
DA:76,1
DA:77,1
DA:82,3
DA:85,3
DA:89,3
DA:90,3
DA:94,3
DA:98,3
DA:99,3
DA:101,3
DA:102,3
DA:103,3
DA:108,1
DA:109,6
DA:110,6
DA:115,6
DA:120,1
DA:121,6
DA:122,6
DA:126,6
DA:146,6
DA:150,24
DA:154,24
DA:155,24
DA:156,24
DA:157,24
DA:160,24
DA:161,24
DA:164,24
DA:165,0
DA:168,24
DA:169,0
DA:172,24
DA:173,0
DA:176,24
DA:177,24
DA:180,24
DA:181,0
DA:182,0
DA:183,0
DA:184,0
DA:185,0
DA:186,0
DA:189,0
DA:193,0
DA:197,0
DA:202,24
DA:203,24
DA:206,24
DA:209,24
DA:210,24
DA:212,24
DA:215,1
DA:216,0
DA:217,0
DA:220,0
DA:221,0
DA:224,0
DA:226,0
DA:227,0
DA:228,0
DA:233,395
DA:235,395
DA:238,1
DA:239,0
DA:240,0
DA:243,1
DA:245,0
DA:247,0
DA:248,0
DA:249,0
DA:251,0
DA:253,0
DA:254,0
DA:256,0
DA:258,0
DA:261,0
DA:263,0
DA:265,0
DA:266,0
DA:268,0
DA:270,0
DA:274,1
DA:279,0
LF:105
LH:67
BRDA:13,4,0,52
BRDA:13,4,1,14
BRDA:16,5,0,52
BRDA:16,5,1,0
BRDA:154,9,0,0
BRDA:154,9,1,24
BRDA:160,10,0,24
BRDA:160,10,1,0
BRDA:164,11,0,0
BRDA:164,11,1,24
BRDA:168,12,0,0
BRDA:168,12,1,24
BRDA:172,13,0,0
BRDA:172,13,1,24
BRDA:176,14,0,0
BRDA:176,14,1,24
BRDA:176,15,0,24
BRDA:176,15,1,0
BRDA:176,15,2,0
BRDA:176,15,3,0
BRDA:176,15,4,0
BRDA:180,16,0,24
BRDA:180,16,1,0
BRDA:185,17,0,0
BRDA:185,17,1,0
BRDA:202,18,0,0
BRDA:202,18,1,24
BRDA:245,23,0,0
BRDA:245,23,1,0
BRDA:248,24,0,0
BRDA:248,24,1,0
BRDA:253,25,0,0
BRDA:253,25,1,0
BRDA:261,26,0,0
BRDA:261,26,1,0
BRDA:265,27,0,0
BRDA:265,27,1,0
BRF:37
BRH:12
end_of_record
TN:
SF:/Users/weymouth/working/MaterialsCommons/workspace/src/github.com/materials-commons/materialscommons.org/backend/servers/mcapi/db/model/run.js
FN:1,(anonymous_1)
FNF:1
FNH:1
FNDA:2631,(anonymous_1)
DA:1,1
DA:2,2631
DA:5,2631
LF:3
LH:3
BRF:0
BRH:0
end_of_record
TN:
SF:/Users/weymouth/working/MaterialsCommons/workspace/src/github.com/materials-commons/materialscommons.org/backend/servers/mcapi/db/model/directory-rename.js
FN:3,renameDirectory
FNF:1
FNH:1
FNDA:26,renameDirectory
DA:1,1
DA:3,29
DA:4,26
DA:7,26
DA:13,55
DA:14,29
DA:15,29
DA:16,29
DA:17,17
DA:19,29
DA:22,26
DA:23,31
DA:25,31
DA:28,26
DA:31,1
LF:15
LH:15
BRDA:13,4,0,26
BRDA:13,4,1,29
BRF:2
BRH:2
end_of_record
TN:
SF:/Users/weymouth/working/MaterialsCommons/workspace/src/github.com/materials-commons/materialscommons.org/backend/servers/mcapi/db/model/experiment-datasets-doi.js
FN:15,doiServerStatusIsOK
FN:27,doiMint
FN:85,doiGetMetadata
FN:115,doiGetServerLink
FN:121,doiUrlLink
FN:125,parseNameValueList
FNF:6
FNH:0
FNDA:0,doiServerStatusIsOK
FNDA:0,doiMint
FNDA:0,doiGetMetadata
FNDA:0,doiGetServerLink
FNDA:0,doiUrlLink
FNDA:0,parseNameValueList
DA:1,1
DA:2,1
DA:4,1
DA:6,1
DA:7,1
DA:8,1
DA:10,1
DA:11,1
DA:12,1
DA:15,1
DA:22,0
DA:23,0
DA:27,1
DA:33,0
DA:34,0
DA:48,0
DA:49,0
DA:66,0
DA:68,0
DA:70,0
DA:75,0
DA:76,0
DA:77,0
DA:82,0
DA:85,1
DA:86,0
DA:99,0
DA:101,0
DA:107,0
DA:108,0
DA:111,0
DA:115,1
DA:116,0
DA:118,0
DA:121,1
DA:122,0
DA:125,1
DA:126,0
DA:127,0
DA:128,0
DA:129,0
DA:130,0
DA:131,0
DA:132,0
DA:133,0
DA:136,0
DA:139,1
LF:47
LH:16
BRDA:6,3,0,1
BRDA:6,3,1,0
BRDA:7,4,0,1
BRDA:7,4,1,0
BRDA:23,6,0,0
BRDA:23,6,1,0
BRDA:33,8,0,0
BRDA:33,8,1,0
BRDA:33,9,0,0
BRDA:33,9,1,0
BRDA:48,10,0,0
BRDA:48,10,1,0
BRDA:76,11,0,0
BRDA:76,11,1,0
BRDA:107,13,0,0
BRDA:107,13,1,0
BRDA:131,15,0,0
BRDA:131,15,1,0
BRF:18
BRH:2
end_of_record
TN:
SF:/Users/weymouth/working/MaterialsCommons/workspace/src/github.com/materials-commons/materialscommons.org/backend/servers/mcapi/db/model/experiment-datasets.js
FN:16,getDatasetsForExperiment
FN:19,(anonymous_4)
FN:30,getDataset
FN:36,createDatasetForExperiment
FN:45,deleteDataset
FN:60,addSampleToDataset
FN:67,addProcessesForSampleToDataset
FN:70,(anonymous_15)
FN:77,removeExistingProcessEntries
FN:79,(anonymous_18)
FN:82,(anonymous_19)
FN:87,updateSamplesInDataset
FN:89,(anonymous_22)
FN:93,(anonymous_23)
FN:95,(anonymous_24)
FN:101,(anonymous_25)
FN:108,getSamplesForDataset
FN:114,uniqByKey
FN:116,(anonymous_29)
FN:119,addProcessesForSamplesToDataset
FN:122,(anonymous_32)
FN:130,addFilesForProcessesAndSamples
FN:133,(anonymous_35)
FN:139,removeExistingSampleEntriesInDataset
FN:141,(anonymous_38)
FN:144,(anonymous_39)
FN:150,updateFilesInDataset
FN:152,(anonymous_42)
FN:153,(anonymous_43)
FN:162,(anonymous_44)
FN:169,updateProcessesInDataset
FN:171,(anonymous_47)
FN:172,(anonymous_48)
FN:181,(anonymous_49)
FN:188,updateDataset
FN:193,publishDataset
FN:208,publishDatasetKeywords
FN:211,(anonymous_56)
FN:215,(anonymous_57)
FN:219,(anonymous_58)
FN:222,(anonymous_59)
FN:231,publishDatasetProcesses
FN:233,(anonymous_62)
FN:235,(anonymous_63)
FN:240,(anonymous_64)
FN:241,(anonymous_65)
FN:251,publishSetupForProcesses
FN:252,(anonymous_68)
FN:254,(anonymous_69)
FN:260,(anonymous_70)
FN:265,(anonymous_71)
FN:268,(anonymous_72)
FN:277,(anonymous_73)
FN:290,publishDatasetSamples
FN:293,(anonymous_76)
FN:295,(anonymous_77)
FN:300,(anonymous_78)
FN:304,(anonymous_79)
FN:305,(anonymous_80)
FN:307,(anonymous_81)
FN:311,(anonymous_82)
FN:324,addSamplesToDataset
FN:333,(anonymous_85)
FN:337,publishDatasetFiles
FN:343,(anonymous_88)
FN:345,(anonymous_89)
FN:350,(anonymous_90)
FN:354,(anonymous_91)
FN:355,(anonymous_92)
FN:357,(anonymous_93)
FN:361,(anonymous_94)
FN:374,addFilesToDataset
FN:377,(anonymous_97)
FN:381,(anonymous_98)
FN:385,publishDatasetZipFile
FN:397,(anonymous_101)
FN:400,(anonymous_102)
FN:404,(anonymous_103)
FN:417,(anonymous_104)
FN:433,resolveZipfileFilenameDuplicates
FN:457,resolveZipfileFilenameUnique
FN:462,unpublishDataset
FN:471,unpublishDatasetProcesses
FN:473,(anonymous_111)
FN:475,(anonymous_112)
FN:483,unpublishDatasetSamples
FN:485,(anonymous_115)
FN:491,unpublishDatasetFiles
FN:493,(anonymous_118)
FN:499,unpublishDatasetTags
FN:502,(anonymous_121)
FNF:91
FNH:57
FNDA:74,getDatasetsForExperiment
FNDA:74,(anonymous_4)
FNDA:99,getDataset
FNDA:38,createDatasetForExperiment
FNDA:13,deleteDataset
FNDA:0,addSampleToDataset
FNDA:0,addProcessesForSampleToDataset
FNDA:0,(anonymous_15)
FNDA:0,removeExistingProcessEntries
FNDA:0,(anonymous_18)
FNDA:0,(anonymous_19)
FNDA:0,updateSamplesInDataset
FNDA:0,(anonymous_22)
FNDA:0,(anonymous_23)
FNDA:0,(anonymous_24)
FNDA:0,(anonymous_25)
FNDA:0,getSamplesForDataset
FNDA:0,uniqByKey
FNDA:0,(anonymous_29)
FNDA:0,addProcessesForSamplesToDataset
FNDA:0,(anonymous_32)
FNDA:4,addFilesForProcessesAndSamples
FNDA:12,(anonymous_35)
FNDA:0,removeExistingSampleEntriesInDataset
FNDA:0,(anonymous_38)
FNDA:0,(anonymous_39)
FNDA:4,updateFilesInDataset
FNDA:12,(anonymous_42)
FNDA:12,(anonymous_43)
FNDA:0,(anonymous_44)
FNDA:38,updateProcessesInDataset
FNDA:38,(anonymous_47)
FNDA:38,(anonymous_48)
FNDA:0,(anonymous_49)
FNDA:0,updateDataset
FNDA:4,publishDataset
FNDA:4,publishDatasetKeywords
FNDA:0,(anonymous_56)
FNDA:0,(anonymous_57)
FNDA:0,(anonymous_58)
FNDA:0,(anonymous_59)
FNDA:4,publishDatasetProcesses
FNDA:4,(anonymous_62)
FNDA:4,(anonymous_63)
FNDA:4,(anonymous_64)
FNDA:4,(anonymous_65)
FNDA:4,publishSetupForProcesses
FNDA:4,(anonymous_68)
FNDA:4,(anonymous_69)
FNDA:4,(anonymous_70)
FNDA:4,(anonymous_71)
FNDA:16,(anonymous_72)
FNDA:4,(anonymous_73)
FNDA:4,publishDatasetSamples
FNDA:4,(anonymous_76)
FNDA:4,(anonymous_77)
FNDA:4,(anonymous_78)
FNDA:4,(anonymous_79)
FNDA:4,(anonymous_80)
FNDA:12,(anonymous_81)
FNDA:12,(anonymous_82)
FNDA:4,addSamplesToDataset
FNDA:4,(anonymous_85)
FNDA:4,publishDatasetFiles
FNDA:12,(anonymous_88)
FNDA:12,(anonymous_89)
FNDA:12,(anonymous_90)
FNDA:12,(anonymous_91)
FNDA:12,(anonymous_92)
FNDA:16,(anonymous_93)
FNDA:16,(anonymous_94)
FNDA:4,addFilesToDataset
FNDA:4,(anonymous_97)
FNDA:4,(anonymous_98)
FNDA:0,publishDatasetZipFile
FNDA:0,(anonymous_101)
FNDA:0,(anonymous_102)
FNDA:0,(anonymous_103)
FNDA:0,(anonymous_104)
FNDA:0,resolveZipfileFilenameDuplicates
FNDA:0,resolveZipfileFilenameUnique
FNDA:1,unpublishDataset
FNDA:1,unpublishDatasetProcesses
FNDA:1,(anonymous_111)
FNDA:1,(anonymous_112)
FNDA:1,unpublishDatasetSamples
FNDA:1,(anonymous_115)
FNDA:1,unpublishDatasetFiles
FNDA:3,(anonymous_118)
FNDA:1,unpublishDatasetTags
FNDA:0,(anonymous_121)
DA:1,1
DA:2,1
DA:3,1
DA:4,1
DA:5,1
DA:7,1
DA:8,1
DA:9,1
DA:10,1
DA:11,1
DA:12,1
DA:13,1
DA:14,1
DA:16,74
DA:20,74
DA:26,74
DA:27,74
DA:30,99
DA:32,99
DA:33,99
DA:36,38
DA:38,38
DA:39,38
DA:41,38
DA:42,38
DA:45,13
DA:46,13
DA:48,13
DA:49,2
DA:51,11
DA:52,11
DA:53,11
DA:54,11
DA:55,11
DA:56,11
DA:57,11
DA:60,1
DA:62,0
DA:63,0
DA:64,0
DA:67,1
DA:68,0
DA:70,0
DA:71,0
DA:72,0
DA:73,0
DA:77,1
DA:78,0
DA:79,0
DA:80,0
DA:82,0
DA:84,0
DA:87,1
DA:88,0
DA:89,0
DA:90,0
DA:91,0
DA:92,0
DA:93,0
DA:94,0
DA:95,0
DA:96,0
DA:100,0
DA:101,0
DA:102,0
DA:105,0
DA:108,1
DA:109,0
DA:111,0
DA:114,1
DA:115,0
DA:116,0
DA:119,1
DA:120,0
DA:122,0
DA:123,0
DA:124,0
DA:125,0
DA:127,0
DA:130,4
DA:131,4
DA:132,4
DA:133,12
DA:134,4
DA:135,4
DA:139,1
DA:140,0
DA:141,0
DA:142,0
DA:144,0
DA:147,0
DA:150,4
DA:151,4
DA:152,12
DA:153,12
DA:154,4
DA:155,4
DA:156,4
DA:157,4
DA:161,4
DA:162,0
DA:163,0
DA:166,4
DA:169,38
DA:170,38
DA:171,38
DA:172,38
DA:173,38
DA:174,38
DA:175,38
DA:176,38
DA:180,38
DA:181,0
DA:182,0
DA:185,38
DA:188,1
DA:189,0
DA:190,0
DA:193,1
DA:194,4
DA:195,4
DA:196,4
DA:197,4
DA:199,4
DA:200,4
DA:208,4
DA:209,4
DA:212,0
DA:214,4
DA:215,4
DA:216,0
DA:218,4
DA:220,0
DA:223,0
DA:225,4
DA:226,4
DA:227,0
DA:231,4
DA:232,4
DA:233,4
DA:234,4
DA:235,4
DA:236,4
DA:237,4
DA:239,4
DA:240,4
DA:241,4
DA:242,4
DA:243,4
DA:251,4
DA:252,4
DA:253,4
DA:254,4
DA:255,4
DA:256,4
DA:260,4
DA:261,4
DA:262,4
DA:264,4
DA:265,4
DA:268,4
DA:269,16
DA:270,16
DA:272,4
DA:277,4
DA:278,4
DA:279,4
DA:280,4
DA:281,4
DA:282,4
DA:284,0
DA:287,4
DA:290,4
DA:291,4
DA:292,4
DA:293,4
DA:294,4
DA:295,4
DA:296,4
DA:297,4
DA:299,4
DA:300,4
DA:301,4
DA:304,4
DA:305,4
DA:306,4
DA:307,12
DA:308,4
DA:311,4
DA:312,12
DA:313,12
DA:314,12
DA:315,4
DA:316,4
DA:318,8
DA:321,4
DA:324,4
DA:325,4
DA:331,4
DA:333,4
DA:334,4
DA:337,4
DA:338,4
DA:339,4
DA:340,4
DA:343,12
DA:344,4
DA:345,4
DA:346,12
DA:347,12
DA:349,4
DA:350,12
DA:351,4
DA:354,12
DA:355,12
DA:356,4
DA:357,16
DA:358,4
DA:361,4
DA:362,16
DA:363,16
DA:364,16
DA:365,12
DA:366,12
DA:368,4
DA:371,4
DA:374,4
DA:375,4
DA:377,4
DA:379,4
DA:381,4
DA:382,4
DA:385,1
DA:386,0
DA:391,0
DA:393,0
DA:394,0
DA:397,0
DA:398,0
DA:400,0
DA:401,0
DA:402,0
DA:404,0
DA:405,0
DA:406,0
DA:407,0
DA:411,0
DA:413,0
DA:415,0
DA:417,0
DA:418,0
DA:419,0
DA:420,0
DA:421,0
DA:422,0
DA:423,0
DA:424,0
DA:428,0
DA:433,1
DA:434,0
DA:436,0
DA:437,0
DA:440,0
DA:441,0
DA:442,0
DA:443,0
DA:445,0
DA:446,0
DA:448,0
DA:450,0
DA:453,0
DA:454,0
DA:457,1
DA:458,0
DA:459,0
DA:462,1
DA:463,1
DA:464,1
DA:465,1
DA:466,1
DA:467,1
DA:468,1
DA:471,1
DA:472,1
DA:473,1
DA:474,1
DA:475,1
DA:476,1
DA:477,1
DA:478,1
DA:479,1
DA:480,1
DA:483,1
DA:484,1
DA:485,1
DA:486,1
DA:487,1
DA:488,1
DA:491,1
DA:492,1
DA:493,3
DA:494,1
DA:495,1
DA:496,1
DA:499,1
DA:500,1
DA:501,1
DA:502,1
DA:505,1
DA:506,0
DA:507,0
DA:508,0
DA:513,1
LF:313
LH:217
BRDA:48,7,0,11
BRDA:48,7,1,2
BRDA:48,8,0,13
BRDA:48,8,1,12
BRDA:72,11,0,0
BRDA:72,11,1,0
BRDA:78,13,0,0
BRDA:78,13,1,0
BRDA:88,15,0,0
BRDA:88,15,1,0
BRDA:91,16,0,0
BRDA:91,16,1,0
BRDA:100,17,0,0
BRDA:100,17,1,0
BRDA:124,20,0,0
BRDA:124,20,1,0
BRDA:134,22,0,0
BRDA:134,22,1,4
BRDA:140,24,0,0
BRDA:140,24,1,0
BRDA:151,26,0,0
BRDA:151,26,1,4
BRDA:156,27,0,0
BRDA:156,27,1,4
BRDA:161,28,0,4
BRDA:161,28,1,0
BRDA:170,30,0,0
BRDA:170,30,1,38
BRDA:175,31,0,0
BRDA:175,31,1,38
BRDA:180,32,0,38
BRDA:180,32,1,0
BRDA:226,36,0,4
BRDA:226,36,1,0
BRDA:280,39,0,4
BRDA:280,39,1,0
BRDA:280,40,0,4
BRDA:280,40,1,4
BRDA:314,42,0,4
BRDA:314,42,1,8
BRDA:314,43,0,12
BRDA:314,43,1,4
BRDA:340,46,0,4
BRDA:340,46,1,0
BRDA:364,47,0,12
BRDA:364,47,1,4
BRDA:364,48,0,16
BRDA:364,48,1,12
BRDA:394,51,0,0
BRDA:394,51,1,0
BRDA:423,52,0,0
BRDA:423,52,1,0
BRDA:436,53,0,0
BRDA:436,53,1,0
BRDA:440,54,0,0
BRDA:440,54,1,0
BRDA:442,55,0,0
BRDA:442,55,1,0
BRDA:505,61,0,1
BRDA:505,61,1,0
BRDA:507,62,0,0
BRDA:507,62,1,0
BRF:62
BRH:25
end_of_record
TN:
SF:/Users/weymouth/working/MaterialsCommons/workspace/src/github.com/materials-commons/materialscommons.org/backend/servers/mcapi/db/model/db.js
FN:4,update
FN:10,updateAll
FN:16,(anonymous_6)
FN:22,insert
FN:34,(anonymous_9)
FNF:5
FNH:2
FNDA:2,update
FNDA:0,updateAll
FNDA:0,(anonymous_6)
FNDA:2632,insert
FNDA:0,(anonymous_9)
DA:1,1
DA:2,1
DA:4,2
DA:6,2
DA:7,2
DA:10,1
DA:12,0
DA:13,0
DA:15,0
DA:16,0
DA:17,0
DA:19,0
DA:22,2632
DA:24,2632
DA:25,0
DA:28,2632
DA:29,2632
DA:31,2632
DA:34,0
DA:35,0
DA:37,0
DA:41,1
LF:22
LH:12
BRDA:12,5,0,0
BRDA:12,5,1,0
BRDA:12,6,0,0
BRDA:12,6,1,0
BRDA:23,8,0,0
BRDA:23,8,1,2632
BRDA:24,9,0,2632
BRDA:24,9,1,0
BRDA:24,10,0,2632
BRDA:24,10,1,0
BRDA:25,11,0,0
BRDA:25,11,1,0
BRDA:29,12,0,0
BRDA:29,12,1,2632
BRDA:31,13,0,0
BRDA:31,13,1,2632
BRF:16
BRH:5
end_of_record
TN:
SF:/Users/weymouth/working/MaterialsCommons/workspace/src/github.com/materials-commons/materialscommons.org/backend/servers/lib/common-queries.js
FN:1,sampleDetailsRql
FN:2,(anonymous_2)
FN:15,(anonymous_3)
FN:29,fileDetailsRql
FN:30,(anonymous_5)
FN:42,datasetDetailsRql
FN:43,(anonymous_7)
FN:51,processDetailsSimpleRql
FN:52,(anonymous_9)
FN:56,(anonymous_10)
FN:66,(anonymous_11)
FN:72,(anonymous_12)
FN:86,(anonymous_13)
FN:92,(anonymous_14)
FN:109,processDetailsRql
FN:110,(anonymous_16)
FN:114,(anonymous_17)
FN:125,(anonymous_18)
FN:131,(anonymous_19)
FN:150,(anonymous_20)
FN:156,(anonymous_21)
FN:175,(anonymous_22)
FN:182,(anonymous_23)
FNF:23
FNH:18
FNDA:0,sampleDetailsRql
FNDA:0,(anonymous_2)
FNDA:0,(anonymous_3)
FNDA:0,fileDetailsRql
FNDA:0,(anonymous_5)
FNDA:99,datasetDetailsRql
FNDA:99,(anonymous_7)
FNDA:530,processDetailsSimpleRql
FNDA:530,(anonymous_9)
FNDA:530,(anonymous_10)
FNDA:530,(anonymous_11)
FNDA:530,(anonymous_12)
FNDA:530,(anonymous_13)
FNDA:530,(anonymous_14)
FNDA:1018,processDetailsRql
FNDA:1018,(anonymous_16)
FNDA:1018,(anonymous_17)
FNDA:1018,(anonymous_18)
FNDA:1018,(anonymous_19)
FNDA:1018,(anonymous_20)
FNDA:1018,(anonymous_21)
FNDA:1018,(anonymous_22)
FNDA:1018,(anonymous_23)
DA:1,1
DA:2,0
DA:3,0
DA:16,0
DA:29,1
DA:30,0
DA:31,0
DA:42,1
DA:43,99
DA:44,99
DA:51,1
DA:52,530
DA:53,530
DA:57,530
DA:67,530
DA:73,530
DA:87,530
DA:93,530
DA:109,1
DA:110,1018
DA:111,1018
DA:115,1018
DA:126,1018
DA:132,1018
DA:151,1018
DA:157,1018
DA:176,1018
DA:183,1018
DA:202,1
LF:29
LH:24
BRF:0
BRH:0
end_of_record
TN:
SF:/Users/weymouth/working/MaterialsCommons/workspace/src/github.com/materials-commons/materialscommons.org/backend/servers/mcapi/db/model/util.js
FN:3,removeExistingItemsIn
FN:6,(anonymous_2)
FNF:2
FNH:2
FNDA:42,removeExistingItemsIn
FNDA:50,(anonymous_2)
DA:1,1
DA:3,1
DA:4,42
DA:5,42
DA:6,50
DA:8,0
LF:6
LH:5
BRDA:4,1,0,42
BRDA:4,1,1,0
BRF:2
BRH:1
end_of_record
TN:
SF:/Users/weymouth/working/MaterialsCommons/workspace/src/github.com/materials-commons/materialscommons.org/backend/servers/lib/zipFileUtils.js
FN:7,(anonymous_1)
FN:18,(anonymous_2)
FN:22,(anonymous_3)
FN:28,(anonymous_4)
FN:35,(anonymous_5)
FN:51,(anonymous_6)
FN:67,(anonymous_7)
FN:72,cleanUpZipfileName
FNF:8
FNH:0
FNDA:0,(anonymous_1)
FNDA:0,(anonymous_2)
FNDA:0,(anonymous_3)
FNDA:0,(anonymous_4)
FNDA:0,(anonymous_5)
FNDA:0,(anonymous_6)
FNDA:0,(anonymous_7)
FNDA:0,cleanUpZipfileName
DA:2,1
DA:4,1
DA:5,1
DA:7,1
DA:8,0
DA:9,0
DA:10,0
DA:12,0
DA:13,0
DA:15,0
DA:18,1
DA:19,0
DA:22,1
DA:23,0
DA:24,0
DA:25,0
DA:28,1
DA:29,0
DA:30,0
DA:31,0
DA:32,0
DA:35,1
DA:36,0
DA:37,0
DA:38,0
DA:39,0
DA:40,0
DA:42,0
DA:43,0
DA:44,0
DA:45,0
DA:46,0
DA:47,0
DA:48,0
DA:51,1
DA:52,0
DA:54,0
DA:55,0
DA:57,0
DA:58,0
DA:61,0
DA:62,0
DA:64,0
DA:67,1
DA:68,0
DA:71,1
DA:72,1
DA:74,0
DA:76,0
DA:77,0
DA:78,0
DA:80,0
DA:84,0
DA:85,0
LF:54
LH:12
BRDA:8,1,0,0
BRDA:8,1,1,0
BRDA:12,2,0,0
BRDA:12,2,1,0
BRDA:39,3,0,0
BRDA:39,3,1,0
BRDA:52,4,0,0
BRDA:52,4,1,0
BRDA:57,5,0,0
BRDA:57,5,1,0
BRDA:61,6,0,0
BRDA:61,6,1,0
BRDA:74,7,0,0
BRDA:74,7,1,0
BRDA:77,8,0,0
BRDA:77,8,1,0
BRF:16
BRH:0
end_of_record
TN:
SF:/Users/weymouth/working/MaterialsCommons/workspace/src/github.com/materials-commons/materialscommons.org/backend/servers/lib/create-file-utils.js
FN:8,getFileStoreDir
FN:21,getTmpUploadDir
FN:29,removeFileInStore
FN:33,removeFileByPath
FN:37,datafilePath
FN:48,datafilePathExists
FN:53,moveToStore
FN:60,mediaTypeDescriptionsFromMime
FNF:8
FNH:2
FNDA:0,getFileStoreDir
FNDA:0,getTmpUploadDir
FNDA:0,removeFileInStore
FNDA:448,removeFileByPath
FNDA:0,datafilePath
FNDA:0,datafilePathExists
FNDA:0,moveToStore
FNDA:448,mediaTypeDescriptionsFromMime
DA:1,1
DA:2,1
DA:3,1
DA:4,1
DA:5,1
DA:6,1
DA:8,1
DA:9,0
DA:10,0
DA:11,0
DA:12,0
DA:14,0
DA:21,1
DA:22,0
DA:23,0
DA:24,0
DA:29,1
DA:30,0
DA:33,1
DA:34,448
DA:37,1
DA:38,0
DA:39,0
DA:40,0
DA:41,0
DA:42,0
DA:43,0
DA:44,0
DA:45,0
DA:48,1
DA:50,0
DA:53,1
DA:56,0
DA:57,0
DA:60,1
DA:62,448
DA:63,448
DA:64,0
DA:66,448
DA:67,448
DA:68,0
DA:70,448
DA:76,1
DA:119,1
LF:44
LH:22
BRDA:11,3,0,0
BRDA:11,3,1,0
BRDA:63,8,0,0
BRDA:63,8,1,448
BRDA:67,9,0,0
BRDA:67,9,1,448
BRF:6
BRH:2
end_of_record
TN:
SF:/Users/weymouth/working/MaterialsCommons/workspace/src/github.com/materials-commons/materialscommons.org/backend/servers/mcapi/db/model/directories.js
FN:11,get
FN:19,getAll
FN:26,topLevelDir
FN:31,(anonymous_7)
FN:40,(anonymous_8)
FN:43,directoryByID
FN:46,(anonymous_10)
FN:55,(anonymous_11)
FN:58,toDir
FN:69,(anonymous_13)
FN:81,(anonymous_14)
FN:102,create
FN:110,createFromDirID
FN:123,dirByPath
FN:132,dirById
FN:140,createFromPath
FN:155,dirSegments
FN:160,trimStartingSlashes
FN:167,createDirs
FN:198,insertDir
FN:206,update
FN:220,isTopLevelDir
FN:226,moveDirectory
FN:281,renameDirectory
FN:290,findInProject
FN:293,(anonymous_40)
FN:301,subdirExists
FN:306,peerDirectories
FN:307,(anonymous_43)
FN:315,ingestSingleLocalFile
FN:337,addFileToDirectory
FN:342,fileInDirectoryByName
FN:352,isEmpty
FN:362,remove
FNF:34
FNH:33
FNDA:100,get
FNDA:7,getAll
FNDA:97,topLevelDir
FNDA:97,(anonymous_7)
FNDA:97,(anonymous_8)
FNDA:7,directoryByID
FNDA:7,(anonymous_10)
FNDA:7,(anonymous_11)
FNDA:104,toDir
FNDA:555,(anonymous_13)
FNDA:11,(anonymous_14)
FNDA:23,create
FNDA:1,createFromDirID
FNDA:55,dirByPath
FNDA:1,dirById
FNDA:22,createFromPath
FNDA:23,dirSegments
FNDA:23,trimStartingSlashes
FNDA:23,createDirs
FNDA:47,insertDir
FNDA:6,update
FNDA:8,isTopLevelDir
FNDA:2,moveDirectory
FNDA:2,renameDirectory
FNDA:1,findInProject
FNDA:0,(anonymous_40)
FNDA:1,subdirExists
FNDA:1,peerDirectories
FNDA:1,(anonymous_43)
FNDA:448,ingestSingleLocalFile
FNDA:395,addFileToDirectory
FNDA:451,fileInDirectoryByName
FNDA:6,isEmpty
FNDA:2,remove
DA:1,1
DA:2,1
DA:3,1
DA:4,1
DA:5,1
DA:6,1
DA:7,1
DA:8,1
DA:9,1
DA:11,1
DA:12,100
DA:13,97
DA:15,3
DA:19,1
DA:20,7
DA:26,1
DA:27,97
DA:32,97
DA:40,97
DA:43,1
DA:44,7
DA:47,7
DA:55,7
DA:58,1
DA:59,104
DA:69,104
DA:70,555
DA:81,104
DA:82,11
DA:92,104
DA:94,104
DA:102,1
DA:103,23
DA:104,22
DA:106,1
DA:110,1
DA:111,1
DA:112,1
DA:113,0
DA:117,1
DA:118,1
DA:123,55
DA:125,55
DA:126,55
DA:127,33
DA:129,22
DA:132,1
DA:133,1
DA:134,1
DA:135,0
DA:137,1
DA:140,22
DA:142,22
DA:143,22
DA:144,0
DA:149,22
DA:150,22
DA:155,1
DA:156,23
DA:157,23
DA:160,1
DA:161,23
DA:162,0
DA:164,23
DA:167,58
DA:172,23
DA:173,58
DA:174,58
DA:177,25
DA:178,25
DA:184,33
DA:185,33
DA:186,22
DA:187,22
DA:188,22
DA:190,11
DA:191,11
DA:195,23
DA:198,47
DA:200,47
DA:202,47
DA:203,47
DA:206,6
DA:207,6
DA:208,6
DA:209,2
DA:213,4
DA:214,2
DA:216,2
DA:220,8
DA:221,8
DA:222,8
DA:223,8
DA:226,2
DA:230,2
DA:231,2
DA:232,0
DA:235,2
DA:236,2
DA:245,2
DA:247,2
DA:248,2
DA:252,1
DA:253,1
DA:258,3
DA:259,2
DA:260,2
DA:261,2
DA:262,2
DA:264,2
DA:267,1
DA:268,2
DA:270,2
DA:273,1
DA:277,2
DA:278,2
DA:281,2
DA:283,2
DA:286,2
DA:287,2
DA:290,1
DA:291,1
DA:292,0
DA:294,0
DA:297,1
DA:301,1
DA:302,1
DA:303,1
DA:306,1
DA:307,1
DA:308,1
DA:312,1
DA:315,448
DA:322,448
DA:324,448
DA:325,395
DA:326,395
DA:328,395
DA:329,395
DA:331,53
DA:334,448
DA:337,395
DA:339,395
DA:342,451
DA:343,451
DA:348,451
DA:349,0
DA:352,6
DA:353,6
DA:354,6
DA:355,4
DA:358,2
DA:359,2
DA:362,2
DA:363,2
DA:364,2
DA:365,1
DA:369,1
DA:370,1
DA:371,0
DA:374,1
DA:375,1
DA:376,0
DA:379,1
DA:382,1
LF:165
LH:155
BRDA:12,4,0,3
BRDA:12,4,1,97
BRDA:103,7,0,1
BRDA:103,7,1,22
BRDA:112,9,0,1
BRDA:112,9,1,0
BRDA:126,11,0,22
BRDA:126,11,1,33
BRDA:134,13,0,1
BRDA:134,13,1,0
BRDA:141,15,0,21
BRDA:141,15,1,1
BRDA:143,16,0,22
BRDA:143,16,1,0
BRDA:174,19,0,33
BRDA:174,19,1,25
BRDA:185,20,0,11
BRDA:185,20,1,22
BRDA:208,26,0,4
BRDA:208,26,1,2
BRDA:213,27,0,2
BRDA:213,27,1,2
BRDA:231,30,0,2
BRDA:231,30,1,0
BRDA:248,31,0,1
BRDA:248,31,1,1
BRDA:248,32,0,2
BRDA:248,32,1,2
BRDA:258,33,0,1
BRDA:258,33,1,2
BRDA:291,35,0,0
BRDA:291,35,1,1
BRDA:324,37,0,53
BRDA:324,37,1,395
BRDA:324,38,0,448
BRDA:324,38,1,53
BRDA:348,41,0,0
BRDA:348,41,1,451
BRDA:354,43,0,2
BRDA:354,43,1,4
BRDA:364,45,0,1
BRDA:364,45,1,1
BRDA:370,46,0,1
BRDA:370,46,1,0
BRDA:370,47,0,1
BRDA:370,47,1,1
BRDA:375,48,0,1
BRDA:375,48,1,0
BRDA:375,49,0,1
BRDA:375,49,1,1
BRF:50
BRH:42
end_of_record
TN:
SF:/Users/weymouth/working/MaterialsCommons/workspace/src/github.com/materials-commons/materialscommons.org/backend/servers/mcapi/db/model/files.js
FN:10,get
FN:11,(anonymous_4)
FN:21,(anonymous_5)
FN:32,(anonymous_6)
FN:36,(anonymous_7)
FN:50,getAllByChecksum
FN:54,clearUploadedFileByLocalPath
FN:59,fetchOrCreateFileFromLocalPath
FN:91,determineUsesidIfNeeded
FN:103,create
FN:125,pushVersion
FN:132,getList
FN:137,(anonymous_22)
FN:153,update
FN:198,validateFileName
FN:211,updateTags
FN:214,(anonymous_29)
FN:215,(anonymous_30)
FN:229,deleteTags
FN:231,(anonymous_33)
FN:232,(anonymous_34)
FN:238,addTags
FN:239,(anonymous_37)
FN:247,updateNotes
FN:261,deleteNote
FN:267,updateNote
FN:280,addNote
FN:288,updateProcesses
FN:295,(anonymous_48)
FN:296,(anonymous_49)
FN:297,(anonymous_50)
FN:298,(anonymous_51)
FN:299,(anonymous_52)
FN:299,(anonymous_53)
FN:311,updateSamples
FN:317,deleteFile
FN:327,(anonymous_58)
FN:340,deletePhysicalFileIfAppropriate
FN:351,byPath
FN:371,moveFile
FN:387,getVersions
FNF:41
FNH:20
FNDA:442,get
FNDA:442,(anonymous_4)
FNDA:442,(anonymous_5)
FNDA:442,(anonymous_6)
FNDA:442,(anonymous_7)
FNDA:17,getAllByChecksum
FNDA:53,clearUploadedFileByLocalPath
FNDA:395,fetchOrCreateFileFromLocalPath
FNDA:395,determineUsesidIfNeeded
FNDA:395,create
FNDA:4,pushVersion
FNDA:1,getList
FNDA:1,(anonymous_22)
FNDA:6,update
FNDA:2,validateFileName
FNDA:0,updateTags
FNDA:0,(anonymous_29)
FNDA:0,(anonymous_30)
FNDA:0,deleteTags
FNDA:0,(anonymous_33)
FNDA:0,(anonymous_34)
FNDA:0,addTags
FNDA:0,(anonymous_37)
FNDA:0,updateNotes
FNDA:0,deleteNote
FNDA:0,updateNote
FNDA:0,addNote
FNDA:0,updateProcesses
FNDA:0,(anonymous_48)
FNDA:0,(anonymous_49)
FNDA:0,(anonymous_50)
FNDA:0,(anonymous_51)
FNDA:0,(anonymous_52)
FNDA:0,(anonymous_53)
FNDA:0,updateSamples
FNDA:16,deleteFile
FNDA:0,(anonymous_58)
FNDA:16,deletePhysicalFileIfAppropriate
FNDA:2,byPath
FNDA:3,moveFile
FNDA:2,getVersions
DA:1,1
DA:2,1
DA:3,1
DA:4,1
DA:5,1
DA:6,1
DA:7,1
DA:10,442
DA:12,442
DA:22,442
DA:33,442
DA:37,442
DA:47,442
DA:50,1
DA:51,17
DA:54,53
DA:56,53
DA:59,395
DA:67,395
DA:68,395
DA:69,395
DA:70,0
DA:72,395
DA:83,395
DA:85,395
DA:86,0
DA:88,395
DA:91,395
DA:93,395
DA:96,395
DA:97,395
DA:99,395
DA:103,395
DA:105,395
DA:106,0
DA:110,395
DA:111,395
DA:112,395
DA:113,395
DA:114,395
DA:116,395
DA:117,395
DA:120,395
DA:122,395
DA:125,1
DA:126,4
DA:127,4
DA:128,4
DA:132,1
DA:138,1
DA:149,1
DA:153,6
DA:156,6
DA:157,2
DA:158,2
DA:159,2
DA:160,1
DA:164,5
DA:165,1
DA:168,5
DA:169,2
DA:172,5
DA:173,0
DA:176,5
DA:177,0
DA:180,5
DA:181,0
DA:184,5
DA:185,0
DA:188,5
DA:189,3
DA:192,5
DA:193,5
DA:198,2
DA:204,2
DA:205,2
DA:211,1
DA:213,0
DA:214,0
DA:215,0
DA:218,0
DA:219,0
DA:222,0
DA:223,0
DA:225,0
DA:229,1
DA:231,0
DA:232,0
DA:234,0
DA:238,1
DA:239,0
DA:241,0
DA:247,1
DA:248,0
DA:249,0
DA:250,0
DA:251,0
DA:252,0
DA:254,0
DA:257,0
DA:261,1
DA:262,0
DA:263,0
DA:267,1
DA:269,0
DA:270,0
DA:272,0
DA:273,0
DA:275,0
DA:276,0
DA:280,1
DA:282,0
DA:284,0
DA:288,1
DA:289,0
DA:295,0
DA:296,0
DA:297,0
DA:298,0
DA:299,0
DA:301,0
DA:302,0
DA:305,0
DA:306,0
DA:311,1
DA:317,16
DA:318,16
DA:320,16
DA:321,0
DA:322,16
DA:323,0
DA:326,16
DA:327,0
DA:328,0
DA:329,0
DA:332,16
DA:333,16
DA:334,16
DA:335,16
DA:336,16
DA:337,16
DA:340,16
DA:341,16
DA:342,16
DA:344,0
DA:345,0
DA:347,0
DA:351,2
DA:360,2
DA:361,2
DA:362,1
DA:365,1
DA:366,1
DA:367,1
DA:368,1
DA:371,3
DA:375,3
DA:376,3
DA:377,0
DA:381,3
DA:384,3
DA:387,4
DA:389,2
DA:390,2
DA:391,0
DA:392,2
DA:393,0
DA:401,2
DA:406,6
DA:408,4
DA:409,1
DA:411,4
DA:412,4
DA:415,2
DA:418,1
LF:175
LH:117
BRDA:69,7,0,395
BRDA:69,7,1,0
BRDA:85,8,0,395
BRDA:85,8,1,0
BRDA:96,10,0,395
BRDA:96,10,1,0
BRDA:96,11,0,395
BRDA:96,11,1,395
BRDA:97,12,0,371
BRDA:97,12,1,24
BRDA:105,14,0,395
BRDA:105,14,1,0
BRDA:116,15,0,395
BRDA:116,15,1,0
BRDA:156,19,0,4
BRDA:156,19,1,2
BRDA:159,20,0,1
BRDA:159,20,1,1
BRDA:164,21,0,1
BRDA:164,21,1,4
BRDA:168,22,0,3
BRDA:168,22,1,2
BRDA:168,23,0,5
BRDA:168,23,1,4
BRDA:172,24,0,5
BRDA:172,24,1,0
BRDA:176,25,0,5
BRDA:176,25,1,0
BRDA:180,26,0,5
BRDA:180,26,1,0
BRDA:184,27,0,5
BRDA:184,27,1,0
BRDA:188,28,0,2
BRDA:188,28,1,3
BRDA:218,31,0,0
BRDA:218,31,1,0
BRDA:222,32,0,0
BRDA:222,32,1,0
BRDA:249,37,0,0
BRDA:249,37,1,0
BRDA:249,38,0,0
BRDA:249,38,1,0
BRDA:251,39,0,0
BRDA:251,39,1,0
BRDA:269,45,0,0
BRDA:269,45,1,0
BRDA:272,46,0,0
BRDA:272,46,1,0
BRDA:301,49,0,0
BRDA:301,49,1,0
BRDA:305,50,0,0
BRDA:305,50,1,0
BRDA:320,53,0,16
BRDA:320,53,1,0
BRDA:322,54,0,16
BRDA:322,54,1,0
BRDA:326,55,0,16
BRDA:326,55,1,0
BRDA:342,57,0,16
BRDA:342,57,1,0
BRDA:344,58,0,0
BRDA:344,58,1,0
BRDA:361,60,0,1
BRDA:361,60,1,1
BRDA:361,61,0,2
BRDA:361,61,1,1
BRDA:376,63,0,3
BRDA:376,63,1,0
BRDA:390,65,0,2
BRDA:390,65,1,0
BRDA:392,66,0,2
BRDA:392,66,1,0
BRDA:406,67,0,2
BRDA:406,67,1,4
BRDA:408,68,0,3
BRDA:408,68,1,1
BRF:76
BRH:40
end_of_record
TN:
SF:/Users/weymouth/working/MaterialsCommons/workspace/src/github.com/materials-commons/materialscommons.org/backend/servers/mcapi/db/model/experiments.js
FN:10,getAllForProject
FN:13,(anonymous_4)
FN:28,(anonymous_5)
FN:54,get
FN:56,(anonymous_8)
FN:72,(anonymous_9)
FN:76,create
FN:87,update
FN:92,createTask
FN:106,updateIndexOfAllAffected
FN:114,(anonymous_18)
FN:121,getTask
FN:123,(anonymous_21)
FN:139,updateTask
FN:175,deleteTask
FN:187,deleteProcess
FN:189,(anonymous_28)
FN:197,updateTasksAboveDeleted
FN:205,(anonymous_31)
FN:212,getExperimentNote
FN:218,createExperimentNote
FN:226,updateExperimentNote
FN:231,deleteExperimentNote
FN:238,addTemplateToTask
FN:252,addProcessFromTemplate
FN:260,cloneProcess
FN:267,(anonymous_46)
FN:271,(anonymous_47)
FN:297,updateProcess
FN:307,updateTaskTemplate
FN:322,updateTemplateCommon
FN:342,(anonymous_54)
FN:342,(anonymous_55)
FN:357,(anonymous_56)
FN:357,(anonymous_57)
FN:369,removeExistingExperimentFileEntries
FN:371,(anonymous_60)
FN:374,(anonymous_61)
FN:380,removeExistingExperimentSampleEntries
FN:382,(anonymous_64)
FN:385,(anonymous_65)
FN:391,getTemplate
FN:396,addSamples
FN:397,(anonymous_70)
FN:404,deleteSamplesFromExperiment
FN:411,(anonymous_73)
FN:414,(anonymous_74)
FN:422,getProcessesForExperiment
FN:432,getFilesForExperiment
FNF:49
FNH:28
FNDA:43,getAllForProject
FNDA:43,(anonymous_4)
FNDA:43,(anonymous_5)
FNDA:30,get
FNDA:30,(anonymous_8)
FNDA:30,(anonymous_9)
FNDA:30,create
FNDA:0,update
FNDA:30,createTask
FNDA:30,updateIndexOfAllAffected
FNDA:0,(anonymous_18)
FNDA:30,getTask
FNDA:30,(anonymous_21)
FNDA:0,updateTask
FNDA:0,deleteTask
FNDA:0,deleteProcess
FNDA:0,(anonymous_28)
FNDA:0,updateTasksAboveDeleted
FNDA:0,(anonymous_31)
FNDA:0,getExperimentNote
FNDA:0,createExperimentNote
FNDA:0,updateExperimentNote
FNDA:0,deleteExperimentNote
FNDA:0,addTemplateToTask
FNDA:123,addProcessFromTemplate
FNDA:0,cloneProcess
FNDA:0,(anonymous_46)
FNDA:0,(anonymous_47)
FNDA:288,updateProcess
FNDA:0,updateTaskTemplate
FNDA:288,updateTemplateCommon
FNDA:432,(anonymous_54)
FNDA:432,(anonymous_55)
FNDA:95,(anonymous_56)
FNDA:95,(anonymous_57)
FNDA:288,removeExistingExperimentFileEntries
FNDA:432,(anonymous_60)
FNDA:432,(anonymous_61)
FNDA:288,removeExistingExperimentSampleEntries
FNDA:95,(anonymous_64)
FNDA:95,(anonymous_65)
FNDA:281,getTemplate
FNDA:66,addSamples
FNDA:154,(anonymous_70)
FNDA:0,deleteSamplesFromExperiment
FNDA:0,(anonymous_73)
FNDA:0,(anonymous_74)
FNDA:530,getProcessesForExperiment
FNDA:0,getFilesForExperiment
DA:1,1
DA:2,1
DA:3,1
DA:4,1
DA:5,1
DA:6,1
DA:7,1
DA:8,1
DA:10,43
DA:14,43
DA:29,43
DA:49,43
DA:50,43
DA:54,30
DA:57,30
DA:71,30
DA:72,30
DA:73,30
DA:76,30
DA:78,30
DA:79,30
DA:81,30
DA:83,30
DA:84,30
DA:87,1
DA:88,0
DA:89,0
DA:92,30
DA:94,30
DA:95,30
DA:97,30
DA:98,30
DA:99,30
DA:100,30
DA:102,30
DA:103,30
DA:106,30
DA:113,30
DA:115,0
DA:118,30
DA:121,30
DA:124,30
DA:130,30
DA:133,30
DA:134,30
DA:136,30
DA:139,1
DA:140,0
DA:141,0
DA:142,0
DA:143,0
DA:144,0
DA:157,0
DA:159,0
DA:160,0
DA:162,0
DA:163,0
DA:165,0
DA:166,0
DA:168,0
DA:169,0
DA:172,0
DA:175,1
DA:176,0
DA:177,0
DA:180,0
DA:181,0
DA:182,0
DA:184,0
DA:187,1
DA:188,0
DA:189,0
DA:190,0
DA:191,0
DA:192,0
DA:193,0
DA:194,0
DA:197,1
DA:204,0
DA:206,0
DA:209,0
DA:212,1
DA:214,0
DA:215,0
DA:218,1
DA:220,0
DA:222,0
DA:223,0
DA:226,1
DA:227,0
DA:228,0
DA:231,1
DA:232,0
DA:234,0
DA:235,0
DA:238,1
DA:239,0
DA:240,0
DA:242,0
DA:248,0
DA:249,0
DA:252,123
DA:253,123
DA:254,123
DA:256,123
DA:257,123
DA:260,1
DA:261,0
DA:262,0
DA:263,0
DA:264,0
DA:267,0
DA:268,0
DA:271,0
DA:272,0
DA:275,0
DA:278,0
DA:281,0
DA:282,0
DA:283,0
DA:285,0
DA:288,0
DA:289,0
DA:294,0
DA:297,288
DA:298,288
DA:300,288
DA:301,0
DA:304,288
DA:307,1
DA:308,0
DA:310,0
DA:311,0
DA:314,0
DA:315,0
DA:316,0
DA:319,0
DA:322,288
DA:323,288
DA:324,288
DA:325,288
DA:326,0
DA:332,288
DA:333,288
DA:336,288
DA:337,288
DA:338,288
DA:339,0
DA:342,432
DA:343,288
DA:344,288
DA:345,88
DA:351,288
DA:352,288
DA:353,288
DA:354,0
DA:357,95
DA:358,288
DA:359,288
DA:360,7
DA:366,288
DA:369,120
DA:370,288
DA:371,432
DA:372,120
DA:374,432
DA:377,168
DA:380,95
DA:381,288
DA:382,95
DA:383,95
DA:385,95
DA:388,193
DA:391,281
DA:393,281
DA:396,66
DA:398,154
DA:400,66
DA:401,66
DA:404,1
DA:405,0
DA:407,0
DA:408,0
DA:411,0
DA:412,0
DA:414,0
DA:415,0
DA:417,0
DA:419,0
DA:422,530
DA:427,530
DA:429,530
DA:432,1
DA:435,0
DA:436,0
DA:439,1
LF:196
LH:108
BRDA:94,8,0,30
BRDA:94,8,1,0
BRDA:141,12,0,0
BRDA:141,12,1,0
BRDA:143,13,0,0
BRDA:143,13,1,0
BRDA:160,14,0,0
BRDA:160,14,1,0
BRDA:162,15,0,0
BRDA:162,15,1,0
BRDA:165,16,0,0
BRDA:165,16,1,0
BRDA:168,17,0,0
BRDA:168,17,1,0
BRDA:168,18,0,0
BRDA:168,18,1,0
BRDA:181,20,0,0
BRDA:181,20,1,0
BRDA:275,30,0,0
BRDA:275,30,1,0
BRDA:288,31,0,0
BRDA:288,31,1,0
BRDA:288,32,0,0
BRDA:288,32,1,0
BRDA:300,34,0,288
BRDA:300,34,1,0
BRDA:310,36,0,0
BRDA:310,36,1,0
BRDA:314,37,0,0
BRDA:314,37,1,0
BRDA:323,39,0,0
BRDA:323,39,1,288
BRDA:325,40,0,288
BRDA:325,40,1,0
BRDA:332,41,0,0
BRDA:332,41,1,288
BRDA:336,42,0,0
BRDA:336,42,1,288
BRDA:338,43,0,288
BRDA:338,43,1,0
BRDA:344,44,0,200
BRDA:344,44,1,88
BRDA:351,45,0,0
BRDA:351,45,1,288
BRDA:353,46,0,288
BRDA:353,46,1,0
BRDA:359,47,0,281
BRDA:359,47,1,7
BRDA:370,49,0,168
BRDA:370,49,1,120
BRDA:381,51,0,193
BRDA:381,51,1,95
BRDA:407,55,0,0
BRDA:407,55,1,0
BRDA:426,57,0,530
BRDA:426,57,1,0
BRF:56
BRH:18
end_of_record
TN:
SF:/Users/weymouth/working/MaterialsCommons/workspace/src/github.com/materials-commons/materialscommons.org/backend/servers/mcapi/db/model/process-common.js
FN:9,getProcess
FN:21,mergeTemplateIntoProcess
FN:22,(anonymous_5)
FN:23,(anonymous_6)
FN:43,(anonymous_7)
FN:58,convertDatePropertyAttributes
FN:81,processIsUnused
FN:96,updateProcessFiles
FN:97,(anonymous_13)
FN:97,(anonymous_14)
FN:103,(anonymous_15)
FN:103,(anonymous_16)
FN:111,removeExistingProcessFileEntries
FN:113,(anonymous_19)
FN:116,(anonymous_20)
FN:122,updateProperties
FN:155,updateProcessSamples
FN:157,(anonymous_25)
FN:158,(anonymous_26)
FN:179,(anonymous_27)
FN:180,(anonymous_28)
FN:181,(anonymous_29)
FN:181,(anonymous_30)
FN:198,removeExistingProcessSampleEntries
FN:200,(anonymous_33)
FN:204,(anonymous_34)
FN:210,createProcessFromTemplate
FN:222,addProcess
FN:229,createSetup
FNF:29
FNH:23
FNDA:911,getProcess
FNDA:911,mergeTemplateIntoProcess
FNDA:4562,(anonymous_5)
FNDA:0,(anonymous_6)
FNDA:0,(anonymous_7)
FNDA:911,convertDatePropertyAttributes
FNDA:0,processIsUnused
FNDA:288,updateProcessFiles
FNDA:432,(anonymous_13)
FNDA:432,(anonymous_14)
FNDA:432,(anonymous_15)
FNDA:0,(anonymous_16)
FNDA:288,removeExistingProcessFileEntries
FNDA:432,(anonymous_19)
FNDA:432,(anonymous_20)
FNDA:288,updateProperties
FNDA:288,updateProcessSamples
FNDA:95,(anonymous_25)
FNDA:95,(anonymous_26)
FNDA:95,(anonymous_27)
FNDA:0,(anonymous_28)
FNDA:95,(anonymous_29)
FNDA:0,(anonymous_30)
FNDA:288,removeExistingProcessSampleEntries
FNDA:95,(anonymous_33)
FNDA:95,(anonymous_34)
FNDA:123,createProcessFromTemplate
FNDA:123,addProcess
FNDA:123,createSetup
DA:1,1
DA:2,1
DA:3,1
DA:4,1
DA:5,1
DA:6,1
DA:7,1
DA:9,911
DA:11,911
DA:12,911
DA:13,0
DA:15,911
DA:16,911
DA:17,911
DA:18,911
DA:21,1
DA:22,911
DA:23,4562
DA:24,0
DA:26,4562
DA:27,0
DA:28,0
DA:29,0
DA:30,0
DA:31,0
DA:32,0
DA:33,0
DA:34,0
DA:40,0
DA:41,0
DA:42,0
DA:43,0
DA:44,0
DA:45,0
DA:51,911
DA:52,911
DA:53,127
DA:55,911
DA:58,1
DA:59,911
DA:60,911
DA:61,911
DA:62,911
DA:63,911
DA:64,911
DA:65,911
DA:66,4562
DA:67,4562
DA:68,181
DA:69,181
DA:70,0
DA:71,0
DA:78,911
DA:81,1
DA:82,0
DA:83,0
DA:84,0
DA:87,0
DA:88,0
DA:89,0
DA:92,0
DA:93,0
DA:96,288
DA:97,432
DA:98,288
DA:99,288
DA:100,110
DA:103,432
DA:104,288
DA:105,0
DA:108,288
DA:111,120
DA:112,288
DA:113,432
DA:114,120
DA:116,432
DA:119,168
DA:122,363
DA:125,651
DA:128,363
DA:130,363
DA:132,0
DA:136,363
DA:137,0
DA:138,363
DA:139,0
DA:141,363
DA:142,363
DA:143,363
DA:144,363
DA:148,288
DA:149,0
DA:152,288
DA:155,288
DA:157,95
DA:158,95
DA:159,288
DA:160,288
DA:161,95
DA:164,288
DA:165,193
DA:168,48
DA:169,48
DA:173,48
DA:175,48
DA:179,95
DA:180,0
DA:181,95
DA:182,288
DA:183,288
DA:185,0
DA:187,288
DA:188,0
DA:192,288
DA:194,288
DA:198,95
DA:199,288
DA:200,95
DA:201,95
DA:204,95
DA:207,193
DA:210,123
DA:213,123
DA:214,123
DA:215,123
DA:216,123
DA:217,123
DA:218,123
DA:222,123
DA:223,123
DA:225,123
DA:226,123
DA:229,592
DA:230,246
DA:235,123
DA:239,123
DA:245,715
DA:250,592
DA:255,1
LF:139
LH:105
BRDA:12,4,0,911
BRDA:12,4,1,0
BRDA:26,5,0,0
BRDA:26,5,1,4562
BRDA:40,6,0,0
BRDA:40,6,1,0
BRDA:41,7,0,0
BRDA:41,7,1,0
BRDA:44,8,0,0
BRDA:44,8,1,0
BRDA:52,9,0,127
BRDA:52,9,1,784
BRDA:52,10,0,911
BRDA:52,10,1,857
BRDA:59,11,0,911
BRDA:59,11,1,0
BRDA:63,12,0,911
BRDA:63,12,1,0
BRDA:67,13,0,181
BRDA:67,13,1,4381
BRDA:67,14,0,4562
BRDA:67,14,1,4562
BRDA:69,15,0,0
BRDA:69,15,1,181
BRDA:69,16,0,181
BRDA:69,16,1,0
BRDA:83,18,0,0
BRDA:83,18,1,0
BRDA:88,19,0,0
BRDA:88,19,1,0
BRDA:99,21,0,178
BRDA:99,21,1,110
BRDA:104,22,0,288
BRDA:104,22,1,0
BRDA:112,24,0,168
BRDA:112,24,1,120
BRDA:125,26,0,288
BRDA:125,26,1,363
BRDA:130,27,0,363
BRDA:130,27,1,0
BRDA:136,28,0,363
BRDA:136,28,1,0
BRDA:138,29,0,363
BRDA:138,29,1,0
BRDA:148,30,0,288
BRDA:148,30,1,0
BRDA:160,32,0,193
BRDA:160,32,1,95
BRDA:164,33,0,143
BRDA:164,33,1,145
BRDA:165,34,0,145
BRDA:165,34,1,48
BRDA:183,35,0,288
BRDA:183,35,1,0
BRDA:187,36,0,288
BRDA:187,36,1,0
BRDA:199,38,0,193
BRDA:199,38,1,95
BRDA:230,42,0,123
BRDA:230,42,1,123
BRDA:245,43,0,123
BRDA:245,43,1,592
BRF:62
BRH:39
end_of_record
TN:
SF:/Users/weymouth/working/MaterialsCommons/workspace/src/github.com/materials-commons/materialscommons.org/backend/servers/mcapi/db/model/sample-common.js
FN:3,removeUnusedSamples
FN:14,removeSample
FN:26,canDeleteSamples
FN:40,samplesOnlyInputInProcess
FN:41,(anonymous_10)
FN:44,(anonymous_11)
FN:53,samplesUsedInOtherProcesses
FN:57,(anonymous_14)
FN:61,(anonymous_15)
FNF:9
FNH:3
FNDA:288,removeUnusedSamples
FNDA:0,removeSample
FNDA:288,canDeleteSamples
FNDA:288,samplesOnlyInputInProcess
FNDA:0,(anonymous_10)
FNDA:0,(anonymous_11)
FNDA:0,samplesUsedInOtherProcesses
FNDA:0,(anonymous_14)
FNDA:0,(anonymous_15)
DA:1,1
DA:3,288
DA:4,288
DA:6,0
DA:7,0
DA:9,0
DA:14,1
DA:15,0
DA:16,0
DA:20,0
DA:23,0
DA:26,1
DA:28,288
DA:30,288
DA:31,0
DA:33,0
DA:37,0
DA:40,288
DA:41,0
DA:42,288
DA:44,288
DA:45,0
DA:46,0
DA:50,288
DA:53,1
DA:55,0
DA:57,0
DA:59,0
DA:61,0
DA:62,0
DA:64,0
DA:68,0
DA:71,1
LF:33
LH:13
BRDA:4,4,0,288
BRDA:4,4,1,0
BRDA:7,5,0,0
BRDA:7,5,1,0
BRDA:45,11,0,0
BRDA:45,11,1,0
BRDA:62,13,0,0
BRDA:62,13,1,0
BRF:8
BRH:1
end_of_record
TN:
SF:/Users/weymouth/working/MaterialsCommons/workspace/src/github.com/materials-commons/materialscommons.org/backend/servers/mcapi/db/model/processes.js
FN:6,getProcess
FN:10,getProjectProcesses
FN:17,getProcessTemplates
FN:22,getTemplate
FN:27,createProcessFromTemplate
FN:33,updateProcess
FN:67,datasetsForProcess
FN:72,(anonymous_16)
FN:76,deleteProcess
FN:128,(anonymous_19)
FN:143,(anonymous_20)
FN:158,(anonymous_21)
FN:172,(anonymous_22)
FN:187,createProcessTemplate
FN:201,updateExistingTemplate
FNF:15
FNH:8
FNDA:500,getProcess
FNDA:8,getProjectProcesses
FNDA:26,getProcessTemplates
FNDA:0,getTemplate
FNDA:0,createProcessFromTemplate
FNDA:123,updateProcess
FNDA:0,datasetsForProcess
FNDA:0,(anonymous_16)
FNDA:23,deleteProcess
FNDA:0,(anonymous_19)
FNDA:4,(anonymous_20)
FNDA:54,(anonymous_21)
FNDA:22,(anonymous_22)
FNDA:0,createProcessTemplate
FNDA:0,updateExistingTemplate
DA:1,1
DA:2,1
DA:3,1
DA:4,1
DA:6,1
DA:7,500
DA:10,8
DA:13,8
DA:14,8
DA:17,26
DA:18,26
DA:19,26
DA:22,1
DA:24,0
DA:27,1
DA:28,0
DA:29,0
DA:30,0
DA:33,1
DA:34,123
DA:35,0
DA:36,0
DA:37,0
DA:41,123
DA:42,0
DA:43,0
DA:44,0
DA:48,123
DA:49,0
DA:50,0
DA:51,0
DA:52,0
DA:56,123
DA:57,123
DA:60,123
DA:61,0
DA:64,123
DA:67,1
DA:68,0
DA:69,0
DA:70,0
DA:72,0
DA:73,0
DA:76,54
DA:78,23
DA:82,23
DA:84,13
DA:85,13
DA:86,0
DA:91,13
DA:100,17
DA:102,5
DA:103,1
DA:114,22
DA:117,22
DA:118,22
DA:120,22
DA:123,22
DA:127,22
DA:128,0
DA:129,22
DA:130,22
DA:131,22
DA:133,0
DA:134,0
DA:135,0
DA:142,22
DA:143,4
DA:144,22
DA:145,22
DA:146,26
DA:148,4
DA:149,4
DA:150,4
DA:157,22
DA:158,54
DA:159,22
DA:160,22
DA:161,76
DA:163,54
DA:164,54
DA:165,32
DA:171,22
DA:172,22
DA:173,22
DA:174,44
DA:176,22
DA:181,0
DA:184,22
DA:187,1
DA:190,0
DA:192,0
DA:193,0
DA:194,0
DA:196,0
DA:198,0
DA:201,1
DA:203,0
DA:204,0
DA:205,0
DA:208,1
LF:101
LH:66
BRDA:34,9,0,123
BRDA:34,9,1,0
BRDA:36,10,0,0
BRDA:36,10,1,0
BRDA:41,11,0,123
BRDA:41,11,1,0
BRDA:43,12,0,0
BRDA:43,12,1,0
BRDA:48,13,0,123
BRDA:48,13,1,0
BRDA:51,14,0,0
BRDA:51,14,1,0
BRDA:56,15,0,0
BRDA:56,15,1,123
BRDA:60,16,0,123
BRDA:60,16,1,0
BRDA:69,18,0,0
BRDA:69,18,1,0
BRDA:78,20,0,10
BRDA:78,20,1,13
BRDA:78,21,0,23
BRDA:78,21,1,10
BRDA:82,22,0,10
BRDA:82,22,1,13
BRDA:85,23,0,13
BRDA:85,23,1,0
BRDA:100,24,0,12
BRDA:100,24,1,5
BRDA:102,25,0,4
BRDA:102,25,1,1
BRDA:118,26,0,0
BRDA:118,26,1,22
BRDA:130,27,0,0
BRDA:130,27,1,22
BRDA:131,28,0,22
BRDA:131,28,1,0
BRDA:134,29,0,0
BRDA:134,29,1,0
BRDA:134,30,0,0
BRDA:134,30,1,0
BRDA:134,30,2,0
BRDA:145,31,0,0
BRDA:145,31,1,22
BRDA:146,32,0,22
BRDA:146,32,1,4
BRDA:149,33,0,0
BRDA:149,33,1,4
BRDA:149,34,0,4
BRDA:149,34,1,4
BRDA:149,34,2,4
BRDA:160,35,0,0
BRDA:160,35,1,22
BRDA:161,36,0,22
BRDA:161,36,1,54
BRDA:164,37,0,22
BRDA:164,37,1,32
BRDA:164,38,0,54
BRDA:164,38,1,54
BRDA:164,38,2,54
BRDA:173,39,0,0
BRDA:173,39,1,22
BRDA:174,40,0,22
BRDA:174,40,1,22
BRDA:193,42,0,0
BRDA:193,42,1,0
BRF:65
BRH:37
end_of_record
TN:
SF:/Users/weymouth/working/MaterialsCommons/workspace/src/github.com/materials-commons/materialscommons.org/backend/servers/mcapi/db/model/samples.js
FN:7,getSample
FN:9,(anonymous_4)
FN:13,(anonymous_5)
FN:34,getAllSamplesForProject
FN:41,(anonymous_8)
FN:60,getAllSamplesForExperiment
FN:63,(anonymous_11)
FN:98,createSamples
FN:118,isValidCreateSamplesProcess
FN:124,(anonymous_16)
FN:128,updateSamples
FN:133,addSamplesMeasurements
FN:145,addSharedPropertyMeasurementsForSamples
FN:155,addPropertyToPropertySet
FN:160,addPropertyMeasurements
FN:176,addMeasurementToProperty
FN:181,addMeasurementToProcess
FN:186,addSeparatePropertyMeasurementsForSamples
FN:193,addAsBestMeasure
FN:204,addNewPropertyMeasurements
FN:220,updateSamplesMeasurements
FN:223,(anonymous_39)
FN:224,(anonymous_40)
FN:245,updatedExistingPropertyMeasurementsForSamples
FN:246,(anonymous_43)
FN:252,deleteSamplesMeasurements
FN:256,updateSampleFiles
FN:257,(anonymous_48)
FN:258,(anonymous_49)
FN:264,(anonymous_50)
FN:264,(anonymous_51)
FN:272,removeExistingSampleFileEntries
FN:274,(anonymous_54)
FN:277,(anonymous_55)
FNF:34
FNH:15
FNDA:25,getSample
FNDA:25,(anonymous_4)
FNDA:25,(anonymous_5)
FNDA:1,getAllSamplesForProject
FNDA:1,(anonymous_8)
FNDA:1,getAllSamplesForExperiment
FNDA:1,(anonymous_11)
FNDA:71,createSamples
FNDA:0,isValidCreateSamplesProcess
FNDA:0,(anonymous_16)
FNDA:0,updateSamples
FNDA:24,addSamplesMeasurements
FNDA:0,addSharedPropertyMeasurementsForSamples
FNDA:0,addPropertyToPropertySet
FNDA:24,addPropertyMeasurements
FNDA:24,addMeasurementToProperty
FNDA:24,addMeasurementToProcess
FNDA:24,addSeparatePropertyMeasurementsForSamples
FNDA:24,addAsBestMeasure
FNDA:24,addNewPropertyMeasurements
FNDA:0,updateSamplesMeasurements
FNDA:0,(anonymous_39)
FNDA:0,(anonymous_40)
FNDA:0,updatedExistingPropertyMeasurementsForSamples
FNDA:0,(anonymous_43)
FNDA:0,deleteSamplesMeasurements
FNDA:0,updateSampleFiles
FNDA:0,(anonymous_48)
FNDA:0,(anonymous_49)
FNDA:0,(anonymous_50)
FNDA:0,(anonymous_51)
FNDA:0,removeExistingSampleFileEntries
FNDA:0,(anonymous_54)
FNDA:0,(anonymous_55)
DA:1,1
DA:2,1
DA:3,1
DA:4,1
DA:5,1
DA:7,25
DA:10,25
DA:14,25
DA:30,25
DA:31,25
DA:34,1
DA:42,1
DA:56,1
DA:57,1
DA:60,1
DA:64,1
DA:76,1
DA:77,1
DA:98,161
DA:100,71
DA:102,232
DA:105,161
DA:107,161
DA:110,161
DA:111,161
DA:112,161
DA:115,71
DA:118,1
DA:119,0
DA:120,0
DA:121,0
DA:123,0
DA:124,0
DA:125,0
DA:128,1
DA:129,0
DA:130,0
DA:133,24
DA:134,48
DA:136,24
DA:137,0
DA:139,24
DA:142,24
DA:145,1
DA:147,0
DA:148,0
DA:149,0
DA:151,0
DA:155,1
DA:157,0
DA:160,24
DA:161,48
DA:164,24
DA:165,24
DA:166,24
DA:167,24
DA:168,24
DA:169,24
DA:171,24
DA:172,24
DA:176,24
DA:178,24
DA:181,24
DA:183,24
DA:186,24
DA:187,48
DA:189,24
DA:193,24
DA:194,24
DA:195,24
DA:197,22
DA:198,22
DA:200,2
DA:204,24
DA:206,24
DA:208,24
DA:209,2
DA:212,22
DA:213,22
DA:215,22
DA:217,24
DA:220,1
DA:221,0
DA:223,0
DA:224,0
DA:227,0
DA:228,0
DA:229,0
DA:230,0
DA:231,0
DA:233,0
DA:237,0
DA:238,0
DA:242,0
DA:245,1
DA:247,0
DA:249,0
DA:252,1
DA:253,0
DA:256,1
DA:257,0
DA:258,0
DA:259,0
DA:260,0
DA:261,0
DA:264,0
DA:265,0
DA:266,0
DA:269,0
DA:272,1
DA:273,0
DA:274,0
DA:275,0
DA:277,0
DA:279,0
DA:282,1
LF:116
LH:73
BRDA:102,7,0,71
BRDA:102,7,1,161
BRDA:120,9,0,0
BRDA:120,9,1,0
BRDA:125,10,0,0
BRDA:125,10,1,0
BRDA:134,13,0,24
BRDA:134,13,1,24
BRDA:136,14,0,24
BRDA:136,14,1,0
BRDA:149,16,0,0
BRDA:149,16,1,0
BRDA:161,19,0,24
BRDA:161,19,1,24
BRDA:168,20,0,0
BRDA:168,20,1,24
BRDA:187,24,0,24
BRDA:187,24,1,24
BRDA:195,26,0,2
BRDA:195,26,1,22
BRDA:208,28,0,22
BRDA:208,28,1,2
BRDA:221,30,0,0
BRDA:221,30,1,0
BRDA:229,31,0,0
BRDA:229,31,1,0
BRDA:230,32,0,0
BRDA:230,32,1,0
BRDA:237,33,0,0
BRDA:237,33,1,0
BRDA:260,37,0,0
BRDA:260,37,1,0
BRDA:265,38,0,0
BRDA:265,38,1,0
BRDA:273,40,0,0
BRDA:273,40,1,0
BRF:36
BRH:14
end_of_record
TN:
SF:/Users/weymouth/working/MaterialsCommons/workspace/src/github.com/materials-commons/materialscommons.org/backend/servers/mcapi/build-demo/build-demo-project-helper.js
FN:19,createOrFindDemoProjectForUser
FN:30,createOrFindDemoProjectExperiment
FN:37,(anonymous_6)
FN:57,createOrFindDemoProcess
FN:63,(anonymous_9)
FN:83,createOrFindAllDemoProcesses
FN:107,createOrFindProcessOutputSamples
FN:124,(anonymous_14)
FN:132,(anonymous_15)
FN:141,(anonymous_16)
FN:142,(anonymous_17)
FN:153,createOrFindOutputSamplesForAllProcesses
FN:172,(anonymous_20)
FN:183,createOrFindInputSamplesForProcess
FN:193,(anonymous_23)
FN:196,(anonymous_24)
FN:242,createOrFindInputSamplesForAllProcesses
FN:247,_loop
FN:253,(anonymous_29)
FN:271,createOrFindDemoProcessSetupProperties
FN:300,createOrFindSetupPropertiesForAllDemoProcesses
FN:305,_loop2
FN:313,(anonymous_36)
FN:319,(anonymous_37)
FN:328,(anonymous_38)
FN:355,updateMeasurementForProcessSamples
FN:358,(anonymous_41)
FN:393,filesDescriptions
FN:397,filesMissingInFolder
FN:418,filesMissingInDatabase
FN:421,(anonymous_47)
FN:426,(anonymous_48)
FN:437,addAllFilesToProject
FN:464,filesForProject
FN:476,restoreProjectSourceOrderToFiles
FN:479,(anonymous_54)
FN:482,(anonymous_55)
FN:489,addAllFilesToExperimentProcesses
FN:537,makeTemplateTable
FN:542,(anonymous_60)
FNF:40
FNH:39
FNDA:36,createOrFindDemoProjectForUser
FNDA:34,createOrFindDemoProjectExperiment
FNDA:12,(anonymous_6)
FNDA:524,createOrFindDemoProcess
FNDA:2286,(anonymous_9)
FNDA:104,createOrFindAllDemoProcesses
FNDA:80,createOrFindProcessOutputSamples
FNDA:154,(anonymous_14)
FNDA:154,(anonymous_15)
FNDA:188,(anonymous_16)
FNDA:728,(anonymous_17)
FNDA:26,createOrFindOutputSamplesForAllProcesses
FNDA:182,(anonymous_20)
FNDA:97,createOrFindInputSamplesForProcess
FNDA:88,(anonymous_23)
FNDA:0,(anonymous_24)
FNDA:24,createOrFindInputSamplesForAllProcesses
FNDA:96,_loop
FNDA:96,(anonymous_29)
FNDA:73,createOrFindDemoProcessSetupProperties
FNDA:24,createOrFindSetupPropertiesForAllDemoProcesses
FNDA:120,_loop2
FNDA:576,(anonymous_36)
FNDA:576,(anonymous_37)
FNDA:360,(anonymous_38)
FNDA:24,updateMeasurementForProcessSamples
FNDA:24,(anonymous_41)
FNDA:1045,filesDescriptions
FNDA:1,filesMissingInFolder
FNDA:3,filesMissingInDatabase
FNDA:48,(anonymous_47)
FNDA:48,(anonymous_48)
FNDA:26,addAllFilesToProject
FNDA:29,filesForProject
FNDA:29,restoreProjectSourceOrderToFiles
FNDA:464,(anonymous_54)
FNDA:464,(anonymous_55)
FNDA:24,addAllFilesToExperimentProcesses
FNDA:26,makeTemplateTable
FNDA:1066,(anonymous_60)
DA:1,1
DA:2,1
DA:3,1
DA:4,1
DA:5,1
DA:6,1
DA:8,1
DA:10,1
DA:11,1
DA:12,1
DA:13,1
DA:14,1
DA:15,1
DA:17,1
DA:19,36
DA:27,36
DA:30,34
DA:33,34
DA:34,34
DA:37,34
DA:38,12
DA:39,12
DA:42,34
DA:43,12
DA:50,22
DA:54,34
DA:57,524
DA:59,524
DA:60,524
DA:63,524
DA:64,2286
DA:65,414
DA:68,524
DA:69,110
DA:70,110
DA:73,110
DA:76,414
DA:80,524
DA:83,520
DA:87,624
DA:92,520
DA:93,520
DA:97,520
DA:100,104
DA:101,104
DA:105,104
DA:107,80
DA:110,80
DA:111,80
DA:114,80
DA:117,39
DA:118,34
DA:119,34
DA:122,80
DA:124,66
DA:125,154
DA:127,66
DA:128,66
DA:130,66
DA:132,66
DA:133,154
DA:135,66
DA:139,80
DA:141,80
DA:142,188
DA:143,728
DA:144,188
DA:148,80
DA:150,80
DA:153,78
DA:158,104
DA:165,78
DA:166,182
DA:169,78
DA:170,78
DA:172,78
DA:173,182
DA:177,26
DA:178,26
DA:180,26
DA:183,97
DA:185,97
DA:186,97
DA:187,97
DA:188,97
DA:189,9
DA:191,97
DA:193,88
DA:194,88
DA:195,88
DA:196,0
DA:197,0
DA:198,0
DA:202,88
DA:203,88
DA:210,88
DA:221,88
DA:223,88
DA:224,0
DA:229,88
DA:231,88
DA:236,97
DA:237,97
DA:239,97
DA:242,96
DA:247,120
DA:253,96
DA:254,96
DA:257,96
DA:258,96
DA:261,96
DA:264,24
DA:265,24
DA:268,24
DA:271,73
DA:283,73
DA:285,73
DA:286,0
DA:291,73
DA:293,73
DA:294,73
DA:297,73
DA:300,120
DA:303,24
DA:305,144
DA:313,120
DA:314,576
DA:319,120
DA:320,576
DA:325,120
DA:328,72
DA:329,360
DA:331,360
DA:332,360
DA:333,360
DA:334,360
DA:335,72
DA:337,360
DA:341,72
DA:342,72
DA:348,24
DA:349,24
DA:352,24
DA:355,24
DA:358,24
DA:359,24
DA:373,24
DA:375,24
DA:377,48
DA:378,24
DA:379,24
DA:380,24
DA:382,24
DA:386,24
DA:387,24
DA:390,24
DA:393,1
DA:394,1045
DA:397,16
DA:399,17
DA:405,16
DA:406,16
DA:407,16
DA:408,16
DA:411,16
DA:412,0
DA:415,1
DA:418,3
DA:419,3
DA:421,3
DA:422,48
DA:426,3
DA:427,48
DA:428,48
DA:429,48
DA:430,48
DA:431,0
DA:434,3
DA:437,416
DA:438,26
DA:440,442
DA:446,416
DA:447,416
DA:450,416
DA:451,416
DA:459,416
DA:464,29
DA:465,29
DA:468,464
DA:470,464
DA:472,29
DA:473,29
DA:476,1
DA:477,29
DA:478,29
DA:479,29
DA:480,464
DA:482,29
DA:483,464
DA:484,464
DA:486,29
DA:489,120
DA:492,144
DA:496,432
DA:498,432
DA:511,120
DA:513,120
DA:514,0
DA:519,120
DA:522,120
DA:523,120
DA:524,120
DA:526,120
DA:529,120
DA:531,24
DA:532,24
DA:534,24
DA:537,26
DA:538,26
DA:540,26
DA:542,26
DA:543,1066
DA:546,26
DA:549,1
LF:224
LH:216
BRDA:34,5,0,0
BRDA:34,5,1,34
BRDA:38,6,0,12
BRDA:38,6,1,0
BRDA:42,7,0,22
BRDA:42,7,1,12
BRDA:60,9,0,0
BRDA:60,9,1,524
BRDA:64,10,0,414
BRDA:64,10,1,1872
BRDA:68,11,0,414
BRDA:68,11,1,110
BRDA:70,12,0,0
BRDA:70,12,1,110
BRDA:87,14,0,104
BRDA:87,14,1,520
BRDA:93,15,0,520
BRDA:93,15,1,0
BRDA:100,16,0,104
BRDA:100,16,1,0
BRDA:111,18,0,0
BRDA:111,18,1,80
BRDA:117,19,0,34
BRDA:117,19,1,5
BRDA:122,20,0,14
BRDA:122,20,1,66
BRDA:128,21,0,0
BRDA:128,21,1,66
BRDA:139,22,0,80
BRDA:139,22,1,0
BRDA:143,23,0,188
BRDA:143,23,1,540
BRDA:158,25,0,26
BRDA:158,25,1,78
BRDA:170,26,0,78
BRDA:170,26,1,0
BRDA:177,27,0,26
BRDA:177,27,1,0
BRDA:186,29,0,0
BRDA:186,29,1,97
BRDA:188,30,0,9
BRDA:188,30,1,88
BRDA:191,31,0,9
BRDA:191,31,1,88
BRDA:195,32,0,0
BRDA:195,32,1,88
BRDA:197,33,0,0
BRDA:197,33,1,0
BRDA:202,34,0,88
BRDA:202,34,1,0
BRDA:210,35,0,0
BRDA:210,35,1,88
BRDA:223,36,0,88
BRDA:223,36,1,0
BRDA:236,37,0,97
BRDA:236,37,1,0
BRDA:258,40,0,96
BRDA:258,40,1,0
BRDA:247,41,0,24
BRDA:247,41,1,96
BRDA:264,43,0,24
BRDA:264,43,1,0
BRDA:285,45,0,73
BRDA:285,45,1,0
BRDA:293,46,0,0
BRDA:293,46,1,73
BRDA:325,49,0,48
BRDA:325,49,1,72
BRDA:325,50,0,120
BRDA:325,50,1,120
BRDA:331,51,0,360
BRDA:331,51,1,0
BRDA:334,52,0,72
BRDA:334,52,1,288
BRDA:342,53,0,72
BRDA:342,53,1,0
BRDA:305,54,0,24
BRDA:305,54,1,120
BRDA:348,56,0,0
BRDA:348,56,1,24
BRDA:375,58,0,0
BRDA:375,58,1,24
BRDA:377,59,0,24
BRDA:377,59,1,24
BRDA:378,60,0,0
BRDA:378,60,1,24
BRDA:380,61,0,24
BRDA:380,61,1,0
BRDA:386,62,0,24
BRDA:386,62,1,0
BRDA:399,64,0,1
BRDA:399,64,1,16
BRDA:405,65,0,0
BRDA:405,65,1,16
BRDA:407,66,0,16
BRDA:407,66,1,0
BRDA:411,67,0,0
BRDA:411,67,1,16
BRDA:430,69,0,0
BRDA:430,69,1,48
BRDA:440,71,0,26
BRDA:440,71,1,416
BRDA:447,72,0,0
BRDA:447,72,1,416
BRDA:470,74,0,464
BRDA:470,74,1,0
BRDA:492,76,0,24
BRDA:492,76,1,120
BRDA:513,77,0,120
BRDA:513,77,1,0
BRDA:522,78,0,0
BRDA:522,78,1,120
BRDA:524,79,0,120
BRDA:524,79,1,0
BRDA:529,80,0,120
BRDA:529,80,1,0
BRDA:531,81,0,24
BRDA:531,81,1,0
BRDA:540,83,0,26
BRDA:540,83,1,0
BRF:120
BRH:78
end_of_record
TN:
SF:/Users/weymouth/working/MaterialsCommons/workspace/src/github.com/materials-commons/materialscommons.org/backend/servers/mcapi/resources/projects/experiments/processes.js
FN:12,getProcessesForExperiment
FN:24,createProcessInExperimentFromTemplate
FN:36,updateExperimentProcess
FN:58,validateUpdateExperimentProcessTemplateArgs
FN:121,getProcess
FN:132,convertPropertyDateValues
FN:148,cloneProcess
FN:169,setDefaultCloneArgValues
FN:181,validateCloneArgs
FN:183,(anonymous_18)
FN:191,(anonymous_19)
FN:202,createResource
FNF:12
FNH:1
FNDA:0,getProcessesForExperiment
FNDA:0,createProcessInExperimentFromTemplate
FNDA:0,updateExperimentProcess
FNDA:281,validateUpdateExperimentProcessTemplateArgs
FNDA:0,getProcess
FNDA:0,convertPropertyDateValues
FNDA:0,cloneProcess
FNDA:0,setDefaultCloneArgValues
FNDA:0,validateCloneArgs
FNDA:0,(anonymous_18)
FNDA:0,(anonymous_19)
FNDA:0,createResource
DA:1,1
DA:2,1
DA:3,1
DA:4,1
DA:5,1
DA:6,1
DA:7,1
DA:8,1
DA:9,1
DA:10,1
DA:12,1
DA:14,0
DA:15,0
DA:16,0
DA:17,0
DA:19,0
DA:21,0
DA:24,1
DA:25,0
DA:27,0
DA:28,0
DA:29,0
DA:31,0
DA:33,0
DA:36,1
DA:37,0
DA:38,0
DA:39,0
DA:40,0
DA:41,0
DA:42,0
DA:43,0
DA:45,0
DA:47,0
DA:48,0
DA:49,0
DA:51,0
DA:55,0
DA:58,432
DA:59,281
DA:60,0
DA:63,281
DA:64,281
DA:65,281
DA:66,0
DA:70,281
DA:72,281
DA:73,436
DA:75,363
DA:76,363
DA:77,0
DA:82,281
DA:83,0
DA:86,281
DA:87,0
DA:90,281
DA:91,552
DA:93,432
DA:94,432
DA:95,0
DA:100,281
DA:101,0
DA:104,281
DA:105,0
DA:108,281
DA:109,176
DA:111,88
DA:112,88
DA:113,0
DA:118,281
DA:121,1
DA:122,0
DA:123,0
DA:124,0
DA:125,0
DA:127,0
DA:129,0
DA:132,1
DA:133,0
DA:134,0
DA:135,0
DA:136,0
DA:137,0
DA:138,0
DA:139,0
DA:145,0
DA:148,1
DA:149,0
DA:150,0
DA:151,0
DA:152,0
DA:153,0
DA:154,0
DA:156,0
DA:158,0
DA:159,0
DA:160,0
DA:162,0
DA:166,0
DA:169,1
DA:170,0
DA:171,0
DA:174,0
DA:175,0
DA:178,0
DA:181,1
DA:182,0
DA:183,0
DA:184,0
DA:185,0
DA:186,0
DA:190,0
DA:191,0
DA:192,0
DA:193,0
DA:194,0
DA:198,0
DA:202,1
DA:203,0
DA:205,0
DA:206,0
DA:208,0
DA:210,0
DA:211,0
DA:212,0
DA:214,0
DA:217,1
LF:127
LH:43
BRDA:15,4,0,0
BRDA:15,4,1,0
BRDA:27,6,0,0
BRDA:27,6,1,0
BRDA:41,8,0,0
BRDA:41,8,1,0
BRDA:47,9,0,0
BRDA:47,9,1,0
BRDA:59,11,0,281
BRDA:59,11,1,0
BRDA:59,12,0,281
BRDA:59,12,1,73
BRDA:63,13,0,0
BRDA:63,13,1,281
BRDA:65,14,0,281
BRDA:65,14,1,0
BRDA:72,15,0,208
BRDA:72,15,1,73
BRDA:73,16,0,73
BRDA:73,16,1,363
BRDA:76,17,0,363
BRDA:76,17,1,0
BRDA:82,18,0,281
BRDA:82,18,1,0
BRDA:82,19,0,281
BRDA:82,19,1,120
BRDA:86,20,0,281
BRDA:86,20,1,0
BRDA:86,21,0,281
BRDA:86,21,1,120
BRDA:90,22,0,161
BRDA:90,22,1,120
BRDA:91,23,0,120
BRDA:91,23,1,432
BRDA:94,24,0,432
BRDA:94,24,1,0
BRDA:100,25,0,281
BRDA:100,25,1,0
BRDA:100,26,0,281
BRDA:100,26,1,88
BRDA:104,27,0,281
BRDA:104,27,1,0
BRDA:104,28,0,281
BRDA:104,28,1,88
BRDA:108,29,0,193
BRDA:108,29,1,88
BRDA:109,30,0,88
BRDA:109,30,1,88
BRDA:112,31,0,88
BRDA:112,31,1,0
BRDA:123,33,0,0
BRDA:123,33,1,0
BRDA:133,34,0,0
BRDA:133,34,1,0
BRDA:137,35,0,0
BRDA:137,35,1,0
BRDA:152,37,0,0
BRDA:152,37,1,0
BRDA:158,38,0,0
BRDA:158,38,1,0
BRDA:170,39,0,0
BRDA:170,39,1,0
BRDA:174,40,0,0
BRDA:174,40,1,0
BRDA:182,42,0,0
BRDA:182,42,1,0
BRDA:185,43,0,0
BRDA:185,43,1,0
BRDA:190,44,0,0
BRDA:190,44,1,0
BRDA:193,45,0,0
BRDA:193,45,1,0
BRF:72
BRH:32
end_of_record
TN:
SF:/Users/weymouth/working/MaterialsCommons/workspace/src/github.com/materials-commons/materialscommons.org/backend/servers/mcapi/db/model/check.js
FN:4,allSamplesInDataset
FN:5,(anonymous_4)
FN:10,allFilesInDataset
FN:11,(anonymous_7)
FN:16,allProcessesInDataset
FN:17,(anonymous_10)
FN:22,allFilesInProject
FN:23,(anonymous_13)
FN:28,experimentExistsInProject
FN:33,taskInExperiment
FN:39,noteInExperiment
FN:45,taskIsUsingProcess
FN:50,templateExists
FN:55,templateIsOwnedBy
FN:60,isTemplateAdmin
FN:65,isTemplateForTask
FN:70,isTemplateForProcess
FN:75,allSamplesInExperiment
FN:76,(anonymous_34)
FN:81,allFilesInExperiment
FN:82,(anonymous_37)
FN:87,allProcessesInExperiment
FN:88,(anonymous_40)
FN:93,allSamplesInProcess
FN:94,(anonymous_43)
FN:99,allFilesInProcess
FN:100,(anonymous_46)
FN:105,sampleInExperiment
FN:110,processInExperiment
FN:115,fileInProject
FN:120,experimentHasDataset
FN:125,taskProcessIsUnused
FN:134,sampleInProject
FN:139,sampleHasPropertySet
FN:144,allSamplesInProject
FN:145,(anonymous_63)
FN:150,userHasProjectAccess
FN:155,isUserProjectOwner
FN:160,isUserExperimentOwner
FN:165,directoryInProject
FN:170,processInProject
FNF:41
FNH:4
FNDA:0,allSamplesInDataset
FNDA:0,(anonymous_4)
FNDA:0,allFilesInDataset
FNDA:0,(anonymous_7)
FNDA:0,allProcessesInDataset
FNDA:0,(anonymous_10)
FNDA:0,allFilesInProject
FNDA:0,(anonymous_13)
FNDA:0,experimentExistsInProject
FNDA:0,taskInExperiment
FNDA:0,noteInExperiment
FNDA:0,taskIsUsingProcess
FNDA:0,templateExists
FNDA:0,templateIsOwnedBy
FNDA:0,isTemplateAdmin
FNDA:0,isTemplateForTask
FNDA:281,isTemplateForProcess
FNDA:0,allSamplesInExperiment
FNDA:0,(anonymous_34)
FNDA:0,allFilesInExperiment
FNDA:0,(anonymous_37)
FNDA:0,allProcessesInExperiment
FNDA:0,(anonymous_40)
FNDA:0,allSamplesInProcess
FNDA:0,(anonymous_43)
FNDA:0,allFilesInProcess
FNDA:0,(anonymous_46)
FNDA:0,sampleInExperiment
FNDA:0,processInExperiment
FNDA:432,fileInProject
FNDA:0,experimentHasDataset
FNDA:0,taskProcessIsUnused
FNDA:88,sampleInProject
FNDA:88,sampleHasPropertySet
FNDA:0,allSamplesInProject
FNDA:0,(anonymous_63)
FNDA:0,userHasProjectAccess
FNDA:0,isUserProjectOwner
FNDA:0,isUserExperimentOwner
FNDA:0,directoryInProject
FNDA:0,processInProject
DA:1,1
DA:2,1
DA:4,1
DA:5,0
DA:6,0
DA:7,0
DA:10,1
DA:11,0
DA:12,0
DA:13,0
DA:16,1
DA:17,0
DA:18,0
DA:19,0
DA:22,1
DA:23,0
DA:24,0
DA:25,0
DA:28,1
DA:29,0
DA:30,0
DA:33,1
DA:34,0
DA:36,0
DA:39,1
DA:40,0
DA:42,0
DA:45,1
DA:46,0
DA:47,0
DA:50,1
DA:51,0
DA:52,0
DA:55,1
DA:56,0
DA:57,0
DA:60,1
DA:61,0
DA:62,0
DA:65,1
DA:66,0
DA:67,0
DA:70,281
DA:71,281
DA:72,281
DA:75,1
DA:76,0
DA:77,0
DA:78,0
DA:81,1
DA:82,0
DA:83,0
DA:84,0
DA:87,1
DA:88,0
DA:89,0
DA:90,0
DA:93,1
DA:94,0
DA:95,0
DA:96,0
DA:99,1
DA:100,0
DA:101,0
DA:102,0
DA:105,1
DA:106,0
DA:107,0
DA:110,1
DA:111,0
DA:112,0
DA:115,432
DA:116,432
DA:117,432
DA:120,1
DA:121,0
DA:122,0
DA:125,1
DA:126,0
DA:127,0
DA:128,0
DA:131,0
DA:134,88
DA:135,88
DA:136,88
DA:139,88
DA:140,88
DA:141,88
DA:144,1
DA:145,0
DA:146,0
DA:147,0
DA:150,1
DA:151,0
DA:152,0
DA:155,1
DA:156,0
DA:157,0
DA:160,1
DA:161,0
DA:162,0
DA:165,1
DA:166,0
DA:167,0
DA:170,1
DA:171,0
DA:172,0
DA:175,1
LF:108
LH:42
BRDA:62,14,0,0
BRDA:62,14,1,0
BRDA:127,27,0,0
BRDA:127,27,1,0
BRF:4
BRH:0
end_of_record
TN:
SF:/Users/weymouth/working/MaterialsCommons/workspace/src/github.com/materials-commons/materialscommons.org/backend/servers/mcapi/schema/index.js
FN:15,validate
FN:16,(anonymous_2)
FN:16,(anonymous_3)
FN:19,prepare
FN:26,defineRules
FNF:5
FNH:3
FNDA:883,validate
FNDA:883,(anonymous_2)
FNDA:0,(anonymous_3)
FNDA:0,prepare
FNDA:1,defineRules
DA:1,1
DA:2,1
DA:4,1
DA:6,1
DA:8,1
DA:9,1
DA:10,1
DA:11,1
DA:12,1
DA:13,1
DA:15,1
DA:16,883
DA:19,1
DA:20,0
DA:21,0
DA:26,1
DA:27,1
DA:28,1
DA:29,1
DA:30,1
DA:31,1
DA:32,1
DA:33,1
DA:34,1
DA:35,1
DA:36,1
DA:37,1
DA:38,1
DA:39,1
DA:40,1
DA:43,1
DA:44,1
DA:45,1
DA:46,1
DA:47,1
DA:48,1
DA:49,1
DA:50,1
DA:51,1
DA:52,1
DA:53,1
DA:54,1
DA:55,1
DA:56,1
DA:57,1
DA:58,1
DA:59,1
DA:60,1
DA:61,1
DA:62,1
DA:63,1
DA:64,1
DA:65,1
DA:67,1
LF:54
LH:52
BRF:0
BRH:0
end_of_record
TN:
SF:/Users/weymouth/working/MaterialsCommons/workspace/src/github.com/materials-commons/materialscommons.org/backend/servers/mcapi/schema/schema-rules.js
FN:36,mustExist
FN:37,(anonymous_2)
FN:52,mustNotExist
FN:56,(anonymous_4)
FN:72,mustNotExistInProject
FN:78,(anonymous_6)
FN:89,mustExistInProject
FN:93,(anonymous_8)
FN:101,(anonymous_9)
FN:112,isValidPropertyType
FN:122,isValidUnit
FN:133,isValidExperimentStatus
FN:140,(anonymous_13)
FN:143,oneOf
FN:158,mustNotStartWith
FN:177,mustBeForSample
FN:207,checkMatch
FN:230,mustBeValidMeasurements
FN:241,checkMeasures
FN:252,(anonymous_20)
FN:266,mustBeForAttributeSet
FN:278,(anonymous_22)
FN:283,mustNotExistInDirectory
FN:285,(anonymous_24)
FN:292,(anonymous_25)
FN:302,mustNotExistInParentDirectory
FN:307,(anonymous_27)
FN:321,(anonymous_28)
FNF:28
FNH:0
FNDA:0,mustExist
FNDA:0,(anonymous_2)
FNDA:0,mustNotExist
FNDA:0,(anonymous_4)
FNDA:0,mustNotExistInProject
FNDA:0,(anonymous_6)
FNDA:0,mustExistInProject
FNDA:0,(anonymous_8)
FNDA:0,(anonymous_9)
FNDA:0,isValidPropertyType
FNDA:0,isValidUnit
FNDA:0,isValidExperimentStatus
FNDA:0,(anonymous_13)
FNDA:0,oneOf
FNDA:0,mustNotStartWith
FNDA:0,mustBeForSample
FNDA:0,checkMatch
FNDA:0,mustBeValidMeasurements
FNDA:0,checkMeasures
FNDA:0,(anonymous_20)
FNDA:0,mustBeForAttributeSet
FNDA:0,(anonymous_22)
FNDA:0,mustNotExistInDirectory
FNDA:0,(anonymous_24)
FNDA:0,(anonymous_25)
FNDA:0,mustNotExistInParentDirectory
FNDA:0,(anonymous_27)
FNDA:0,(anonymous_28)
DA:1,1
DA:2,1
DA:3,1
DA:4,1
DA:5,1
DA:10,1
DA:17,1
DA:24,1
DA:36,1
DA:37,0
DA:38,0
DA:39,0
DA:40,0
DA:46,0
DA:52,1
DA:53,0
DA:56,0
DA:57,0
DA:58,0
DA:60,0
DA:66,0
DA:72,1
DA:73,0
DA:76,0
DA:77,0
DA:79,0
DA:84,0
DA:89,1
DA:90,0
DA:91,0
DA:94,0
DA:99,0
DA:102,0
DA:107,0
DA:112,1
DA:113,0
DA:118,0
DA:122,1
DA:123,0
DA:128,0
DA:133,1
DA:134,0
DA:140,0
DA:143,1
DA:144,0
DA:145,0
DA:146,0
DA:147,0
DA:151,0
DA:158,1
DA:159,0
DA:160,0
DA:167,0
DA:177,1
DA:178,0
DA:183,0
DA:188,0
DA:189,0
DA:190,0
DA:191,0
DA:192,0
DA:194,0
DA:207,1
DA:208,0
DA:209,0
DA:211,0
DA:216,0
DA:230,1
DA:231,0
DA:232,0
DA:233,0
DA:234,0
DA:236,0
DA:241,1
DA:242,0
DA:247,0
DA:250,0
DA:252,0
DA:253,0
DA:255,0
DA:257,0
DA:262,0
DA:266,1
DA:267,0
DA:268,0
DA:271,0
DA:272,0
DA:277,0
DA:279,0
DA:283,1
DA:284,0
DA:285,0
DA:286,0
DA:291,0
DA:293,0
DA:298,0
DA:302,1
DA:303,0
DA:304,0
DA:306,0
DA:308,0
DA:309,0
DA:310,0
DA:311,0
DA:312,0
DA:318,0
DA:322,0
DA:327,0
DA:331,1
LF:109
LH:25
BRDA:39,1,0,0
BRDA:39,1,1,0
BRDA:58,2,0,0
BRDA:58,2,1,0
BRDA:79,3,0,0
BRDA:79,3,1,0
BRDA:94,4,0,0
BRDA:94,4,1,0
BRDA:118,5,0,0
BRDA:118,5,1,0
BRDA:128,6,0,0
BRDA:128,6,1,0
BRDA:140,7,0,0
BRDA:140,7,1,0
BRDA:146,8,0,0
BRDA:146,8,1,0
BRDA:159,9,0,0
BRDA:159,9,1,0
BRDA:178,10,0,0
BRDA:178,10,1,0
BRDA:189,11,0,0
BRDA:189,11,1,0
BRDA:191,12,0,0
BRDA:191,12,1,0
BRDA:208,13,0,0
BRDA:208,13,1,0
BRDA:233,14,0,0
BRDA:233,14,1,0
BRDA:247,15,0,0
BRDA:247,15,1,0
BRDA:255,16,0,0
BRDA:255,16,1,0
BRDA:262,17,0,0
BRDA:262,17,1,0
BRDA:267,18,0,0
BRDA:267,18,1,0
BRDA:279,19,0,0
BRDA:279,19,1,0
BRDA:286,20,0,0
BRDA:286,20,1,0
BRDA:308,21,0,0
BRDA:308,21,1,0
BRDA:311,22,0,0
BRDA:311,22,1,0
BRF:44
BRH:0
end_of_record
TN:
SF:/Users/weymouth/working/MaterialsCommons/workspace/src/github.com/materials-commons/materialscommons.org/backend/servers/mcapi/schema/directory-schema.js
FN:1,(anonymous_1)
FN:10,defineCreateDirectorySchema
FN:32,defineMoveDirectorySchema
FN:55,defineRenameDirectorySchema
FNF:4
FNH:4
FNDA:1,(anonymous_1)
FNDA:1,defineCreateDirectorySchema
FNDA:1,defineMoveDirectorySchema
FNDA:1,defineRenameDirectorySchema
DA:1,1
DA:2,1
DA:4,1
DA:10,1
DA:11,1
DA:28,1
DA:29,1
DA:32,1
DA:33,1
DA:51,1
DA:52,1
DA:55,1
DA:56,1
DA:75,1
DA:76,1
LF:15
LH:15
BRF:0
BRH:0
end_of_record
TN:
SF:/Users/weymouth/working/MaterialsCommons/workspace/src/github.com/materials-commons/materialscommons.org/backend/servers/mcapi/schema/experiment-schema.js
FN:1,(anonymous_1)
FN:16,defineCreateExperimentSchema
FN:59,defineUpdateExperimentSchema
FN:116,defineCreateExperimentTaskSchema
FN:142,defineUpdateExperimentTaskSchema
FN:186,defineCreateExperimentNoteSchema
FN:203,defineUpdateExperimentNoteSchema
FN:218,defineUpdateExperimentTaskTemplatePropsSchema
FN:235,defineTemplatePropertySchema
FN:287,defineTemplateCommandSchema
FNF:10
FNH:10
FNDA:1,(anonymous_1)
FNDA:1,defineCreateExperimentSchema
FNDA:1,defineUpdateExperimentSchema
FNDA:1,defineCreateExperimentTaskSchema
FNDA:1,defineUpdateExperimentTaskSchema
FNDA:1,defineCreateExperimentNoteSchema
FNDA:1,defineUpdateExperimentNoteSchema
FNDA:1,defineUpdateExperimentTaskTemplatePropsSchema
FNDA:1,defineTemplatePropertySchema
FNDA:1,defineTemplateCommandSchema
DA:1,1
DA:2,1
DA:4,1
DA:16,1
DA:17,1
DA:49,1
DA:55,1
DA:56,1
DA:59,1
DA:60,1
DA:111,1
DA:112,1
DA:113,1
DA:116,1
DA:117,1
DA:137,1
DA:138,1
DA:139,1
DA:142,1
DA:143,1
DA:181,1
DA:182,1
DA:183,1
DA:186,1
DA:187,1
DA:198,1
DA:199,1
DA:200,1
DA:203,1
DA:204,1
DA:213,1
DA:214,1
DA:215,1
DA:218,1
DA:219,1
DA:230,1
DA:231,1
DA:232,1
DA:235,1
DA:236,1
DA:282,1
DA:283,1
DA:284,1
DA:287,1
DA:288,1
DA:305,1
DA:308,1
DA:309,1
LF:48
LH:48
BRF:0
BRH:0
end_of_record
TN:
SF:/Users/weymouth/working/MaterialsCommons/workspace/src/github.com/materials-commons/materialscommons.org/backend/servers/mcapi/schema/samples-schema.js
FN:1,(anonymous_1)
FN:12,defineCreateSamplesSchema
FN:28,defineAddSamplesMeasurementsSchema
FN:45,defineUpdateSamplesMeasurementsSchema
FN:62,defineSamplesMeasurementSchema
FN:98,defineMeasurementSchema
FN:141,defineSamplesSchema
FNF:7
FNH:5
FNDA:1,(anonymous_1)
FNDA:1,defineCreateSamplesSchema
FNDA:1,defineAddSamplesMeasurementsSchema
FNDA:0,defineUpdateSamplesMeasurementsSchema
FNDA:1,defineSamplesMeasurementSchema
FNDA:1,defineMeasurementSchema
FNDA:0,defineSamplesSchema
DA:1,1
DA:2,1
DA:4,1
DA:12,1
DA:13,1
DA:23,1
DA:24,1
DA:25,1
DA:28,1
DA:29,1
DA:40,1
DA:41,1
DA:42,1
DA:45,1
DA:46,0
DA:57,0
DA:58,0
DA:59,0
DA:62,1
DA:63,1
DA:91,1
DA:94,1
DA:95,1
DA:98,1
DA:99,1
DA:134,1
DA:137,1
DA:138,1
DA:141,1
DA:142,0
DA:170,0
DA:174,0
DA:175,0
LF:33
LH:25
BRF:0
BRH:0
end_of_record
TN:
SF:/Users/weymouth/working/MaterialsCommons/workspace/src/github.com/materials-commons/materialscommons.org/backend/servers/mcapi/schema/process-schema.js
FN:1,(anonymous_1)
FN:10,defineCreateProcessSchema
FN:83,defineCreateProcessSetupSchema
FN:109,defineUpdateProcessSchema
FNF:4
FNH:3
FNDA:1,(anonymous_1)
FNDA:1,defineCreateProcessSchema
FNDA:0,defineCreateProcessSetupSchema
FNDA:1,defineUpdateProcessSchema
DA:1,1
DA:2,1
DA:4,1
DA:10,1
DA:11,1
DA:71,1
DA:79,1
DA:80,1
DA:83,1
DA:84,0
DA:103,0
DA:104,0
DA:105,0
DA:109,1
DA:110,1
DA:118,1
DA:123,1
DA:124,1
LF:18
LH:14
BRF:0
BRH:0
end_of_record
TN:
SF:/Users/weymouth/working/MaterialsCommons/workspace/src/github.com/materials-commons/materialscommons.org/backend/servers/mcapi/schema/user-schema.js
FN:1,(anonymous_1)
FN:8,defineUserAccountSchema
FNF:2
FNH:2
FNDA:1,(anonymous_1)
FNDA:1,defineUserAccountSchema
DA:1,1
DA:2,1
DA:4,1
DA:8,1
DA:9,1
DA:25,1
DA:26,1
DA:27,1
LF:8
LH:8
BRF:0
BRH:0
end_of_record
TN:
SF:/Users/weymouth/working/MaterialsCommons/workspace/src/github.com/materials-commons/materialscommons.org/backend/servers/mcapi/schema/dataset-schema.js
FN:1,(anonymous_1)
FN:11,defineCreateDatasetSchema
FN:29,defineDatasetAuthorSchema
FN:50,defineDatasetPaperSchema
FN:81,defineUpdateDatasetSchema
FNF:5
FNH:5
FNDA:1,(anonymous_1)
FNDA:1,defineCreateDatasetSchema
FNDA:1,defineDatasetAuthorSchema
FNDA:1,defineDatasetPaperSchema
FNDA:1,defineUpdateDatasetSchema
DA:1,1
DA:2,1
DA:4,1
DA:11,1
DA:12,1
DA:22,1
DA:25,1
DA:26,1
DA:29,1
DA:30,1
DA:45,1
DA:46,1
DA:47,1
DA:50,1
DA:51,1
DA:76,1
DA:77,1
DA:78,1
DA:81,1
DA:82,1
DA:136,1
DA:137,1
DA:138,1
LF:23
LH:23
BRF:0
BRH:0
end_of_record
TN:
SF:/Users/weymouth/working/MaterialsCommons/workspace/src/github.com/materials-commons/materialscommons.org/backend/servers/mcapi/resources/projects/experiments/validators.js
FN:5,validateSample
FN:32,validateProperty
FN:46,validateFile
FNF:3
FNH:3
FNDA:88,validateSample
FNDA:363,validateProperty
FNDA:432,validateFile
DA:1,1
DA:2,1
DA:3,1
DA:5,88
DA:6,88
DA:7,88
DA:8,0
DA:11,88
DA:12,0
DA:15,88
DA:16,0
DA:19,88
DA:20,88
DA:21,0
DA:24,88
DA:25,88
DA:26,0
DA:29,88
DA:32,363
DA:33,363
DA:34,363
DA:35,0
DA:39,363
DA:40,0
DA:43,363
DA:46,432
DA:47,432
DA:48,432
DA:49,0
DA:52,432
DA:53,0
DA:56,432
DA:57,432
DA:58,0
DA:61,432
DA:64,1
LF:36
LH:26
BRDA:7,4,0,88
BRDA:7,4,1,0
BRDA:11,5,0,88
BRDA:11,5,1,0
BRDA:11,6,0,88
BRDA:11,6,1,0
BRDA:15,7,0,88
BRDA:15,7,1,0
BRDA:20,8,0,88
BRDA:20,8,1,0
BRDA:25,9,0,88
BRDA:25,9,1,0
BRDA:34,11,0,363
BRDA:34,11,1,0
BRDA:39,12,0,363
BRDA:39,12,1,0
BRDA:48,14,0,432
BRDA:48,14,1,0
BRDA:52,15,0,432
BRDA:52,15,1,0
BRDA:52,16,0,432
BRDA:52,16,1,0
BRDA:57,17,0,432
BRDA:57,17,1,0
BRF:24
BRH:12
end_of_record
TN:
SF:/Users/weymouth/working/MaterialsCommons/workspace/src/github.com/materials-commons/materialscommons.org/backend/servers/mcapi/schema/property-validator.js
FN:3,isValidSetupProperty
FN:9,(anonymous_2)
FN:26,isValidUnit
FN:34,(anonymous_4)
FN:38,isValidValue
FN:57,isValidSelectionValue
FN:59,(anonymous_7)
FN:76,isValidNumber
FN:80,isValidString
FN:87,isValidDate
FNF:10
FNH:9
FNDA:363,isValidSetupProperty
FNDA:1591,(anonymous_2)
FNDA:363,isValidUnit
FNDA:120,(anonymous_4)
FNDA:363,isValidValue
FNDA:49,isValidSelectionValue
FNDA:73,(anonymous_7)
FNDA:216,isValidNumber
FNDA:98,isValidString
FNDA:0,isValidDate
DA:1,1
DA:3,1
DA:4,363
DA:5,363
DA:6,0
DA:9,1591
DA:10,363
DA:11,0
DA:15,363
DA:16,0
DA:19,363
DA:20,0
DA:23,363
DA:26,1
DA:27,363
DA:28,120
DA:29,243
DA:30,0
DA:31,243
DA:32,171
DA:34,120
DA:38,1
DA:39,363
DA:41,49
DA:43,216
DA:45,0
DA:47,0
DA:49,98
DA:51,0
DA:53,0
DA:57,1
DA:58,49
DA:59,49
DA:60,73
DA:61,0
DA:63,73
DA:69,49
DA:70,0
DA:72,49
DA:76,1
DA:77,216
DA:80,1
DA:81,98
DA:87,1
DA:88,0
DA:108,1
LF:46
LH:34
BRDA:5,1,0,0
BRDA:5,1,1,363
BRDA:10,2,0,0
BRDA:10,2,1,363
BRDA:15,3,0,0
BRDA:15,3,1,363
BRDA:19,4,0,0
BRDA:19,4,1,363
BRDA:27,5,0,120
BRDA:27,5,1,243
BRDA:27,6,0,363
BRDA:27,6,1,120
BRDA:29,7,0,0
BRDA:29,7,1,243
BRDA:29,8,0,243
BRDA:29,8,1,171
BRDA:31,9,0,171
BRDA:31,9,1,72
BRDA:31,10,0,243
BRDA:31,10,1,171
BRDA:40,11,0,49
BRDA:40,11,1,216
BRDA:40,11,2,0
BRDA:40,11,3,0
BRDA:40,11,4,98
BRDA:40,11,5,0
BRDA:40,11,6,0
BRDA:60,12,0,0
BRDA:60,12,1,73
BRDA:63,13,0,73
BRDA:63,13,1,49
BRDA:69,14,0,0
BRDA:69,14,1,49
BRDA:69,15,0,49
BRDA:69,15,1,0
BRF:35
BRH:24
end_of_record
TN:
SF:/Users/weymouth/working/MaterialsCommons/workspace/src/github.com/materials-commons/materialscommons.org/backend/servers/mcapi/resources/resource-access.js
FN:6,validateProjectAccess
FN:28,validateProjectOwner
FN:41,validateExperimentOwner
FN:54,validateExperimentInProject
FN:66,validateDatasetInExperiment
FN:78,validateSampleInExperiment
FN:88,validateProcessInExperiment
FN:100,validateSampleInProject
FN:112,validateDirectoryInProject
FN:124,validateProcessInProject
FN:136,validateFileInProject
FN:148,validateTaskInExperiment
FN:158,validateTemplateExists
FN:168,validateTemplateAccess
FN:181,validateNoteInExperiment
FNF:15
FNH:0
FNDA:0,validateProjectAccess
FNDA:0,validateProjectOwner
FNDA:0,validateExperimentOwner
FNDA:0,validateExperimentInProject
FNDA:0,validateDatasetInExperiment
FNDA:0,validateSampleInExperiment
FNDA:0,validateProcessInExperiment
FNDA:0,validateSampleInProject
FNDA:0,validateDirectoryInProject
FNDA:0,validateProcessInProject
FNDA:0,validateFileInProject
FNDA:0,validateTaskInExperiment
FNDA:0,validateTemplateExists
FNDA:0,validateTemplateAccess
FNDA:0,validateNoteInExperiment
DA:1,1
DA:2,1
DA:3,1
DA:4,1
DA:6,1
DA:8,0
DA:9,0
DA:11,0
DA:12,0
DA:15,0
DA:16,0
DA:19,0
DA:25,0
DA:28,1
DA:30,0
DA:31,0
DA:32,0
DA:33,0
DA:34,0
DA:35,0
DA:38,0
DA:41,1
DA:43,0
DA:44,0
DA:45,0
DA:46,0
DA:47,0
DA:48,0
DA:51,0
DA:54,1
DA:57,0
DA:58,0
DA:59,0
DA:60,0
DA:61,0
DA:63,0
DA:66,1
DA:69,0
DA:70,0
DA:71,0
DA:72,0
DA:73,0
DA:75,0
DA:78,1
DA:79,0
DA:80,0
DA:81,0
DA:82,0
DA:83,0
DA:85,0
DA:88,1
DA:89,0
DA:90,0
DA:91,0
DA:92,0
DA:93,0
DA:94,0
DA:97,0
DA:100,1
DA:101,0
DA:102,0
DA:103,0
DA:104,0
DA:105,0
DA:106,0
DA:109,0
DA:112,1
DA:113,0
DA:114,0
DA:115,0
DA:116,0
DA:117,0
DA:118,0
DA:121,0
DA:124,1
DA:125,0
DA:126,0
DA:127,0
DA:128,0
DA:129,0
DA:130,0
DA:133,0
DA:136,1
DA:137,0
DA:138,0
DA:139,0
DA:140,0
DA:141,0
DA:142,0
DA:145,0
DA:148,1
DA:149,0
DA:150,0
DA:151,0
DA:152,0
DA:153,0
DA:155,0
DA:158,1
DA:159,0
DA:160,0
DA:161,0
DA:162,0
DA:163,0
DA:165,0
DA:168,1
DA:169,0
DA:170,0
DA:171,0
DA:172,0
DA:173,0
DA:174,0
DA:175,0
DA:178,0
DA:181,1
DA:182,0
DA:183,0
DA:184,0
DA:185,0
DA:186,0
DA:188,0
DA:191,1
LF:121
LH:20
BRDA:8,4,0,0
BRDA:8,4,1,0
BRDA:11,5,0,0
BRDA:11,5,1,0
BRDA:15,6,0,0
BRDA:15,6,1,0
BRDA:30,8,0,0
BRDA:30,8,1,0
BRDA:32,9,0,0
BRDA:32,9,1,0
BRDA:43,11,0,0
BRDA:43,11,1,0
BRDA:45,12,0,0
BRDA:45,12,1,0
BRDA:58,14,0,0
BRDA:58,14,1,0
BRDA:70,16,0,0
BRDA:70,16,1,0
BRDA:80,18,0,0
BRDA:80,18,1,0
BRDA:89,20,0,0
BRDA:89,20,1,0
BRDA:91,21,0,0
BRDA:91,21,1,0
BRDA:101,23,0,0
BRDA:101,23,1,0
BRDA:103,24,0,0
BRDA:103,24,1,0
BRDA:113,26,0,0
BRDA:113,26,1,0
BRDA:113,27,0,0
BRDA:113,27,1,0
BRDA:115,28,0,0
BRDA:115,28,1,0
BRDA:125,30,0,0
BRDA:125,30,1,0
BRDA:127,31,0,0
BRDA:127,31,1,0
BRDA:137,33,0,0
BRDA:137,33,1,0
BRDA:139,34,0,0
BRDA:139,34,1,0
BRDA:150,36,0,0
BRDA:150,36,1,0
BRDA:160,38,0,0
BRDA:160,38,1,0
BRDA:170,40,0,0
BRDA:170,40,1,0
BRDA:172,41,0,0
BRDA:172,41,1,0
BRDA:183,43,0,0
BRDA:183,43,1,0
BRF:52
BRH:0
end_of_record
TN:
SF:/Users/weymouth/working/MaterialsCommons/workspace/src/github.com/materials-commons/materialscommons.org/backend/servers/mcapi/db/model/access.js
FN:3,allByProject
FN:4,(anonymous_2)
FN:6,(anonymous_3)
[...]
DA:69,1
DA:70,0
DA:71,0
DA:72,0
DA:73,0
DA:74,0
DA:75,0
DA:77,0
DA:78,0
DA:79,0
DA:80,0
DA:82,0
DA:85,0
DA:88,1
DA:89,0
DA:90,0
DA:91,0
DA:94,0
DA:95,0
DA:96,0
DA:97,0
DA:98,0
DA:99,0
DA:100,0
DA:101,0
DA:106,0
DA:107,0
DA:108,0
DA:109,0
DA:110,0
DA:111,0
DA:112,0
DA:113,0
DA:118,0
DA:120,0
DA:122,0
DA:128,0
DA:134,0
DA:140,0
DA:141,0
DA:146,0
DA:149,0
DA:152,0
DA:153,0
DA:154,0
DA:155,0
DA:160,0
DA:163,1
DA:164,0
DA:165,0
DA:166,0
DA:167,0
DA:169,0
DA:171,0
DA:174,1
DA:175,0
DA:176,0
DA:177,0
DA:178,0
DA:179,0
DA:181,0
DA:182,0
DA:183,0
DA:184,0
DA:185,0
DA:186,0
DA:188,0
DA:191,0
DA:194,1
DA:195,0
DA:196,0
DA:200,0
DA:202,0
DA:203,0
DA:204,0
DA:205,0
DA:206,0
DA:207,0
DA:208,0
DA:209,0
DA:213,0
DA:214,0
DA:215,0
DA:216,0
DA:220,0
DA:221,0
DA:222,0
DA:223,0
DA:227,0
DA:228,0
DA:231,0
DA:234,1
DA:235,0
DA:236,0
DA:237,0
DA:238,0
DA:239,0
DA:241,0
DA:242,0
DA:243,0
DA:244,0
DA:245,0
DA:246,0
DA:248,0
DA:251,0
DA:254,1
DA:255,0
DA:256,0
DA:260,0
DA:262,0
DA:263,0
DA:264,0
DA:265,0
DA:266,0
DA:267,0
DA:268,0
DA:269,0
DA:273,0
DA:274,0
DA:275,0
DA:276,0
DA:280,0
DA:281,0
DA:282,0
DA:283,0
DA:287,0
DA:288,0
DA:291,0
DA:294,1
DA:295,0
DA:296,0
DA:297,0
DA:298,0
DA:299,0
DA:301,0
DA:302,0
DA:303,0
DA:304,0
DA:305,0
DA:306,0
DA:308,0
DA:311,0
DA:314,1
DA:315,0
DA:316,0
DA:320,0
DA:322,0
DA:323,0
DA:324,0
DA:325,0
DA:326,0
DA:327,0
DA:328,0
DA:329,0
DA:333,0
DA:334,0
DA:335,0
DA:336,0
DA:340,0
DA:341,0
DA:342,0
DA:343,0
DA:347,0
DA:348,0
DA:351,0
DA:354,1
DA:355,0
DA:356,0
DA:357,0
DA:358,0
DA:360,0
DA:362,0
DA:365,1
DA:366,0
DA:367,0
DA:368,0
DA:369,0
DA:371,0
DA:373,0
DA:376,1
DA:377,0
DA:378,0
DA:379,0
DA:380,0
DA:382,0
DA:384,0
DA:387,1
DA:388,0
DA:389,0
DA:390,0
DA:391,0
DA:392,0
DA:395,0
DA:396,0
DA:397,0
DA:401,0
DA:402,0
DA:404,0
DA:409,0
DA:412,1
DA:413,0
DA:414,0
DA:416,0
DA:417,0
DA:419,0
DA:420,0
DA:422,0
DA:425,1
DA:426,0
DA:427,0
DA:428,0
DA:429,0
DA:431,0
DA:433,0
DA:436,1
DA:437,0
DA:438,0
DA:439,0
DA:440,0
DA:442,0
DA:444,0
DA:447,1
DA:448,0
DA:449,0
DA:450,0
DA:451,0
DA:453,0
DA:455,0
DA:458,1
DA:464,0
DA:466,0
DA:467,0
DA:468,0
DA:469,0
DA:471,0
DA:472,0
DA:473,0
DA:475,0
DA:478,1
DA:479,0
DA:480,0
DA:481,0
DA:482,0
DA:483,0
DA:485,0
DA:488,1
DA:489,0
DA:490,0
DA:491,0
DA:493,0
DA:495,0
DA:496,0
DA:497,0
DA:498,0
DA:499,0
DA:500,0
DA:501,0
DA:502,0
DA:503,0
DA:505,0
DA:507,0
DA:508,0
DA:510,0
DA:512,0
DA:514,0
DA:516,0
DA:519,1
LF:314
LH:34
BRDA:13,4,0,0
BRDA:13,4,1,0
BRDA:24,6,0,0
BRDA:24,6,1,0
BRDA:37,8,0,0
BRDA:37,8,1,0
BRDA:42,9,0,0
BRDA:42,9,1,0
BRDA:54,11,0,0
BRDA:54,11,1,0
BRDA:59,12,0,0
BRDA:59,12,1,0
BRDA:73,14,0,0
BRDA:73,14,1,0
BRDA:78,15,0,0
BRDA:78,15,1,0
BRDA:90,17,0,0
BRDA:90,17,1,0
BRDA:94,18,0,0
BRDA:94,18,1,0
BRDA:94,19,0,0
BRDA:94,19,1,0
BRDA:96,20,0,0
BRDA:96,20,1,0
BRDA:100,22,0,0
BRDA:100,22,1,0
BRDA:106,26,0,0
BRDA:106,26,1,0
BRDA:106,27,0,0
BRDA:106,27,1,0
BRDA:108,28,0,0
BRDA:108,28,1,0
BRDA:112,30,0,0
BRDA:112,30,1,0
BRDA:118,34,0,0
BRDA:118,34,1,0
BRDA:118,35,0,0
BRDA:118,35,1,0
BRDA:140,39,0,0
BRDA:140,39,1,0
BRDA:152,40,0,0
BRDA:152,40,1,0
BRDA:153,41,0,0
BRDA:153,41,1,0
BRDA:154,42,0,0
BRDA:154,42,1,0
BRDA:165,44,0,0
BRDA:165,44,1,0
BRDA:177,46,0,0
BRDA:177,46,1,0
BRDA:184,47,0,0
BRDA:184,47,1,0
BRDA:195,49,0,0
BRDA:195,49,1,0
BRDA:195,50,0,0
BRDA:195,50,1,0
BRDA:200,51,0,0
BRDA:200,51,1,0
BRDA:202,52,0,0
BRDA:202,52,1,0
BRDA:204,53,0,0
BRDA:204,53,1,0
BRDA:204,54,0,0
BRDA:204,54,1,0
BRDA:206,55,0,0
BRDA:206,55,1,0
BRDA:208,56,0,0
BRDA:208,56,1,0
BRDA:213,57,0,0
BRDA:213,57,1,0
BRDA:215,58,0,0
BRDA:215,58,1,0
BRDA:220,59,0,0
BRDA:220,59,1,0
BRDA:222,60,0,0
BRDA:222,60,1,0
BRDA:227,61,0,0
BRDA:227,61,1,0
BRDA:227,62,0,0
BRDA:227,62,1,0
BRDA:237,64,0,0
BRDA:237,64,1,0
BRDA:244,65,0,0
BRDA:244,65,1,0
BRDA:255,67,0,0
BRDA:255,67,1,0
BRDA:255,68,0,0
BRDA:255,68,1,0
BRDA:260,69,0,0
BRDA:260,69,1,0
BRDA:262,70,0,0
BRDA:262,70,1,0
BRDA:264,71,0,0
BRDA:264,71,1,0
BRDA:264,72,0,0
BRDA:264,72,1,0
BRDA:266,73,0,0
BRDA:266,73,1,0
BRDA:268,74,0,0
BRDA:268,74,1,0
BRDA:273,75,0,0
BRDA:273,75,1,0
BRDA:275,76,0,0
BRDA:275,76,1,0
BRDA:280,77,0,0
BRDA:280,77,1,0
BRDA:282,78,0,0
BRDA:282,78,1,0
BRDA:287,79,0,0
BRDA:287,79,1,0
BRDA:287,80,0,0
BRDA:287,80,1,0
BRDA:297,82,0,0
BRDA:297,82,1,0
BRDA:304,83,0,0
BRDA:304,83,1,0
BRDA:315,85,0,0
BRDA:315,85,1,0
BRDA:315,86,0,0
BRDA:315,86,1,0
BRDA:320,87,0,0
BRDA:320,87,1,0
BRDA:322,88,0,0
BRDA:322,88,1,0
BRDA:324,89,0,0
BRDA:324,89,1,0
BRDA:324,90,0,0
BRDA:324,90,1,0
BRDA:326,91,0,0
BRDA:326,91,1,0
BRDA:328,92,0,0
BRDA:328,92,1,0
BRDA:333,93,0,0
BRDA:333,93,1,0
BRDA:335,94,0,0
BRDA:335,94,1,0
BRDA:340,95,0,0
BRDA:340,95,1,0
BRDA:342,96,0,0
BRDA:342,96,1,0
BRDA:347,97,0,0
BRDA:347,97,1,0
BRDA:347,98,0,0
BRDA:347,98,1,0
BRDA:356,100,0,0
BRDA:356,100,1,0
BRDA:367,102,0,0
BRDA:367,102,1,0
BRDA:378,104,0,0
BRDA:378,104,1,0
BRDA:390,106,0,0
BRDA:390,106,1,0
BRDA:395,107,0,0
BRDA:395,107,1,0
BRDA:401,108,0,0
BRDA:401,108,1,0
BRDA:413,109,0,0
BRDA:413,109,1,0
BRDA:416,110,0,0
BRDA:416,110,1,0
BRDA:419,111,0,0
BRDA:419,111,1,0
BRDA:427,113,0,0
BRDA:427,113,1,0
BRDA:438,115,0,0
BRDA:438,115,1,0
BRDA:449,117,0,0
BRDA:449,117,1,0
BRDA:463,119,0,0
BRDA:463,119,1,0
BRDA:463,119,2,0
BRDA:463,119,3,0
BRDA:464,120,0,0
BRDA:464,120,1,0
BRDA:466,121,0,0
BRDA:466,121,1,0
BRDA:467,122,0,0
BRDA:467,122,1,0
BRDA:468,123,0,0
BRDA:468,123,1,0
BRDA:469,124,0,0
BRDA:469,124,1,0
BRDA:480,126,0,0
BRDA:480,126,1,0
BRDA:480,127,0,0
BRDA:480,127,1,0
BRF:186
BRH:0
end_of_record
TN:
SF:/Users/weymouth/working/MaterialsCommons/workspace/src/github.com/materials-commons/materialscommons.org/backend/servers/mcapi/resources/projects/experiments/notes.js
FN:9,updateExperimentNote
FN:28,validateUpdateNoteArgs
FN:42,createExperimentNote
FN:61,validateCreateNoteArgs
FN:74,deleteExperimentNote
FN:85,createResource
FNF:6
FNH:0
FNDA:0,updateExperimentNote
FNDA:0,validateUpdateNoteArgs
FNDA:0,createExperimentNote
FNDA:0,validateCreateNoteArgs
FNDA:0,deleteExperimentNote
FNDA:0,createResource
DA:1,1
DA:2,1
DA:3,1
DA:4,1
DA:5,1
DA:6,1
DA:7,1
DA:9,1
DA:10,0
DA:11,0
DA:12,0
DA:13,0
DA:14,0
DA:15,0
DA:17,0
DA:18,0
DA:19,0
DA:20,0
DA:22,0
DA:25,0
DA:28,1
DA:29,0
DA:30,0
DA:31,0
DA:32,0
DA:35,0
DA:36,0
DA:39,0
DA:42,1
DA:43,0
DA:44,0
DA:45,0
DA:46,0
DA:47,0
DA:48,0
DA:50,0
DA:51,0
DA:52,0
DA:53,0
DA:55,0
DA:58,0
DA:61,1
DA:62,0
DA:63,0
DA:64,0
DA:67,0
DA:68,0
DA:71,0
DA:74,1
DA:75,0
DA:76,0
DA:77,0
DA:78,0
DA:80,0
DA:82,0
DA:85,1
DA:86,0
DA:88,0
DA:90,0
DA:92,0
DA:93,0
DA:95,0
DA:98,1
LF:63
LH:14
BRDA:13,4,0,0
BRDA:13,4,1,0
BRDA:18,5,0,0
BRDA:18,5,1,0
BRDA:31,7,0,0
BRDA:31,7,1,0
BRDA:35,8,0,0
BRDA:35,8,1,0
BRDA:35,9,0,0
BRDA:35,9,1,0
BRDA:46,11,0,0
BRDA:46,11,1,0
BRDA:51,12,0,0
BRDA:51,12,1,0
BRDA:63,14,0,0
BRDA:63,14,1,0
BRDA:67,15,0,0
BRDA:67,15,1,0
BRDA:76,17,0,0
BRDA:76,17,1,0
BRF:20
BRH:0
end_of_record
TN:
SF:/Users/weymouth/working/MaterialsCommons/workspace/src/github.com/materials-commons/materialscommons.org/backend/servers/mcapi/resources/projects/experiments/samples.js
FN:10,addSamplesToExperiment
FN:28,validateAddSamples
FN:41,validAddSampleArgs
FN:55,updateExperimentSamples
FN:73,validateUpdateSamples
FN:90,(anonymous_11)
FN:95,deleteSamplesFromExperiment
FN:114,validateDeleteSamples
FN:132,validateSamples
FN:146,addSamplesMeasurements
FN:165,validateAddSamplesMeasurements
FN:217,updateSamplesMeasurements
FN:235,validateUpdateSamplesMeasurements
FN:239,getSamplesForExperiment
FN:250,createResource
FNF:15
FNH:0
FNDA:0,addSamplesToExperiment
FNDA:0,validateAddSamples
FNDA:0,validAddSampleArgs
FNDA:0,updateExperimentSamples
FNDA:0,validateUpdateSamples
FNDA:0,(anonymous_11)
FNDA:0,deleteSamplesFromExperiment
FNDA:0,validateDeleteSamples
FNDA:0,validateSamples
FNDA:0,addSamplesMeasurements
FNDA:0,validateAddSamplesMeasurements
FNDA:0,updateSamplesMeasurements
FNDA:0,validateUpdateSamplesMeasurements
FNDA:0,getSamplesForExperiment
FNDA:0,createResource
DA:1,1
DA:2,1
DA:3,1
DA:4,1
DA:5,1
DA:6,1
DA:7,1
DA:8,1
DA:10,1
DA:11,0
DA:12,0
DA:13,0
DA:14,0
DA:15,0
DA:17,0
DA:18,0
DA:19,0
DA:20,0
DA:22,0
DA:25,0
DA:28,1
DA:29,0
DA:30,0
DA:33,0
DA:34,0
DA:35,0
DA:38,0
DA:41,1
DA:42,0
DA:43,0
DA:46,0
DA:47,0
DA:48,0
DA:52,0
DA:55,1
DA:56,0
DA:57,0
DA:58,0
DA:59,0
DA:60,0
DA:62,0
DA:63,0
DA:64,0
DA:65,0
DA:67,0
DA:70,0
DA:73,1
DA:74,0
DA:75,0
DA:78,0
DA:79,0
DA:83,0
DA:85,0
DA:86,0
DA:90,0
DA:92,0
DA:95,1
DA:96,0
DA:97,0
DA:98,0
DA:99,0
DA:100,0
DA:102,0
DA:104,0
DA:105,0
DA:106,0
DA:108,0
DA:111,0
DA:114,1
DA:115,0
DA:116,0
DA:119,0
DA:120,0
DA:123,0
DA:124,0
DA:125,0
DA:129,0
DA:132,1
DA:133,0
DA:134,0
DA:135,0
DA:138,0
DA:139,0
DA:140,0
DA:143,0
DA:146,1
DA:147,0
DA:148,0
DA:149,0
DA:150,0
DA:151,0
DA:152,0
DA:154,0
DA:155,0
DA:156,0
DA:157,0
DA:159,0
DA:162,0
DA:165,1
DA:166,0
DA:167,0
DA:168,0
DA:171,0
DA:173,0
DA:174,0
DA:179,0
DA:181,0
DA:182,0
DA:183,0
DA:184,0
DA:187,0
DA:188,0
DA:191,0
DA:197,0
DA:198,0
DA:199,0
DA:200,0
DA:201,0
DA:208,0
DA:209,0
DA:210,0
DA:214,0
DA:217,1
DA:218,0
DA:219,0
DA:220,0
DA:221,0
DA:222,0
DA:224,0
DA:225,0
DA:226,0
DA:227,0
DA:229,0
DA:232,0
DA:235,1
DA:236,0
DA:239,1
DA:240,0
DA:241,0
DA:242,0
DA:243,0
DA:245,0
DA:247,0
DA:250,1
DA:251,0
DA:253,0
DA:254,0
DA:255,0
DA:256,0
DA:257,0
DA:258,0
DA:260,0
DA:263,1
LF:153
LH:23
BRDA:13,4,0,0
BRDA:13,4,1,0
BRDA:18,5,0,0
BRDA:18,5,1,0
BRDA:29,7,0,0
BRDA:29,7,1,0
BRDA:34,8,0,0
BRDA:34,8,1,0
BRDA:42,9,0,0
BRDA:42,9,1,0
BRDA:42,10,0,0
BRDA:42,10,1,0
BRDA:47,11,0,0
BRDA:47,11,1,0
BRDA:58,13,0,0
BRDA:58,13,1,0
BRDA:63,14,0,0
BRDA:63,14,1,0
BRDA:74,16,0,0
BRDA:74,16,1,0
BRDA:74,17,0,0
BRDA:74,17,1,0
BRDA:74,17,2,0
BRDA:78,18,0,0
BRDA:78,18,1,0
BRDA:78,19,0,0
BRDA:78,19,1,0
BRDA:83,20,0,0
BRDA:83,20,1,0
BRDA:85,21,0,0
BRDA:85,21,1,0
BRDA:85,22,0,0
BRDA:85,22,1,0
BRDA:98,24,0,0
BRDA:98,24,1,0
BRDA:104,25,0,0
BRDA:104,25,1,0
BRDA:115,27,0,0
BRDA:115,27,1,0
BRDA:115,28,0,0
BRDA:115,28,1,0
BRDA:115,28,2,0
BRDA:119,29,0,0
BRDA:119,29,1,0
BRDA:119,30,0,0
BRDA:119,30,1,0
BRDA:124,32,0,0
BRDA:124,32,1,0
BRDA:134,34,0,0
BRDA:134,34,1,0
BRDA:139,35,0,0
BRDA:139,35,1,0
BRDA:150,37,0,0
BRDA:150,37,1,0
BRDA:155,38,0,0
BRDA:155,38,1,0
BRDA:167,40,0,0
BRDA:167,40,1,0
BRDA:173,41,0,0
BRDA:173,41,1,0
BRDA:179,42,0,0
BRDA:179,42,1,0
BRDA:183,43,0,0
BRDA:183,43,1,0
BRDA:191,44,0,0
BRDA:191,44,1,0
BRDA:200,45,0,0
BRDA:200,45,1,0
BRDA:209,46,0,0
BRDA:209,46,1,0
BRDA:220,48,0,0
BRDA:220,48,1,0
BRDA:225,49,0,0
BRDA:225,49,1,0
BRDA:241,52,0,0
BRDA:241,52,1,0
BRF:76
BRH:0
end_of_record
TN:
SF:/Users/weymouth/working/MaterialsCommons/workspace/src/github.com/materials-commons/materialscommons.org/backend/servers/mcapi/resources/projects/experiments/tasks.js
FN:11,getExperimentTask
FN:22,createExperimentTask
FN:41,validateCreateTaskArgs
FN:54,updateExperimentTask
FN:72,validateUpdateTaskArgs
FN:104,deleteExperimentTask
FN:122,validateDeleteTask
FN:131,addExperimentTaskTemplate
FN:144,updateExperimentTaskTemplate
FN:164,validateUpdateExperimentTaskTemplateArgs
FN:225,createResource
FNF:11
FNH:0
FNDA:0,getExperimentTask
FNDA:0,createExperimentTask
FNDA:0,validateCreateTaskArgs
FNDA:0,updateExperimentTask
FNDA:0,validateUpdateTaskArgs
FNDA:0,deleteExperimentTask
FNDA:0,validateDeleteTask
FNDA:0,addExperimentTaskTemplate
FNDA:0,updateExperimentTaskTemplate
FNDA:0,validateUpdateExperimentTaskTemplateArgs
FNDA:0,createResource
DA:1,1
DA:2,1
DA:3,1
DA:4,1
DA:5,1
DA:6,1
DA:7,1
DA:8,1
DA:9,1
DA:11,1
DA:12,0
DA:13,0
DA:14,0
DA:15,0
DA:17,0
DA:19,0
DA:22,1
DA:23,0
DA:24,0
DA:25,0
DA:26,0
DA:27,0
DA:28,0
DA:30,0
DA:31,0
DA:32,0
DA:33,0
DA:35,0
DA:38,0
DA:41,1
DA:42,0
DA:43,0
DA:44,0
DA:47,0
DA:48,0
DA:51,0
DA:54,1
DA:55,0
DA:56,0
DA:57,0
DA:58,0
DA:59,0
DA:61,0
DA:62,0
DA:63,0
DA:64,0
DA:66,0
DA:69,0
DA:72,1
DA:73,0
DA:74,0
DA:75,0
DA:76,0
DA:79,0
DA:80,0
DA:81,0
DA:82,0
DA:86,0
DA:87,0
DA:88,0
DA:91,0
DA:92,0
DA:95,0
DA:96,0
DA:97,0
DA:101,0
DA:104,1
DA:105,0
DA:106,0
DA:107,0
DA:108,0
DA:110,0
DA:111,0
DA:112,0
DA:113,0
DA:115,0
DA:119,0
DA:122,1
DA:123,0
DA:124,0
DA:125,0
DA:128,0
DA:131,1
DA:132,0
DA:134,0
DA:135,0
DA:136,0
DA:138,0
DA:141,0
DA:144,1
DA:145,0
DA:146,0
DA:147,0
DA:148,0
DA:149,0
DA:151,0
DA:153,0
DA:154,0
DA:155,0
DA:157,0
DA:161,0
DA:164,1
DA:165,0
DA:166,0
DA:169,0
DA:170,0
DA:171,0
DA:174,0
DA:176,0
DA:177,0
DA:179,0
DA:180,0
DA:181,0
DA:186,0
DA:187,0
DA:190,0
DA:191,0
DA:194,0
DA:195,0
DA:197,0
DA:198,0
DA:199,0
DA:204,0
DA:205,0
DA:208,0
DA:209,0
DA:212,0
DA:213,0
DA:215,0
DA:216,0
DA:217,0
DA:222,0
DA:225,1
DA:226,0
DA:228,0
DA:230,0
DA:232,0
DA:234,0
DA:235,0
DA:236,0
DA:237,0
DA:239,0
DA:242,1
LF:143
LH:21
BRDA:13,4,0,0
BRDA:13,4,1,0
BRDA:26,6,0,0
BRDA:26,6,1,0
BRDA:31,7,0,0
BRDA:31,7,1,0
BRDA:43,9,0,0
BRDA:43,9,1,0
BRDA:47,10,0,0
BRDA:47,10,1,0
BRDA:57,12,0,0
BRDA:57,12,1,0
BRDA:62,13,0,0
BRDA:62,13,1,0
BRDA:75,15,0,0
BRDA:75,15,1,0
BRDA:79,16,0,0
BRDA:79,16,1,0
BRDA:81,17,0,0
BRDA:81,17,1,0
BRDA:86,18,0,0
BRDA:86,18,1,0
BRDA:87,19,0,0
BRDA:87,19,1,0
BRDA:91,20,0,0
BRDA:91,20,1,0
BRDA:96,21,0,0
BRDA:96,21,1,0
BRDA:106,23,0,0
BRDA:106,23,1,0
BRDA:111,24,0,0
BRDA:111,24,1,0
BRDA:124,26,0,0
BRDA:124,26,1,0
BRDA:134,28,0,0
BRDA:134,28,1,0
BRDA:147,30,0,0
BRDA:147,30,1,0
BRDA:153,31,0,0
BRDA:153,31,1,0
BRDA:165,33,0,0
BRDA:165,33,1,0
BRDA:165,34,0,0
BRDA:165,34,1,0
BRDA:170,35,0,0
BRDA:170,35,1,0
BRDA:176,36,0,0
BRDA:176,36,1,0
BRDA:177,37,0,0
BRDA:177,37,1,0
BRDA:180,38,0,0
BRDA:180,38,1,0
BRDA:186,39,0,0
BRDA:186,39,1,0
BRDA:186,40,0,0
BRDA:186,40,1,0
BRDA:190,41,0,0
BRDA:190,41,1,0
BRDA:190,42,0,0
BRDA:190,42,1,0
BRDA:194,43,0,0
BRDA:194,43,1,0
BRDA:195,44,0,0
BRDA:195,44,1,0
BRDA:198,45,0,0
BRDA:198,45,1,0
BRDA:204,46,0,0
BRDA:204,46,1,0
BRDA:204,47,0,0
BRDA:204,47,1,0
BRDA:208,48,0,0
BRDA:208,48,1,0
BRDA:208,49,0,0
BRDA:208,49,1,0
BRDA:212,50,0,0
BRDA:212,50,1,0
BRDA:213,51,0,0
BRDA:213,51,1,0
BRDA:216,52,0,0
BRDA:216,52,1,0
BRF:80
BRH:0
end_of_record
TN:
SF:/Users/weymouth/working/MaterialsCommons/workspace/src/github.com/materials-commons/materialscommons.org/backend/servers/mcapi/db/model/user_profiles.js
FN:3,getProfileForUser
FN:15,storeInUserProfile
FN:26,getFromUserProfile
FN:33,clearFromUserProfile
FNF:4
FNH:4
FNDA:6,getProfileForUser
FNDA:2,storeInUserProfile
FNDA:2,getFromUserProfile
FNDA:2,clearFromUserProfile
DA:1,1
DA:3,6
DA:4,6
DA:5,6
DA:6,0
DA:9,0
DA:10,0
DA:12,6
DA:15,2
DA:16,2
DA:17,2
DA:20,2
DA:21,2
DA:22,2
DA:23,0
DA:26,2
DA:27,2
DA:28,2
DA:29,2
DA:30,1
DA:33,2
DA:34,2
DA:35,2
DA:38,2
DA:39,2
DA:40,2
DA:41,1
DA:44,1
LF:28
LH:24
BRDA:5,4,0,6
BRDA:5,4,1,0
BRDA:10,5,0,0
BRDA:10,5,1,0
BRDA:17,7,0,2
BRDA:17,7,1,0
BRDA:22,8,0,0
BRDA:22,8,1,2
BRDA:22,9,0,2
BRDA:22,9,1,1
BRDA:28,11,0,2
BRDA:28,11,1,0
BRDA:29,12,0,1
BRDA:29,12,1,1
BRDA:35,14,0,2
BRDA:35,14,1,0
BRDA:40,15,0,1
BRDA:40,15,1,1
BRF:18
BRH:11
end_of_record
TN:
SF:/Users/weymouth/working/MaterialsCommons/workspace/src/github.com/materials-commons/materialscommons.org/backend/servers/mcapi/resources/users.js
FN:16,updateProjectFavorites
FN:23,updateUserSettings
FN:62,validateUserSettingsArgs
FN:104,getUser
FN:122,getAllUsers
FN:128,becomeUser
FN:147,getValueFromProfile
FN:166,updateValueInProfile
FN:188,deleteValueInPreofile
FN:207,createAccount
FN:232,resetPasswordGenerateLink
FN:261,getUserRegistrationFromUuid
FN:273,getUserForPasswordResetFromUuid
FN:285,setUserResetPasswordFlag
FN:297,clearUserResetPasswordFlag
FN:309,validateCreateAccount
FN:313,createDemoProject
FN:340,createDemoProjectRequest
FN:365,emailResetLinkToUser
FN:407,(anonymous_39)
FN:417,emailValidationLinkToUser
FN:459,(anonymous_41)
FN:469,mailTransportConfig
FN:477,createResource
FNF:24
FNH:1
FNDA:0,updateProjectFavorites
FNDA:0,updateUserSettings
FNDA:0,validateUserSettingsArgs
FNDA:0,getUser
FNDA:0,getAllUsers
FNDA:0,becomeUser
FNDA:0,getValueFromProfile
FNDA:0,updateValueInProfile
FNDA:0,deleteValueInPreofile
FNDA:0,createAccount
FNDA:0,resetPasswordGenerateLink
FNDA:0,getUserRegistrationFromUuid
FNDA:0,getUserForPasswordResetFromUuid
FNDA:0,setUserResetPasswordFlag
FNDA:0,clearUserResetPasswordFlag
FNDA:0,validateCreateAccount
FNDA:0,createDemoProject
FNDA:0,createDemoProjectRequest
FNDA:0,emailResetLinkToUser
FNDA:0,(anonymous_39)
FNDA:0,emailValidationLinkToUser
FNDA:0,(anonymous_41)
FNDA:1,mailTransportConfig
FNDA:0,createResource
DA:1,1
DA:2,1
DA:3,1
DA:4,1
DA:5,1
DA:6,1
DA:7,1
DA:8,1
DA:9,1
DA:10,1
DA:11,1
DA:12,1
DA:13,1
DA:14,1
DA:16,1
DA:17,0
DA:18,0
DA:19,0
DA:20,0
DA:23,1
DA:24,0
DA:25,0
DA:26,0
DA:27,0
DA:28,0
DA:31,0
DA:32,0
DA:35,0
DA:36,0
DA:39,0
DA:40,0
DA:43,0
DA:44,0
DA:47,0
DA:48,0
DA:51,0
DA:52,0
DA:53,0
DA:54,0
DA:56,0
DA:59,0
DA:62,1
DA:63,0
DA:64,0
DA:65,0
DA:68,0
DA:69,0
DA:70,0
DA:74,0
DA:75,0
DA:76,0
DA:79,0
DA:80,0
DA:83,0
DA:84,0
DA:85,0
DA:89,0
DA:90,0
DA:91,0
DA:95,0
DA:96,0
DA:97,0
DA:101,0
DA:104,1
DA:106,0
DA:107,0
DA:108,0
DA:109,0
DA:110,0
DA:111,0
DA:113,0
DA:114,0
DA:115,0
DA:116,0
DA:119,0
DA:122,1
DA:123,0
DA:124,0
DA:125,0
DA:128,1
DA:129,0
DA:130,0
DA:131,0
DA:133,0
DA:134,0
DA:135,0
DA:136,0
DA:137,0
DA:139,0
DA:140,0
DA:144,0
DA:147,1
DA:151,0
DA:152,0
DA:155,0
DA:157,0
DA:158,0
DA:159,0
DA:163,0
DA:166,1
DA:170,0
DA:171,0
DA:174,0
DA:176,0
DA:178,0
DA:179,0
DA:180,0
DA:184,0
DA:188,1
DA:192,0
DA:193,0
DA:196,0
DA:198,0
DA:199,0
DA:200,0
DA:204,0
DA:207,1
DA:208,0
DA:209,0
DA:210,0
DA:211,0
DA:212,0
DA:213,0
DA:215,0
DA:216,0
DA:217,0
DA:218,0
DA:219,0
DA:221,0
DA:222,0
DA:223,0
DA:225,0
DA:229,0
DA:232,1
DA:233,0
DA:234,0
DA:235,0
DA:236,0
DA:238,0
DA:242,0
DA:243,0
DA:244,0
DA:245,0
DA:247,0
DA:248,0
DA:250,0
DA:251,0
DA:252,0
DA:254,0
DA:258,0
DA:261,1
DA:262,0
DA:263,0
DA:264,0
DA:265,0
DA:267,0
DA:268,0
DA:270,0
DA:273,1
DA:274,0
DA:275,0
DA:276,0
DA:277,0
DA:279,0
DA:280,0
DA:282,0
DA:285,1
DA:286,0
DA:287,0
DA:288,0
DA:289,0
DA:291,0
DA:292,0
DA:294,0
DA:297,1
DA:298,0
DA:299,0
DA:300,0
DA:301,0
DA:303,0
DA:304,0
DA:306,0
DA:309,1
DA:310,0
DA:313,1
DA:314,0
DA:317,0
DA:318,0
DA:319,0
DA:320,0
DA:322,0
DA:323,0
DA:324,0
DA:326,0
DA:327,0
DA:328,0
DA:329,0
DA:331,0
DA:332,0
DA:333,0
DA:337,0
DA:340,1
DA:345,0
DA:347,0
DA:348,0
DA:349,0
DA:353,0
DA:354,0
DA:357,0
DA:359,0
DA:360,0
DA:362,0
DA:365,1
DA:366,0
DA:378,0
DA:379,0
DA:382,0
DA:398,0
DA:407,0
DA:408,0
DA:409,0
DA:411,0
DA:414,0
DA:417,1
DA:418,0
DA:419,0
DA:420,0
DA:421,0
DA:429,0
DA:430,0
DA:431,0
DA:434,0
DA:450,0
DA:459,0
DA:460,0
DA:461,0
DA:463,0
DA:466,0
DA:469,1
DA:470,1
DA:471,0
DA:473,1
DA:477,1
DA:478,0
DA:479,0
DA:480,0
DA:481,0
DA:482,0
DA:483,0
DA:484,0
DA:485,0
DA:486,0
DA:487,0
DA:488,0
DA:489,0
DA:490,0
DA:491,0
DA:494,1
LF:258
LH:39
BRDA:26,5,0,0
BRDA:26,5,1,0
BRDA:31,6,0,0
BRDA:31,6,1,0
BRDA:35,7,0,0
BRDA:35,7,1,0
BRDA:39,8,0,0
BRDA:39,8,1,0
BRDA:43,9,0,0
BRDA:43,9,1,0
BRDA:47,10,0,0
BRDA:47,10,1,0
BRDA:52,11,0,0
BRDA:52,11,1,0
BRDA:63,13,0,0
BRDA:63,13,1,0
BRDA:64,14,0,0
BRDA:64,14,1,0
BRDA:69,15,0,0
BRDA:69,15,1,0
BRDA:74,16,0,0
BRDA:74,16,1,0
BRDA:75,17,0,0
BRDA:75,17,1,0
BRDA:79,18,0,0
BRDA:79,18,1,0
BRDA:84,19,0,0
BRDA:84,19,1,0
BRDA:89,20,0,0
BRDA:89,20,1,0
BRDA:90,21,0,0
BRDA:90,21,1,0
BRDA:95,22,0,0
BRDA:95,22,1,0
BRDA:96,23,0,0
BRDA:96,23,1,0
BRDA:106,25,0,0
BRDA:106,25,1,0
BRDA:109,26,0,0
BRDA:109,26,1,0
BRDA:129,29,0,0
BRDA:129,29,1,0
BRDA:135,30,0,0
BRDA:135,30,1,0
BRDA:151,32,0,0
BRDA:151,32,1,0
BRDA:158,33,0,0
BRDA:158,33,1,0
BRDA:170,35,0,0
BRDA:170,35,1,0
BRDA:179,36,0,0
BRDA:179,36,1,0
BRDA:192,38,0,0
BRDA:192,38,1,0
BRDA:199,39,0,0
BRDA:199,39,1,0
BRDA:211,41,0,0
BRDA:211,41,1,0
BRDA:216,42,0,0
BRDA:216,42,1,0
BRDA:221,43,0,0
BRDA:221,43,1,0
BRDA:235,45,0,0
BRDA:235,45,1,0
BRDA:243,46,0,0
BRDA:243,46,1,0
BRDA:250,47,0,0
BRDA:250,47,1,0
BRDA:263,49,0,0
BRDA:263,49,1,0
BRDA:275,51,0,0
BRDA:275,51,1,0
BRDA:287,53,0,0
BRDA:287,53,1,0
BRDA:299,55,0,0
BRDA:299,55,1,0
BRDA:318,58,0,0
BRDA:318,58,1,0
BRDA:318,59,0,0
BRDA:318,59,1,0
BRDA:322,60,0,0
BRDA:322,60,1,0
BRDA:327,61,0,0
BRDA:327,61,1,0
BRDA:345,63,0,0
BRDA:345,63,1,0
BRDA:345,64,0,0
BRDA:345,64,1,0
BRDA:353,65,0,0
BRDA:353,65,1,0
BRDA:359,66,0,0
BRDA:359,66,1,0
BRDA:368,67,0,0
BRDA:368,67,1,0
BRDA:378,68,0,0
BRDA:378,68,1,0
BRDA:408,69,0,0
BRDA:408,69,1,0
BRDA:420,70,0,0
BRDA:420,70,1,0
BRDA:430,71,0,0
BRDA:430,71,1,0
BRDA:460,72,0,0
BRDA:460,72,1,0
BRDA:470,73,0,0
BRDA:470,73,1,1
BRF:106
BRH:1
end_of_record
